In file included from ../ext/bson.h:17,
                 from ../ext/bson.cc:35:
../../../../nan/nan.h:206:9: error: ‘v8::Handle’ has not been declared
   , v8::Handle<v8::String> opt, bool def
         ^~~~~~
../../../../nan/nan.h:206:15: error: expected ‘,’ or ‘...’ before ‘<’ token
   , v8::Handle<v8::String> opt, bool def
               ^
../../../../nan/nan.h: In function ‘bool NanBooleanOptionValue(v8::Local<v8::Object>, int)’:
../../../../nan/nan.h:208:7: error: ‘def’ was not declared in this scope
   if (def) {
       ^~~
../../../../nan/nan.h:210:27: error: ‘opt’ was not declared in this scope
       || !optionsObj->Has(opt)
                           ^~~
../../../../nan/nan.h:210:27: note: suggested alternative: ‘open’
       || !optionsObj->Has(opt)
                           ^~~
                           open
../../../../nan/nan.h:214:26: error: ‘opt’ was not declared in this scope
       && optionsObj->Has(opt)
                          ^~~
../../../../nan/nan.h:214:26: note: suggested alternative: ‘open’
       && optionsObj->Has(opt)
                          ^~~
                          open
../../../../nan/nan.h: At global scope:
../../../../nan/nan.h:221:9: error: ‘v8::Handle’ has not been declared
   , v8::Handle<v8::String> opt
         ^~~~~~
../../../../nan/nan.h:221:15: error: expected ‘,’ or ‘...’ before ‘<’ token
   , v8::Handle<v8::String> opt
               ^
../../../../nan/nan.h:219:17: error: redefinition of ‘bool NanBooleanOptionValue(v8::Local<v8::Object>, int)’
 NAN_INLINE bool NanBooleanOptionValue(
                 ^~~~~~~~~~~~~~~~~~~~~
../../../../nan/nan.h:204:17: note: ‘bool NanBooleanOptionValue(v8::Local<v8::Object>, int)’ previously defined here
 NAN_INLINE bool NanBooleanOptionValue(
                 ^~~~~~~~~~~~~~~~~~~~~
../../../../nan/nan.h: In function ‘bool NanBooleanOptionValue(v8::Local<v8::Object>, int)’:
../../../../nan/nan.h:223:44: error: ‘opt’ was not declared in this scope
   return NanBooleanOptionValue(optionsObj, opt, false);
                                            ^~~
../../../../nan/nan.h:223:44: note: suggested alternative: ‘open’
   return NanBooleanOptionValue(optionsObj, opt, false);
                                            ^~~
                                            open
../../../../nan/nan.h: At global scope:
../../../../nan/nan.h:228:9: error: ‘v8::Handle’ has not been declared
   , v8::Handle<v8::String> opt
         ^~~~~~
../../../../nan/nan.h:228:15: error: expected ‘,’ or ‘...’ before ‘<’ token
   , v8::Handle<v8::String> opt
               ^
../../../../nan/nan.h: In function ‘uint32_t NanUInt32OptionValue(v8::Local<v8::Object>, int)’:
../../../../nan/nan.h:232:24: error: ‘opt’ was not declared in this scope
     && optionsObj->Has(opt)
                        ^~~
../../../../nan/nan.h:232:24: note: suggested alternative: ‘open’
     && optionsObj->Has(opt)
                        ^~~
                        open
../../../../nan/nan.h:235:9: error: ‘def’ was not declared in this scope
       : def;
         ^~~
../../../../nan/nan.h: At global scope:
../../../../nan/nan.h:334:11: warning: inline variables are only available with -std=c++17 or -std=gnu++17
       v8::Handle<v8::FunctionTemplate> receiver
           ^~~~~~
../../../../nan/nan.h:334:11: warning: ‘always_inline’ attribute ignored [-Wattributes]
../../../../nan/nan.h:334:11: error: ‘template<class T> v8::Local<v8::Signature> NanNew’ conflicts with a previous declaration
../../../../nan/nan.h:328:27: note: previous declaration ‘NanNew’
   NAN_INLINE v8::Local<T> NanNew(P arg1) {
                           ^~~~~~
../../../../nan/nan.h:334:11: error: ‘Handle’ is not a member of ‘v8’
       v8::Handle<v8::FunctionTemplate> receiver
           ^~~~~~
../../../../nan/nan.h:334:38: error: expected primary-expression before ‘>’ token
       v8::Handle<v8::FunctionTemplate> receiver
                                      ^
../../../../nan/nan.h:334:40: error: ‘receiver’ was not declared in this scope
       v8::Handle<v8::FunctionTemplate> receiver
                                        ^~~~~~~~
../../../../nan/nan.h:334:40: note: suggested alternative: ‘recv’
       v8::Handle<v8::FunctionTemplate> receiver
                                        ^~~~~~~~
                                        recv
../../../../nan/nan.h:335:7: error: expected primary-expression before ‘int’
     , int argc
       ^~~
../../../../nan/nan.h:336:11: error: ‘Handle’ is not a member of ‘v8’
     , v8::Handle<v8::FunctionTemplate> argv[] = 0) {
           ^~~~~~
../../../../nan/nan.h:336:38: error: expected primary-expression before ‘>’ token
     , v8::Handle<v8::FunctionTemplate> argv[] = 0) {
                                      ^
../../../../nan/nan.h:336:40: error: ‘argv’ was not declared in this scope
     , v8::Handle<v8::FunctionTemplate> argv[] = 0) {
                                        ^~~~
../../../../nan/nan.h:336:45: error: expected primary-expression before ‘]’ token
     , v8::Handle<v8::FunctionTemplate> argv[] = 0) {
                                             ^
../../../../nan/nan.h:336:51: error: expected ‘;’ before ‘{’ token
     , v8::Handle<v8::FunctionTemplate> argv[] = 0) {
                                                   ^~
                                                   ;
../../../../nan/nan.h:343:11: error: ‘v8::Handle’ has not been declared
     , v8::Handle<v8::Value> data = v8::Handle<v8::Value>()
           ^~~~~~
../../../../nan/nan.h:343:17: error: expected ‘,’ or ‘...’ before ‘<’ token
     , v8::Handle<v8::Value> data = v8::Handle<v8::Value>()
                 ^
../../../../nan/nan.h: In function ‘v8::Local<v8::FunctionTemplate> NanNew(NanFunctionCallback, int)’:
../../../../nan/nan.h:345:42: error: ‘data’ was not declared in this scope
     return T::New(nan_isolate, callback, data, signature);
                                          ^~~~
../../../../nan/nan.h:345:42: note: suggested alternative: ‘atan’
     return T::New(nan_isolate, callback, data, signature);
                                          ^~~~
                                          atan
../../../../nan/nan.h:345:48: error: ‘signature’ was not declared in this scope
     return T::New(nan_isolate, callback, data, signature);
                                                ^~~~~~~~~
../../../../nan/nan.h:345:48: note: suggested alternative: ‘sigreturn’
     return T::New(nan_isolate, callback, data, signature);
                                                ^~~~~~~~~
                                                sigreturn
../../../../nan/nan.h: At global scope:
../../../../nan/nan.h:349:38: warning: inline variables are only available with -std=c++17 or -std=gnu++17
   NAN_INLINE v8::Local<T> NanNew(v8::Handle<T> arg1) {
                                      ^~~~~~
../../../../nan/nan.h:349:38: warning: ‘always_inline’ attribute ignored [-Wattributes]
../../../../nan/nan.h:349:38: error: ‘template<class T> v8::Local<T> NanNew’ conflicts with a previous declaration
../../../../nan/nan.h:341:46: note: previous declaration ‘NanNew’
   NAN_INLINE v8::Local<v8::FunctionTemplate> NanNew(
                                              ^~~~~~
../../../../nan/nan.h:349:38: error: ‘Handle’ is not a member of ‘v8’
   NAN_INLINE v8::Local<T> NanNew(v8::Handle<T> arg1) {
                                      ^~~~~~
../../../../nan/nan.h:349:46: error: expected primary-expression before ‘>’ token
   NAN_INLINE v8::Local<T> NanNew(v8::Handle<T> arg1) {
                                              ^
../../../../nan/nan.h:349:48: error: ‘arg1’ was not declared in this scope
   NAN_INLINE v8::Local<T> NanNew(v8::Handle<T> arg1) {
                                                ^~~~
../../../../nan/nan.h:349:53: error: expected ‘;’ before ‘{’ token
   NAN_INLINE v8::Local<T> NanNew(v8::Handle<T> arg1) {
                                                     ^~
                                                     ;
../../../../nan/nan.h: In function ‘v8::Local<T> NanNew(P) [with T = v8::Date; P = double]’:
../../../../nan/nan.h:375:43: error: no matching function for call to ‘v8::Date::New(v8::Isolate*&, double&)’
     return v8::Date::New(nan_isolate, time).As<v8::Date>();
                                           ^
In file included from ../ext/bson.cc:14:
/root/.cache/node-gyp/12.13.1/include/node/v8.h:5327:50: note: candidate: ‘static v8::MaybeLocal<v8::Value> v8::Date::New(v8::Local<v8::Context>, double)’
   static V8_WARN_UNUSED_RESULT MaybeLocal<Value> New(Local<Context> context,
                                                  ^~~
/root/.cache/node-gyp/12.13.1/include/node/v8.h:5327:50: note:   no known conversion for argument 1 from ‘v8::Isolate*’ to ‘v8::Local<v8::Context>’
In file included from ../ext/bson.h:17,
                 from ../ext/bson.cc:35:
../../../../nan/nan.h:375:56: error: expected primary-expression before ‘>’ token
     return v8::Date::New(nan_isolate, time).As<v8::Date>();
                                                        ^
../../../../nan/nan.h:375:58: error: expected primary-expression before ‘)’ token
     return v8::Date::New(nan_isolate, time).As<v8::Date>();
                                                          ^
../../../../nan/nan.h: In function ‘v8::Local<T> NanNew(P) [with T = v8::Date; P = int]’:
../../../../nan/nan.h:380:43: error: no matching function for call to ‘v8::Date::New(v8::Isolate*&, int&)’
     return v8::Date::New(nan_isolate, time).As<v8::Date>();
                                           ^
In file included from ../ext/bson.cc:14:
/root/.cache/node-gyp/12.13.1/include/node/v8.h:5327:50: note: candidate: ‘static v8::MaybeLocal<v8::Value> v8::Date::New(v8::Local<v8::Context>, double)’
   static V8_WARN_UNUSED_RESULT MaybeLocal<Value> New(Local<Context> context,
                                                  ^~~
/root/.cache/node-gyp/12.13.1/include/node/v8.h:5327:50: note:   no known conversion for argument 1 from ‘v8::Isolate*’ to ‘v8::Local<v8::Context>’
In file included from ../ext/bson.h:17,
                 from ../ext/bson.cc:35:
../../../../nan/nan.h:380:56: error: expected primary-expression before ‘>’ token
     return v8::Date::New(nan_isolate, time).As<v8::Date>();
                                                        ^
../../../../nan/nan.h:380:58: error: expected primary-expression before ‘)’ token
     return v8::Date::New(nan_isolate, time).As<v8::Date>();
                                                          ^
../../../../nan/nan.h: In function ‘v8::Local<T> NanNew(P, const v8::ScriptOrigin&)’:
../../../../nan/nan.h:392:32: error: ‘CompileUnbound’ is not a member of ‘v8::ScriptCompiler’
     return v8::ScriptCompiler::CompileUnbound(nan_isolate, &source);
                                ^~~~~~~~~~~~~~
../../../../nan/nan.h: In function ‘v8::Local<T> NanNew(P) [with T = v8::UnboundScript; P = v8::Local<v8::String>]’:
../../../../nan/nan.h:400:32: error: ‘CompileUnbound’ is not a member of ‘v8::ScriptCompiler’
     return v8::ScriptCompiler::CompileUnbound(nan_isolate, &source);
                                ^~~~~~~~~~~~~~
../../../../nan/nan.h: In function ‘v8::Local<v8::String> NanNew(v8::String::ExternalStringResource*)’:
../../../../nan/nan.h:405:24: warning: ‘static v8::Local<v8::String> v8::String::NewExternal(v8::Isolate*, v8::String::ExternalOneByteStringResource*)’ is deprecated: Use maybe version [-Wdeprecated-declarations]
     return v8::String::NewExternal(nan_isolate, resource);
                        ^~~~~~~~~~~
In file included from /root/.cache/node-gyp/12.13.1/include/node/v8-internal.h:14,
                 from /root/.cache/node-gyp/12.13.1/include/node/v8.h:25,
                 from ../ext/bson.cc:14:
/root/.cache/node-gyp/12.13.1/include/node/v8.h:3004:21: note: declared here
       Local<String> NewExternal(Isolate* isolate,
                     ^~~~~~~~~~~
/root/.cache/node-gyp/12.13.1/include/node/v8config.h:311:3: note: in definition of macro ‘V8_DEPRECATED’
   declarator __attribute__((deprecated(message)))
   ^~~~~~~~~~
In file included from ../ext/bson.h:17,
                 from ../ext/bson.cc:35:
../../../../nan/nan.h:405:57: error: no matching function for call to ‘v8::String::NewExternal(v8::Isolate*&, v8::String::ExternalStringResource*&)’
     return v8::String::NewExternal(nan_isolate, resource);
                                                         ^
In file included from /root/.cache/node-gyp/12.13.1/include/node/v8-internal.h:14,
                 from /root/.cache/node-gyp/12.13.1/include/node/v8.h:25,
                 from ../ext/bson.cc:14:
/root/.cache/node-gyp/12.13.1/include/node/v8.h:3004:21: note: candidate: ‘static v8::Local<v8::String> v8::String::NewExternal(v8::Isolate*, v8::String::ExternalOneByteStringResource*)’
       Local<String> NewExternal(Isolate* isolate,
                     ^~~~~~~~~~~
/root/.cache/node-gyp/12.13.1/include/node/v8config.h:311:3: note: in definition of macro ‘V8_DEPRECATED’
   declarator __attribute__((deprecated(message)))
   ^~~~~~~~~~
/root/.cache/node-gyp/12.13.1/include/node/v8.h:3004:21: note:   no known conversion for argument 2 from ‘v8::String::ExternalStringResource*’ to ‘v8::String::ExternalOneByteStringResource*’
       Local<String> NewExternal(Isolate* isolate,
                     ^~~~~~~~~~~
/root/.cache/node-gyp/12.13.1/include/node/v8config.h:311:3: note: in definition of macro ‘V8_DEPRECATED’
   declarator __attribute__((deprecated(message)))
   ^~~~~~~~~~
In file included from ../ext/bson.h:17,
                 from ../ext/bson.cc:35:
../../../../nan/nan.h: At global scope:
../../../../nan/nan.h:409:19: warning: inline variables are only available with -std=c++17 or -std=gnu++17
       v8::String::ExternalAsciiStringResource *resource) {
                   ^~~~~~~~~~~~~~~~~~~~~~~~~~~
../../../../nan/nan.h:409:19: warning: ‘always_inline’ attribute ignored [-Wattributes]
../../../../nan/nan.h:409:19: error: ‘v8::Local<v8::String> NanNew’ redeclared as different kind of symbol
../../../../nan/nan.h:403:36: note: previous declaration ‘v8::Local<v8::String> NanNew(v8::String::ExternalStringResource*)’
   NAN_INLINE v8::Local<v8::String> NanNew(
                                    ^~~~~~
../../../../nan/nan.h:409:19: error: ‘ExternalAsciiStringResource’ is not a member of ‘v8::String’
       v8::String::ExternalAsciiStringResource *resource) {
                   ^~~~~~~~~~~~~~~~~~~~~~~~~~~
../../../../nan/nan.h:409:48: error: ‘resource’ was not declared in this scope
       v8::String::ExternalAsciiStringResource *resource) {
                                                ^~~~~~~~
../../../../nan/nan.h:409:48: note: suggested alternative: ‘remove’
       v8::String::ExternalAsciiStringResource *resource) {
                                                ^~~~~~~~
                                                remove
../../../../nan/nan.h: In function ‘v8::Local<T> NanNew(P) [with T = v8::BooleanObject; P = bool]’:
../../../../nan/nan.h:415:40: error: no matching function for call to ‘v8::BooleanObject::New(bool&)’
     return v8::BooleanObject::New(value).As<v8::BooleanObject>();
                                        ^
In file included from ../ext/bson.cc:14:
/root/.cache/node-gyp/12.13.1/include/node/v8.h:5410:23: note: candidate: ‘static v8::Local<v8::Value> v8::BooleanObject::New(v8::Isolate*, bool)’
   static Local<Value> New(Isolate* isolate, bool value);
                       ^~~
/root/.cache/node-gyp/12.13.1/include/node/v8.h:5410:23: note:   candidate expects 2 arguments, 1 provided
In file included from ../ext/bson.h:17,
                 from ../ext/bson.cc:35:
../../../../nan/nan.h:415:62: error: expected primary-expression before ‘>’ token
     return v8::BooleanObject::New(value).As<v8::BooleanObject>();
                                                              ^
../../../../nan/nan.h:415:64: error: expected primary-expression before ‘)’ token
     return v8::BooleanObject::New(value).As<v8::BooleanObject>();
                                                                ^
../../../../nan/nan.h: In function ‘v8::Local<T> NanNew(P) [with T = v8::StringObject; P = v8::Local<v8::String>]’:
../../../../nan/nan.h:422:39: error: no matching function for call to ‘v8::StringObject::New(v8::Local<v8::String>&)’
     return v8::StringObject::New(value).As<v8::StringObject>();
                                       ^
In file included from ../ext/bson.cc:14:
/root/.cache/node-gyp/12.13.1/include/node/v8.h:5426:23: note: candidate: ‘static v8::Local<v8::Value> v8::StringObject::New(v8::Isolate*, v8::Local<v8::String>)’
   static Local<Value> New(Isolate* isolate, Local<String> value);
                       ^~~
/root/.cache/node-gyp/12.13.1/include/node/v8.h:5426:23: note:   candidate expects 2 arguments, 1 provided
In file included from ../ext/bson.h:17,
                 from ../ext/bson.cc:35:
../../../../nan/nan.h:422:60: error: expected primary-expression before ‘>’ token
     return v8::StringObject::New(value).As<v8::StringObject>();
                                                            ^
../../../../nan/nan.h:422:62: error: expected primary-expression before ‘)’ token
     return v8::StringObject::New(value).As<v8::StringObject>();
                                                              ^
../../../../nan/nan.h: At global scope:
../../../../nan/nan.h:427:32: error: ‘Handle’ is not a member of ‘v8’
   NanNew<v8::StringObject, v8::Handle<v8::String> >(
                                ^~~~~~
../../../../nan/nan.h:427:32: error: ‘Handle’ is not a member of ‘v8’
../../../../nan/nan.h:427:3: error: parse error in template argument list
   NanNew<v8::StringObject, v8::Handle<v8::String> >(
   ^~~~~~~~~~~~~~~~~~~~~~~~~~~~~~~~~~~~~~~~~~~~~~~
../../../../nan/nan.h:427:51: error: expected initializer before ‘>’ token
   NanNew<v8::StringObject, v8::Handle<v8::String> >(
                                                   ^
../../../../nan/nan.h:439:11: warning: inline variables are only available with -std=c++17 or -std=gnu++17
       v8::Handle<v8::String> pattern, v8::RegExp::Flags flags) {
           ^~~~~~
../../../../nan/nan.h:439:11: warning: ‘always_inline’ attribute ignored [-Wattributes]
../../../../nan/nan.h:439:11: error: ‘template<class T> v8::Local<v8::RegExp> NanNew’ redeclared as different kind of symbol
../../../../nan/nan.h:403:36: note: previous declaration ‘v8::Local<v8::String> NanNew(v8::String::ExternalStringResource*)’
   NAN_INLINE v8::Local<v8::String> NanNew(
                                    ^~~~~~
../../../../nan/nan.h:439:11: error: ‘Handle’ is not a member of ‘v8’
       v8::Handle<v8::String> pattern, v8::RegExp::Flags flags) {
           ^~~~~~
../../../../nan/nan.h:439:28: error: expected primary-expression before ‘>’ token
       v8::Handle<v8::String> pattern, v8::RegExp::Flags flags) {
                            ^
../../../../nan/nan.h:439:30: error: ‘pattern’ was not declared in this scope
       v8::Handle<v8::String> pattern, v8::RegExp::Flags flags) {
                              ^~~~~~~
../../../../nan/nan.h:439:30: note: suggested alternative: ‘extern’
       v8::Handle<v8::String> pattern, v8::RegExp::Flags flags) {
                              ^~~~~~~
                              extern
../../../../nan/nan.h:439:57: error: expected primary-expression before ‘flags’
       v8::Handle<v8::String> pattern, v8::RegExp::Flags flags) {
                                                         ^~~~~
../../../../nan/nan.h: In function ‘v8::Local<v8::RegExp> NanNew(v8::Local<v8::String>, v8::RegExp::Flags)’:
../../../../nan/nan.h:446:42: error: no matching function for call to ‘v8::RegExp::New(v8::Local<v8::String>&, v8::RegExp::Flags&)’
     return v8::RegExp::New(pattern, flags);
                                          ^
In file included from ../ext/bson.cc:14:
/root/.cache/node-gyp/12.13.1/include/node/v8.h:5484:51: note: candidate: ‘static v8::MaybeLocal<v8::RegExp> v8::RegExp::New(v8::Local<v8::Context>, v8::Local<v8::String>, v8::RegExp::Flags)’
   static V8_WARN_UNUSED_RESULT MaybeLocal<RegExp> New(Local<Context> context,
                                                   ^~~
/root/.cache/node-gyp/12.13.1/include/node/v8.h:5484:51: note:   candidate expects 3 arguments, 2 provided
In file included from ../ext/bson.h:17,
                 from ../ext/bson.cc:35:
../../../../nan/nan.h: At global scope:
../../../../nan/nan.h:451:11: warning: inline variables are only available with -std=c++17 or -std=gnu++17
       v8::Handle<v8::String> pattern, v8::RegExp::Flags flags) {
           ^~~~~~
../../../../nan/nan.h:451:11: warning: ‘always_inline’ attribute ignored [-Wattributes]
../../../../nan/nan.h:451:11: error: ‘template<class T, class P> v8::Local<v8::RegExp> NanNew’ redeclared as different kind of symbol
../../../../nan/nan.h:403:36: note: previous declaration ‘v8::Local<v8::String> NanNew(v8::String::ExternalStringResource*)’
   NAN_INLINE v8::Local<v8::String> NanNew(
                                    ^~~~~~
../../../../nan/nan.h:451:11: error: ‘Handle’ is not a member of ‘v8’
       v8::Handle<v8::String> pattern, v8::RegExp::Flags flags) {
           ^~~~~~
../../../../nan/nan.h:451:28: error: expected primary-expression before ‘>’ token
       v8::Handle<v8::String> pattern, v8::RegExp::Flags flags) {
                            ^
../../../../nan/nan.h:451:30: error: ‘pattern’ was not declared in this scope
       v8::Handle<v8::String> pattern, v8::RegExp::Flags flags) {
                              ^~~~~~~
../../../../nan/nan.h:451:30: note: suggested alternative: ‘extern’
       v8::Handle<v8::String> pattern, v8::RegExp::Flags flags) {
                              ^~~~~~~
                              extern
../../../../nan/nan.h:451:57: error: expected primary-expression before ‘flags’
       v8::Handle<v8::String> pattern, v8::RegExp::Flags flags) {
                                                         ^~~~~
../../../../nan/nan.h: In function ‘v8::Local<v8::RegExp> NanNew(v8::Local<v8::String>, v8::RegExp::Flags)’:
../../../../nan/nan.h:458:42: error: no matching function for call to ‘v8::RegExp::New(v8::Local<v8::String>&, v8::RegExp::Flags&)’
     return v8::RegExp::New(pattern, flags);
                                          ^
In file included from ../ext/bson.cc:14:
/root/.cache/node-gyp/12.13.1/include/node/v8.h:5484:51: note: candidate: ‘static v8::MaybeLocal<v8::RegExp> v8::RegExp::New(v8::Local<v8::Context>, v8::Local<v8::String>, v8::RegExp::Flags)’
   static V8_WARN_UNUSED_RESULT MaybeLocal<RegExp> New(Local<Context> context,
                                                   ^~~
/root/.cache/node-gyp/12.13.1/include/node/v8.h:5484:51: note:   candidate expects 3 arguments, 2 provided
In file included from ../ext/bson.h:17,
                 from ../ext/bson.cc:35:
../../../../nan/nan.h: In function ‘v8::Local<T> NanNew(P) [with T = v8::Uint32; P = int]’:
../../../../nan/nan.h:463:68: error: no matching function for call to ‘v8::Integer::ToUint32()’
     return v8::Uint32::NewFromUnsigned(nan_isolate, val)->ToUint32();
                                                                    ^
In file included from ../ext/bson.cc:14:
/root/.cache/node-gyp/12.13.1/include/node/v8.h:2580:44: note: candidate: ‘v8::MaybeLocal<v8::Uint32> v8::Value::ToUint32(v8::Local<v8::Context>) const’
   V8_WARN_UNUSED_RESULT MaybeLocal<Uint32> ToUint32(
                                            ^~~~~~~~
/root/.cache/node-gyp/12.13.1/include/node/v8.h:2580:44: note:   candidate expects 1 argument, 0 provided
In file included from ../ext/bson.h:17,
                 from ../ext/bson.cc:35:
../../../../nan/nan.h: In function ‘v8::Local<T> NanNew(P) [with T = v8::Uint32; P = unsigned int]’:
../../../../nan/nan.h:468:68: error: no matching function for call to ‘v8::Integer::ToUint32()’
     return v8::Uint32::NewFromUnsigned(nan_isolate, val)->ToUint32();
                                                                    ^
In file included from ../ext/bson.cc:14:
/root/.cache/node-gyp/12.13.1/include/node/v8.h:2580:44: note: candidate: ‘v8::MaybeLocal<v8::Uint32> v8::Value::ToUint32(v8::Local<v8::Context>) const’
   V8_WARN_UNUSED_RESULT MaybeLocal<Uint32> ToUint32(
                                            ^~~~~~~~
/root/.cache/node-gyp/12.13.1/include/node/v8.h:2580:44: note:   candidate expects 1 argument, 0 provided
In file included from ../ext/bson.h:17,
                 from ../ext/bson.cc:35:
../../../../nan/nan.h: In function ‘v8::Local<T> NanNew(P) [with T = v8::Int32; P = int]’:
../../../../nan/nan.h:473:54: error: no matching function for call to ‘v8::Integer::ToInt32()’
     return v8::Int32::New(nan_isolate, val)->ToInt32();
                                                      ^
In file included from ../ext/bson.cc:14:
/root/.cache/node-gyp/12.13.1/include/node/v8.h:2582:43: note: candidate: ‘v8::MaybeLocal<v8::Int32> v8::Value::ToInt32(v8::Local<v8::Context>) const’
   V8_WARN_UNUSED_RESULT MaybeLocal<Int32> ToInt32(Local<Context> context) const;
                                           ^~~~~~~
/root/.cache/node-gyp/12.13.1/include/node/v8.h:2582:43: note:   candidate expects 1 argument, 0 provided
In file included from /root/.cache/node-gyp/12.13.1/include/node/v8-internal.h:14,
                 from /root/.cache/node-gyp/12.13.1/include/node/v8.h:25,
                 from ../ext/bson.cc:14:
/root/.cache/node-gyp/12.13.1/include/node/v8.h:2594:30: note: candidate: ‘v8::Local<v8::Int32> v8::Value::ToInt32(v8::Isolate*) const’
                 Local<Int32> ToInt32(Isolate* isolate) const);
                              ^~~~~~~
/root/.cache/node-gyp/12.13.1/include/node/v8config.h:311:3: note: in definition of macro ‘V8_DEPRECATED’
   declarator __attribute__((deprecated(message)))
   ^~~~~~~~~~
/root/.cache/node-gyp/12.13.1/include/node/v8.h:2594:30: note:   candidate expects 1 argument, 0 provided
                 Local<Int32> ToInt32(Isolate* isolate) const);
                              ^~~~~~~
/root/.cache/node-gyp/12.13.1/include/node/v8config.h:311:3: note: in definition of macro ‘V8_DEPRECATED’
   declarator __attribute__((deprecated(message)))
   ^~~~~~~~~~
In file included from ../ext/bson.h:17,
                 from ../ext/bson.cc:35:
../../../../nan/nan.h: In function ‘v8::Local<T> NanNew(P) [with T = v8::Int32; P = unsigned int]’:
../../../../nan/nan.h:478:54: error: no matching function for call to ‘v8::Integer::ToInt32()’
     return v8::Int32::New(nan_isolate, val)->ToInt32();
                                                      ^
In file included from ../ext/bson.cc:14:
/root/.cache/node-gyp/12.13.1/include/node/v8.h:2582:43: note: candidate: ‘v8::MaybeLocal<v8::Int32> v8::Value::ToInt32(v8::Local<v8::Context>) const’
   V8_WARN_UNUSED_RESULT MaybeLocal<Int32> ToInt32(Local<Context> context) const;
                                           ^~~~~~~
/root/.cache/node-gyp/12.13.1/include/node/v8.h:2582:43: note:   candidate expects 1 argument, 0 provided
In file included from /root/.cache/node-gyp/12.13.1/include/node/v8-internal.h:14,
                 from /root/.cache/node-gyp/12.13.1/include/node/v8.h:25,
                 from ../ext/bson.cc:14:
/root/.cache/node-gyp/12.13.1/include/node/v8.h:2594:30: note: candidate: ‘v8::Local<v8::Int32> v8::Value::ToInt32(v8::Isolate*) const’
                 Local<Int32> ToInt32(Isolate* isolate) const);
                              ^~~~~~~
/root/.cache/node-gyp/12.13.1/include/node/v8config.h:311:3: note: in definition of macro ‘V8_DEPRECATED’
   declarator __attribute__((deprecated(message)))
   ^~~~~~~~~~
/root/.cache/node-gyp/12.13.1/include/node/v8.h:2594:30: note:   candidate expects 1 argument, 0 provided
                 Local<Int32> ToInt32(Isolate* isolate) const);
                              ^~~~~~~
/root/.cache/node-gyp/12.13.1/include/node/v8config.h:311:3: note: in definition of macro ‘V8_DEPRECATED’
   declarator __attribute__((deprecated(message)))
   ^~~~~~~~~~
In file included from ../ext/bson.h:17,
                 from ../ext/bson.cc:35:
../../../../nan/nan.h: In function ‘v8::Local<T> NanNew(P, int) [with T = v8::String; P = char*]’:
../../../../nan/nan.h:489:15: warning: ‘static v8::Local<v8::String> v8::String::NewFromUtf8(v8::Isolate*, const char*, v8::String::NewStringType, int)’ is deprecated: Use maybe version [-Wdeprecated-declarations]
       , length);
               ^
In file included from /root/.cache/node-gyp/12.13.1/include/node/v8-internal.h:14,
                 from /root/.cache/node-gyp/12.13.1/include/node/v8.h:25,
                 from ../ext/bson.cc:14:
/root/.cache/node-gyp/12.13.1/include/node/v8.h:2936:21: note: declared here
       Local<String> NewFromUtf8(Isolate* isolate, const char* data,
                     ^~~~~~~~~~~
/root/.cache/node-gyp/12.13.1/include/node/v8config.h:311:3: note: in definition of macro ‘V8_DEPRECATED’
   declarator __attribute__((deprecated(message)))
   ^~~~~~~~~~
In file included from ../ext/bson.h:17,
                 from ../ext/bson.cc:35:
../../../../nan/nan.h:489:15: warning: ‘static v8::Local<v8::String> v8::String::NewFromUtf8(v8::Isolate*, const char*, v8::String::NewStringType, int)’ is deprecated: Use maybe version [-Wdeprecated-declarations]
       , length);
               ^
In file included from /root/.cache/node-gyp/12.13.1/include/node/v8-internal.h:14,
                 from /root/.cache/node-gyp/12.13.1/include/node/v8.h:25,
                 from ../ext/bson.cc:14:
/root/.cache/node-gyp/12.13.1/include/node/v8.h:2936:21: note: declared here
       Local<String> NewFromUtf8(Isolate* isolate, const char* data,
                     ^~~~~~~~~~~
/root/.cache/node-gyp/12.13.1/include/node/v8config.h:311:3: note: in definition of macro ‘V8_DEPRECATED’
   declarator __attribute__((deprecated(message)))
   ^~~~~~~~~~
In file included from ../ext/bson.h:17,
                 from ../ext/bson.cc:35:
../../../../nan/nan.h: In function ‘v8::Local<T> NanNew(P, int) [with T = v8::String; P = const char*]’:
../../../../nan/nan.h:500:15: warning: ‘static v8::Local<v8::String> v8::String::NewFromUtf8(v8::Isolate*, const char*, v8::String::NewStringType, int)’ is deprecated: Use maybe version [-Wdeprecated-declarations]
       , length);
               ^
In file included from /root/.cache/node-gyp/12.13.1/include/node/v8-internal.h:14,
                 from /root/.cache/node-gyp/12.13.1/include/node/v8.h:25,
                 from ../ext/bson.cc:14:
/root/.cache/node-gyp/12.13.1/include/node/v8.h:2936:21: note: declared here
       Local<String> NewFromUtf8(Isolate* isolate, const char* data,
                     ^~~~~~~~~~~
/root/.cache/node-gyp/12.13.1/include/node/v8config.h:311:3: note: in definition of macro ‘V8_DEPRECATED’
   declarator __attribute__((deprecated(message)))
   ^~~~~~~~~~
In file included from ../ext/bson.h:17,
                 from ../ext/bson.cc:35:
../../../../nan/nan.h:500:15: warning: ‘static v8::Local<v8::String> v8::String::NewFromUtf8(v8::Isolate*, const char*, v8::String::NewStringType, int)’ is deprecated: Use maybe version [-Wdeprecated-declarations]
       , length);
               ^
In file included from /root/.cache/node-gyp/12.13.1/include/node/v8-internal.h:14,
                 from /root/.cache/node-gyp/12.13.1/include/node/v8.h:25,
                 from ../ext/bson.cc:14:
/root/.cache/node-gyp/12.13.1/include/node/v8.h:2936:21: note: declared here
       Local<String> NewFromUtf8(Isolate* isolate, const char* data,
                     ^~~~~~~~~~~
/root/.cache/node-gyp/12.13.1/include/node/v8config.h:311:3: note: in definition of macro ‘V8_DEPRECATED’
   declarator __attribute__((deprecated(message)))
   ^~~~~~~~~~
In file included from ../ext/bson.h:17,
                 from ../ext/bson.cc:35:
../../../../nan/nan.h: In function ‘v8::Local<T> NanNew(P) [with T = v8::String; P = char*]’:
../../../../nan/nan.h:505:52: warning: ‘static v8::Local<v8::String> v8::String::NewFromUtf8(v8::Isolate*, const char*, v8::String::NewStringType, int)’ is deprecated: Use maybe version [-Wdeprecated-declarations]
     return v8::String::NewFromUtf8(nan_isolate, arg);
                                                    ^
In file included from /root/.cache/node-gyp/12.13.1/include/node/v8-internal.h:14,
                 from /root/.cache/node-gyp/12.13.1/include/node/v8.h:25,
                 from ../ext/bson.cc:14:
/root/.cache/node-gyp/12.13.1/include/node/v8.h:2936:21: note: declared here
       Local<String> NewFromUtf8(Isolate* isolate, const char* data,
                     ^~~~~~~~~~~
/root/.cache/node-gyp/12.13.1/include/node/v8config.h:311:3: note: in definition of macro ‘V8_DEPRECATED’
   declarator __attribute__((deprecated(message)))
   ^~~~~~~~~~
In file included from ../ext/bson.h:17,
                 from ../ext/bson.cc:35:
../../../../nan/nan.h:505:52: warning: ‘static v8::Local<v8::String> v8::String::NewFromUtf8(v8::Isolate*, const char*, v8::String::NewStringType, int)’ is deprecated: Use maybe version [-Wdeprecated-declarations]
     return v8::String::NewFromUtf8(nan_isolate, arg);
                                                    ^
In file included from /root/.cache/node-gyp/12.13.1/include/node/v8-internal.h:14,
                 from /root/.cache/node-gyp/12.13.1/include/node/v8.h:25,
                 from ../ext/bson.cc:14:
/root/.cache/node-gyp/12.13.1/include/node/v8.h:2936:21: note: declared here
       Local<String> NewFromUtf8(Isolate* isolate, const char* data,
                     ^~~~~~~~~~~
/root/.cache/node-gyp/12.13.1/include/node/v8config.h:311:3: note: in definition of macro ‘V8_DEPRECATED’
   declarator __attribute__((deprecated(message)))
   ^~~~~~~~~~
In file included from ../ext/bson.h:17,
                 from ../ext/bson.cc:35:
../../../../nan/nan.h: In function ‘v8::Local<T> NanNew(P) [with T = v8::String; P = const char*]’:
../../../../nan/nan.h:511:52: warning: ‘static v8::Local<v8::String> v8::String::NewFromUtf8(v8::Isolate*, const char*, v8::String::NewStringType, int)’ is deprecated: Use maybe version [-Wdeprecated-declarations]
     return v8::String::NewFromUtf8(nan_isolate, arg);
                                                    ^
In file included from /root/.cache/node-gyp/12.13.1/include/node/v8-internal.h:14,
                 from /root/.cache/node-gyp/12.13.1/include/node/v8.h:25,
                 from ../ext/bson.cc:14:
/root/.cache/node-gyp/12.13.1/include/node/v8.h:2936:21: note: declared here
       Local<String> NewFromUtf8(Isolate* isolate, const char* data,
                     ^~~~~~~~~~~
/root/.cache/node-gyp/12.13.1/include/node/v8config.h:311:3: note: in definition of macro ‘V8_DEPRECATED’
   declarator __attribute__((deprecated(message)))
   ^~~~~~~~~~
In file included from ../ext/bson.h:17,
                 from ../ext/bson.cc:35:
../../../../nan/nan.h:511:52: warning: ‘static v8::Local<v8::String> v8::String::NewFromUtf8(v8::Isolate*, const char*, v8::String::NewStringType, int)’ is deprecated: Use maybe version [-Wdeprecated-declarations]
     return v8::String::NewFromUtf8(nan_isolate, arg);
                                                    ^
In file included from /root/.cache/node-gyp/12.13.1/include/node/v8-internal.h:14,
                 from /root/.cache/node-gyp/12.13.1/include/node/v8.h:25,
                 from ../ext/bson.cc:14:
/root/.cache/node-gyp/12.13.1/include/node/v8.h:2936:21: note: declared here
       Local<String> NewFromUtf8(Isolate* isolate, const char* data,
                     ^~~~~~~~~~~
/root/.cache/node-gyp/12.13.1/include/node/v8config.h:311:3: note: in definition of macro ‘V8_DEPRECATED’
   declarator __attribute__((deprecated(message)))
   ^~~~~~~~~~
In file included from ../ext/bson.h:17,
                 from ../ext/bson.cc:35:
../../../../nan/nan.h: In function ‘v8::Local<T> NanNew(P, int) [with T = v8::String; P = unsigned char*]’:
../../../../nan/nan.h:522:15: error: no matching function for call to ‘v8::String::NewFromOneByte(v8::Isolate*&, uint8_t*&, v8::String::NewStringType, int&)’
       , length);
               ^
In file included from ../ext/bson.cc:14:
/root/.cache/node-gyp/12.13.1/include/node/v8.h:2948:51: note: candidate: ‘static v8::MaybeLocal<v8::String> v8::String::NewFromOneByte(v8::Isolate*, const uint8_t*, v8::NewStringType, int)’
   static V8_WARN_UNUSED_RESULT MaybeLocal<String> NewFromOneByte(
                                                   ^~~~~~~~~~~~~~
/root/.cache/node-gyp/12.13.1/include/node/v8.h:2948:51: note:   no known conversion for argument 3 from ‘v8::String::NewStringType’ to ‘v8::NewStringType’
In file included from ../ext/bson.h:17,
                 from ../ext/bson.cc:35:
../../../../nan/nan.h: In function ‘v8::Local<T> NanNew(P, int) [with T = v8::String; P = const unsigned char*]’:
../../../../nan/nan.h:533:15: error: no matching function for call to ‘v8::String::NewFromOneByte(v8::Isolate*&, const uint8_t*&, v8::String::NewStringType, int&)’
       , length);
               ^
In file included from ../ext/bson.cc:14:
/root/.cache/node-gyp/12.13.1/include/node/v8.h:2948:51: note: candidate: ‘static v8::MaybeLocal<v8::String> v8::String::NewFromOneByte(v8::Isolate*, const uint8_t*, v8::NewStringType, int)’
   static V8_WARN_UNUSED_RESULT MaybeLocal<String> NewFromOneByte(
                                                   ^~~~~~~~~~~~~~
/root/.cache/node-gyp/12.13.1/include/node/v8.h:2948:51: note:   no known conversion for argument 3 from ‘v8::String::NewStringType’ to ‘v8::NewStringType’
In file included from ../ext/bson.h:17,
                 from ../ext/bson.cc:35:
../../../../nan/nan.h: In function ‘v8::Local<T> NanNew(P) [with T = v8::String; P = unsigned char*]’:
../../../../nan/nan.h:538:55: error: no matching function for call to ‘v8::String::NewFromOneByte(v8::Isolate*&, uint8_t*&)’
     return v8::String::NewFromOneByte(nan_isolate, arg);
                                                       ^
In file included from ../ext/bson.cc:14:
/root/.cache/node-gyp/12.13.1/include/node/v8.h:2948:51: note: candidate: ‘static v8::MaybeLocal<v8::String> v8::String::NewFromOneByte(v8::Isolate*, const uint8_t*, v8::NewStringType, int)’
   static V8_WARN_UNUSED_RESULT MaybeLocal<String> NewFromOneByte(
                                                   ^~~~~~~~~~~~~~
/root/.cache/node-gyp/12.13.1/include/node/v8.h:2948:51: note:   candidate expects 4 arguments, 2 provided
In file included from ../ext/bson.h:17,
                 from ../ext/bson.cc:35:
../../../../nan/nan.h: In function ‘v8::Local<T> NanNew(P) [with T = v8::String; P = const unsigned char*]’:
../../../../nan/nan.h:544:55: error: no matching function for call to ‘v8::String::NewFromOneByte(v8::Isolate*&, const uint8_t*&)’
     return v8::String::NewFromOneByte(nan_isolate, arg);
                                                       ^
In file included from ../ext/bson.cc:14:
/root/.cache/node-gyp/12.13.1/include/node/v8.h:2948:51: note: candidate: ‘static v8::MaybeLocal<v8::String> v8::String::NewFromOneByte(v8::Isolate*, const uint8_t*, v8::NewStringType, int)’
   static V8_WARN_UNUSED_RESULT MaybeLocal<String> NewFromOneByte(
                                                   ^~~~~~~~~~~~~~
/root/.cache/node-gyp/12.13.1/include/node/v8.h:2948:51: note:   candidate expects 4 arguments, 2 provided
In file included from ../ext/bson.h:17,
                 from ../ext/bson.cc:35:
../../../../nan/nan.h: In function ‘v8::Local<T> NanNew(P, int) [with T = v8::String; P = short unsigned int*]’:
../../../../nan/nan.h:555:15: warning: ‘static v8::Local<v8::String> v8::String::NewFromTwoByte(v8::Isolate*, const uint16_t*, v8::String::NewStringType, int)’ is deprecated: Use maybe version [-Wdeprecated-declarations]
       , length);
               ^
In file included from /root/.cache/node-gyp/12.13.1/include/node/v8-internal.h:14,
                 from /root/.cache/node-gyp/12.13.1/include/node/v8.h:25,
                 from ../ext/bson.cc:14:
/root/.cache/node-gyp/12.13.1/include/node/v8.h:2955:21: note: declared here
       Local<String> NewFromTwoByte(Isolate* isolate, const uint16_t* data,
                     ^~~~~~~~~~~~~~
/root/.cache/node-gyp/12.13.1/include/node/v8config.h:311:3: note: in definition of macro ‘V8_DEPRECATED’
   declarator __attribute__((deprecated(message)))
   ^~~~~~~~~~
In file included from ../ext/bson.h:17,
                 from ../ext/bson.cc:35:
../../../../nan/nan.h:555:15: warning: ‘static v8::Local<v8::String> v8::String::NewFromTwoByte(v8::Isolate*, const uint16_t*, v8::String::NewStringType, int)’ is deprecated: Use maybe version [-Wdeprecated-declarations]
       , length);
               ^
In file included from /root/.cache/node-gyp/12.13.1/include/node/v8-internal.h:14,
                 from /root/.cache/node-gyp/12.13.1/include/node/v8.h:25,
                 from ../ext/bson.cc:14:
/root/.cache/node-gyp/12.13.1/include/node/v8.h:2955:21: note: declared here
       Local<String> NewFromTwoByte(Isolate* isolate, const uint16_t* data,
                     ^~~~~~~~~~~~~~
/root/.cache/node-gyp/12.13.1/include/node/v8config.h:311:3: note: in definition of macro ‘V8_DEPRECATED’
   declarator __attribute__((deprecated(message)))
   ^~~~~~~~~~
In file included from ../ext/bson.h:17,
                 from ../ext/bson.cc:35:
../../../../nan/nan.h: In function ‘v8::Local<T> NanNew(P, int) [with T = v8::String; P = const short unsigned int*]’:
../../../../nan/nan.h:566:15: warning: ‘static v8::Local<v8::String> v8::String::NewFromTwoByte(v8::Isolate*, const uint16_t*, v8::String::NewStringType, int)’ is deprecated: Use maybe version [-Wdeprecated-declarations]
       , length);
               ^
In file included from /root/.cache/node-gyp/12.13.1/include/node/v8-internal.h:14,
                 from /root/.cache/node-gyp/12.13.1/include/node/v8.h:25,
                 from ../ext/bson.cc:14:
/root/.cache/node-gyp/12.13.1/include/node/v8.h:2955:21: note: declared here
       Local<String> NewFromTwoByte(Isolate* isolate, const uint16_t* data,
                     ^~~~~~~~~~~~~~
/root/.cache/node-gyp/12.13.1/include/node/v8config.h:311:3: note: in definition of macro ‘V8_DEPRECATED’
   declarator __attribute__((deprecated(message)))
   ^~~~~~~~~~
In file included from ../ext/bson.h:17,
                 from ../ext/bson.cc:35:
../../../../nan/nan.h:566:15: warning: ‘static v8::Local<v8::String> v8::String::NewFromTwoByte(v8::Isolate*, const uint16_t*, v8::String::NewStringType, int)’ is deprecated: Use maybe version [-Wdeprecated-declarations]
       , length);
               ^
In file included from /root/.cache/node-gyp/12.13.1/include/node/v8-internal.h:14,
                 from /root/.cache/node-gyp/12.13.1/include/node/v8.h:25,
                 from ../ext/bson.cc:14:
/root/.cache/node-gyp/12.13.1/include/node/v8.h:2955:21: note: declared here
       Local<String> NewFromTwoByte(Isolate* isolate, const uint16_t* data,
                     ^~~~~~~~~~~~~~
/root/.cache/node-gyp/12.13.1/include/node/v8config.h:311:3: note: in definition of macro ‘V8_DEPRECATED’
   declarator __attribute__((deprecated(message)))
   ^~~~~~~~~~
In file included from ../ext/bson.h:17,
                 from ../ext/bson.cc:35:
../../../../nan/nan.h: In function ‘v8::Local<T> NanNew(P) [with T = v8::String; P = short unsigned int*]’:
../../../../nan/nan.h:571:55: warning: ‘static v8::Local<v8::String> v8::String::NewFromTwoByte(v8::Isolate*, const uint16_t*, v8::String::NewStringType, int)’ is deprecated: Use maybe version [-Wdeprecated-declarations]
     return v8::String::NewFromTwoByte(nan_isolate, arg);
                                                       ^
In file included from /root/.cache/node-gyp/12.13.1/include/node/v8-internal.h:14,
                 from /root/.cache/node-gyp/12.13.1/include/node/v8.h:25,
                 from ../ext/bson.cc:14:
/root/.cache/node-gyp/12.13.1/include/node/v8.h:2955:21: note: declared here
       Local<String> NewFromTwoByte(Isolate* isolate, const uint16_t* data,
                     ^~~~~~~~~~~~~~
/root/.cache/node-gyp/12.13.1/include/node/v8config.h:311:3: note: in definition of macro ‘V8_DEPRECATED’
   declarator __attribute__((deprecated(message)))
   ^~~~~~~~~~
In file included from ../ext/bson.h:17,
                 from ../ext/bson.cc:35:
../../../../nan/nan.h:571:55: warning: ‘static v8::Local<v8::String> v8::String::NewFromTwoByte(v8::Isolate*, const uint16_t*, v8::String::NewStringType, int)’ is deprecated: Use maybe version [-Wdeprecated-declarations]
     return v8::String::NewFromTwoByte(nan_isolate, arg);
                                                       ^
In file included from /root/.cache/node-gyp/12.13.1/include/node/v8-internal.h:14,
                 from /root/.cache/node-gyp/12.13.1/include/node/v8.h:25,
                 from ../ext/bson.cc:14:
/root/.cache/node-gyp/12.13.1/include/node/v8.h:2955:21: note: declared here
       Local<String> NewFromTwoByte(Isolate* isolate, const uint16_t* data,
                     ^~~~~~~~~~~~~~
/root/.cache/node-gyp/12.13.1/include/node/v8config.h:311:3: note: in definition of macro ‘V8_DEPRECATED’
   declarator __attribute__((deprecated(message)))
   ^~~~~~~~~~
In file included from ../ext/bson.h:17,
                 from ../ext/bson.cc:35:
../../../../nan/nan.h: In function ‘v8::Local<T> NanNew(P) [with T = v8::String; P = const short unsigned int*]’:
../../../../nan/nan.h:577:55: warning: ‘static v8::Local<v8::String> v8::String::NewFromTwoByte(v8::Isolate*, const uint16_t*, v8::String::NewStringType, int)’ is deprecated: Use maybe version [-Wdeprecated-declarations]
     return v8::String::NewFromTwoByte(nan_isolate, arg);
                                                       ^
In file included from /root/.cache/node-gyp/12.13.1/include/node/v8-internal.h:14,
                 from /root/.cache/node-gyp/12.13.1/include/node/v8.h:25,
                 from ../ext/bson.cc:14:
/root/.cache/node-gyp/12.13.1/include/node/v8.h:2955:21: note: declared here
       Local<String> NewFromTwoByte(Isolate* isolate, const uint16_t* data,
                     ^~~~~~~~~~~~~~
/root/.cache/node-gyp/12.13.1/include/node/v8config.h:311:3: note: in definition of macro ‘V8_DEPRECATED’
   declarator __attribute__((deprecated(message)))
   ^~~~~~~~~~
In file included from ../ext/bson.h:17,
                 from ../ext/bson.cc:35:
../../../../nan/nan.h:577:55: warning: ‘static v8::Local<v8::String> v8::String::NewFromTwoByte(v8::Isolate*, const uint16_t*, v8::String::NewStringType, int)’ is deprecated: Use maybe version [-Wdeprecated-declarations]
     return v8::String::NewFromTwoByte(nan_isolate, arg);
                                                       ^
In file included from /root/.cache/node-gyp/12.13.1/include/node/v8-internal.h:14,
                 from /root/.cache/node-gyp/12.13.1/include/node/v8.h:25,
                 from ../ext/bson.cc:14:
/root/.cache/node-gyp/12.13.1/include/node/v8.h:2955:21: note: declared here
       Local<String> NewFromTwoByte(Isolate* isolate, const uint16_t* data,
                     ^~~~~~~~~~~~~~
/root/.cache/node-gyp/12.13.1/include/node/v8config.h:311:3: note: in definition of macro ‘V8_DEPRECATED’
   declarator __attribute__((deprecated(message)))
   ^~~~~~~~~~
In file included from ../ext/bson.h:17,
                 from ../ext/bson.cc:35:
../../../../nan/nan.h: At global scope:
../../../../nan/nan.h:586:20: error: variable or field ‘NanAddGCEpilogueCallback’ declared void
       v8::Isolate::GCEpilogueCallback callback
                    ^~~~~~~~~~~~~~~~~~
../../../../nan/nan.h:586:20: error: ‘GCEpilogueCallback’ is not a member of ‘v8::Isolate’
../../../../nan/nan.h:587:18: error: expected primary-expression before ‘gc_type_filter’
     , v8::GCType gc_type_filter = v8::kGCTypeAll) {
                  ^~~~~~~~~~~~~~
../../../../nan/nan.h:592:20: error: variable or field ‘NanRemoveGCEpilogueCallback’ declared void
       v8::Isolate::GCEpilogueCallback callback) {
                    ^~~~~~~~~~~~~~~~~~
../../../../nan/nan.h:592:20: error: ‘GCEpilogueCallback’ is not a member of ‘v8::Isolate’
../../../../nan/nan.h:597:20: error: variable or field ‘NanAddGCPrologueCallback’ declared void
       v8::Isolate::GCPrologueCallback callback
                    ^~~~~~~~~~~~~~~~~~
../../../../nan/nan.h:597:20: error: ‘GCPrologueCallback’ is not a member of ‘v8::Isolate’
../../../../nan/nan.h:598:18: error: expected primary-expression before ‘gc_type_filter’
     , v8::GCType gc_type_filter = v8::kGCTypeAll) {
                  ^~~~~~~~~~~~~~
../../../../nan/nan.h:603:20: error: variable or field ‘NanRemoveGCPrologueCallback’ declared void
       v8::Isolate::GCPrologueCallback callback) {
                    ^~~~~~~~~~~~~~~~~~
../../../../nan/nan.h:603:20: error: ‘GCPrologueCallback’ is not a member of ‘v8::Isolate’
../../../../nan/nan.h:617:11: error: ‘v8::Handle’ has not been declared
     , v8::Handle<T> obj) {
           ^~~~~~
../../../../nan/nan.h:617:17: error: expected ‘,’ or ‘...’ before ‘<’ token
     , v8::Handle<T> obj) {
                 ^
../../../../nan/nan.h: In function ‘void NanAssignPersistent(v8::Persistent<T, v8::NonCopyablePersistentTraits<T> >&, int)’:
../../../../nan/nan.h:618:33: error: ‘obj’ was not declared in this scope
       handle.Reset(nan_isolate, obj);
                                 ^~~
../../../../nan/nan.h: At global scope:
../../../../nan/nan.h:631:17: error: ‘WeakCallbackData’ in namespace ‘v8’ does not name a template type
       const v8::WeakCallbackData<T, _NanWeakCallbackInfo<T, P> >& data);
                 ^~~~~~~~~~~~~~~~
../../../../nan/nan.h:631:13: note: suggested alternative: ‘WeakCallbackType’
       const v8::WeakCallbackData<T, _NanWeakCallbackInfo<T, P> >& data);
             ^~
             WeakCallbackType
../../../../nan/nan.h:631:33: error: expected ‘,’ or ‘...’ before ‘<’ token
       const v8::WeakCallbackData<T, _NanWeakCallbackInfo<T, P> >& data);
                                 ^
../../../../nan/nan.h:632:36: error: expected ‘)’ before ‘<’ token
     _NanWeakCallbackInfo(v8::Handle<T> handle, P* param, Callback cb)
                         ~          ^
                                    )
../../../../nan/nan.h:696:9: error: variable or field ‘NanMakeWeakPersistent’ declared void
     v8::Handle<T> handle
         ^~~~~~
../../../../nan/nan.h:696:9: error: ‘Handle’ is not a member of ‘v8’
../../../../nan/nan.h:696:17: error: expected primary-expression before ‘>’ token
     v8::Handle<T> handle
                 ^
../../../../nan/nan.h:696:19: error: ‘handle’ was not declared in this scope
     v8::Handle<T> handle
                   ^~~~~~
../../../../nan/nan.h:696:19: note: suggested alternative: ‘daddl’
     v8::Handle<T> handle
                   ^~~~~~
                   daddl
../../../../nan/nan.h:697:6: error: expected primary-expression before ‘*’ token
   , P* parameter
      ^
../../../../nan/nan.h:697:8: error: ‘parameter’ was not declared in this scope
   , P* parameter
        ^~~~~~~~~
../../../../nan/nan.h:698:51: error: expected ‘(’ before ‘callback’
   , typename _NanWeakCallbackInfo<T, P>::Callback callback) {
                                                   ^~~~~~~~
                                                   (
../../../../nan/nan.h:720:37: error: variable or field ‘NanThrowError’ declared void
   NAN_INLINE void NanThrowError(v8::Handle<v8::Value> error) {
                                     ^~~~~~
../../../../nan/nan.h:720:37: error: ‘Handle’ is not a member of ‘v8’
../../../../nan/nan.h:720:53: error: expected primary-expression before ‘>’ token
   NAN_INLINE void NanThrowError(v8::Handle<v8::Value> error) {
                                                     ^
../../../../nan/nan.h:720:55: error: ‘error’ was not declared in this scope
   NAN_INLINE void NanThrowError(v8::Handle<v8::Value> error) {
                                                       ^~~~~
../../../../nan/nan.h:720:55: note: suggested alternative: ‘herror’
   NAN_INLINE void NanThrowError(v8::Handle<v8::Value> error) {
                                                       ^~~~~
                                                       herror
../../../../nan/nan.h: In function ‘v8::Local<v8::Value> NanError(const char*, int)’:
../../../../nan/nan.h:731:65: warning: ‘bool v8::Object::Set(v8::Local<v8::Value>, v8::Local<v8::Value>)’ is deprecated: Use maybe version [-Wdeprecated-declarations]
     obj->Set(NanSymbol("code"), NanNew<v8::Integer>(errorNumber));
                                                                 ^
In file included from /root/.cache/node-gyp/12.13.1/include/node/v8-internal.h:14,
                 from /root/.cache/node-gyp/12.13.1/include/node/v8.h:25,
                 from ../ext/bson.cc:14:
/root/.cache/node-gyp/12.13.1/include/node/v8.h:3403:22: note: declared here
                 bool Set(Local<Value> key, Local<Value> value));
                      ^~~
/root/.cache/node-gyp/12.13.1/include/node/v8config.h:311:3: note: in definition of macro ‘V8_DEPRECATED’
   declarator __attribute__((deprecated(message)))
   ^~~~~~~~~~
In file included from ../ext/bson.h:17,
                 from ../ext/bson.cc:35:
../../../../nan/nan.h: In function ‘void NanThrowError(const char*, int)’:
../../../../nan/nan.h:739:45: error: no matching function for call to ‘NanThrowError(v8::Local<v8::Value>)’
     NanThrowError(NanError(msg, errorNumber));
                                             ^
../../../../nan/nan.h:716:19: note: candidate: ‘void NanThrowError(const char*)’
   NAN_INLINE void NanThrowError(const char* errmsg) {
                   ^~~~~~~~~~~~~
../../../../nan/nan.h:716:19: note:   no known conversion for argument 1 from ‘v8::Local<v8::Value>’ to ‘const char*’
../../../../nan/nan.h:735:19: note: candidate: ‘void NanThrowError(const char*, int)’
   NAN_INLINE void NanThrowError(
                   ^~~~~~~~~~~~~
../../../../nan/nan.h:735:19: note:   candidate expects 2 arguments, 1 provided
../../../../nan/nan.h: At global scope:
../../../../nan/nan.h:767:13: error: ‘node::smalloc’ has not been declared
     , node::smalloc::FreeCallback callback
             ^~~~~~~
../../../../nan/nan.h:767:35: error: expected ‘,’ or ‘...’ before ‘callback’
     , node::smalloc::FreeCallback callback
                                   ^~~~~~~~
../../../../nan/nan.h: In function ‘v8::Local<v8::Object> NanNewBufferHandle(char*, size_t, int)’:
../../../../nan/nan.h:770:57: error: ‘callback’ was not declared in this scope
     return node::Buffer::New(nan_isolate, data, length, callback, hint);
                                                         ^~~~~~~~
../../../../nan/nan.h:770:57: note: suggested alternative: ‘calloc’
     return node::Buffer::New(nan_isolate, data, length, callback, hint);
                                                         ^~~~~~~~
                                                         calloc
../../../../nan/nan.h:770:67: error: ‘hint’ was not declared in this scope
     return node::Buffer::New(nan_isolate, data, length, callback, hint);
                                                                   ^~~~
../../../../nan/nan.h:770:67: note: suggested alternative: ‘uint’
     return node::Buffer::New(nan_isolate, data, length, callback, hint);
                                                                   ^~~~
                                                                   uint
../../../../nan/nan.h: In function ‘v8::Local<v8::Object> NanNewBufferHandle(const char*, uint32_t)’:
../../../../nan/nan.h:777:43: error: invalid conversion from ‘const char*’ to ‘char*’ [-fpermissive]
     return node::Buffer::New(nan_isolate, data, size);
                                           ^~~~
In file included from ../ext/bson.cc:24:
/root/.cache/node-gyp/12.13.1/include/node/node_buffer.h:65:50: note:   initializing argument 2 of ‘v8::MaybeLocal<v8::Object> node::Buffer::New(v8::Isolate*, char*, size_t)’
                                            char* data,
                                            ~~~~~~^~~~
In file included from ../ext/bson.h:17,
                 from ../ext/bson.cc:35:
../../../../nan/nan.h:777:29: error: could not convert ‘node::Buffer::New(nan_isolate, ((char*)data), ((size_t)size))’ from ‘v8::MaybeLocal<v8::Object>’ to ‘v8::Local<v8::Object>’
     return node::Buffer::New(nan_isolate, data, size);
            ~~~~~~~~~~~~~~~~~^~~~~~~~~~~~~~~~~~~~~~~~~
../../../../nan/nan.h: In function ‘v8::Local<v8::Object> NanNewBufferHandle(uint32_t)’:
../../../../nan/nan.h:781:29: error: could not convert ‘node::Buffer::New(nan_isolate, ((size_t)size))’ from ‘v8::MaybeLocal<v8::Object>’ to ‘v8::Local<v8::Object>’
     return node::Buffer::New(nan_isolate, size);
            ~~~~~~~~~~~~~~~~~^~~~~~~~~~~~~~~~~~~
../../../../nan/nan.h: In function ‘v8::Local<v8::Object> NanBufferUse(char*, uint32_t)’:
../../../../nan/nan.h:788:26: error: ‘Use’ is not a member of ‘node::Buffer’
     return node::Buffer::Use(nan_isolate, data, size);
                          ^~~
../../../../nan/nan.h: At global scope:
../../../../nan/nan.h:793:11: error: ‘v8::Handle’ has not been declared
     , v8::Handle<v8::Value> value
           ^~~~~~
../../../../nan/nan.h:793:17: error: expected ‘,’ or ‘...’ before ‘<’ token
     , v8::Handle<v8::Value> value
                 ^
../../../../nan/nan.h: In function ‘bool NanHasInstance(v8::Persistent<v8::FunctionTemplate>&, int)’:
../../../../nan/nan.h:795:51: error: ‘value’ was not declared in this scope
     return NanNew(function_template)->HasInstance(value);
                                                   ^~~~~
../../../../nan/nan.h: At global scope:
../../../../nan/nan.h:800:11: error: ‘v8::Handle’ has not been declared
     , v8::Handle<v8::ObjectTemplate> tmpl = v8::Handle<v8::ObjectTemplate>()
           ^~~~~~
../../../../nan/nan.h:800:17: error: expected ‘,’ or ‘...’ before ‘<’ token
     , v8::Handle<v8::ObjectTemplate> tmpl = v8::Handle<v8::ObjectTemplate>()
                 ^
../../../../nan/nan.h:798:37: error: default argument missing for parameter 2 of ‘v8::Local<v8::Context> NanNewContextHandle(v8::ExtensionConfiguration*, int)’
   NAN_INLINE v8::Local<v8::Context> NanNewContextHandle(
                                     ^~~~~~~~~~~~~~~~~~~
../../../../nan/nan.h: In function ‘v8::Local<v8::Context> NanNewContextHandle(v8::ExtensionConfiguration*, int)’:
../../../../nan/nan.h:805:51: error: ‘tmpl’ was not declared in this scope
       , v8::Context::New(nan_isolate, extensions, tmpl, obj)
                                                   ^~~~
../../../../nan/nan.h:805:51: note: suggested alternative: ‘fmul’
       , v8::Context::New(nan_isolate, extensions, tmpl, obj)
                                                   ^~~~
                                                   fmul
../../../../nan/nan.h:805:57: error: ‘obj’ was not declared in this scope
       , v8::Context::New(nan_isolate, extensions, tmpl, obj)
                                                         ^~~
../../../../nan/nan.h: In function ‘v8::Local<v8::Script> NanCompileScript(v8::Local<v8::String>, const v8::ScriptOrigin&)’:
../../../../nan/nan.h:814:60: error: no matching function for call to ‘v8::ScriptCompiler::Compile(v8::Isolate*&, v8::ScriptCompiler::Source*)’
     return v8::ScriptCompiler::Compile(nan_isolate, &source);
                                                            ^
In file included from ../ext/bson.cc:14:
/root/.cache/node-gyp/12.13.1/include/node/v8.h:1657:51: note: candidate: ‘static v8::MaybeLocal<v8::Script> v8::ScriptCompiler::Compile(v8::Local<v8::Context>, v8::ScriptCompiler::Source*, v8::ScriptCompiler::CompileOptions, v8::ScriptCompiler::NoCacheReason)’
   static V8_WARN_UNUSED_RESULT MaybeLocal<Script> Compile(
                                                   ^~~~~~~
/root/.cache/node-gyp/12.13.1/include/node/v8.h:1657:51: note:   no known conversion for argument 1 from ‘v8::Isolate*’ to ‘v8::Local<v8::Context>’
/root/.cache/node-gyp/12.13.1/include/node/v8.h:1684:51: note: candidate: ‘static v8::MaybeLocal<v8::Script> v8::ScriptCompiler::Compile(v8::Local<v8::Context>, v8::ScriptCompiler::StreamedSource*, v8::Local<v8::String>, const v8::ScriptOrigin&)’
   static V8_WARN_UNUSED_RESULT MaybeLocal<Script> Compile(
                                                   ^~~~~~~
/root/.cache/node-gyp/12.13.1/include/node/v8.h:1684:51: note:   candidate expects 4 arguments, 2 provided
In file included from ../ext/bson.h:17,
                 from ../ext/bson.cc:35:
../../../../nan/nan.h: In function ‘v8::Local<v8::Script> NanCompileScript(v8::Local<v8::String>)’:
../../../../nan/nan.h:821:60: error: no matching function for call to ‘v8::ScriptCompiler::Compile(v8::Isolate*&, v8::ScriptCompiler::Source*)’
     return v8::ScriptCompiler::Compile(nan_isolate, &source);
                                                            ^
In file included from ../ext/bson.cc:14:
/root/.cache/node-gyp/12.13.1/include/node/v8.h:1657:51: note: candidate: ‘static v8::MaybeLocal<v8::Script> v8::ScriptCompiler::Compile(v8::Local<v8::Context>, v8::ScriptCompiler::Source*, v8::ScriptCompiler::CompileOptions, v8::ScriptCompiler::NoCacheReason)’
   static V8_WARN_UNUSED_RESULT MaybeLocal<Script> Compile(
                                                   ^~~~~~~
/root/.cache/node-gyp/12.13.1/include/node/v8.h:1657:51: note:   no known conversion for argument 1 from ‘v8::Isolate*’ to ‘v8::Local<v8::Context>’
/root/.cache/node-gyp/12.13.1/include/node/v8.h:1684:51: note: candidate: ‘static v8::MaybeLocal<v8::Script> v8::ScriptCompiler::Compile(v8::Local<v8::Context>, v8::ScriptCompiler::StreamedSource*, v8::Local<v8::String>, const v8::ScriptOrigin&)’
   static V8_WARN_UNUSED_RESULT MaybeLocal<Script> Compile(
                                                   ^~~~~~~
/root/.cache/node-gyp/12.13.1/include/node/v8.h:1684:51: note:   candidate expects 4 arguments, 2 provided
In file included from ../ext/bson.h:17,
                 from ../ext/bson.cc:35:
../../../../nan/nan.h: In function ‘v8::Local<v8::Value> NanRunScript(v8::Local<v8::UnboundScript>)’:
../../../../nan/nan.h:827:48: error: no matching function for call to ‘v8::Script::Run()’
     return script->BindToCurrentContext()->Run();
                                                ^
In file included from ../ext/bson.cc:14:
/root/.cache/node-gyp/12.13.1/include/node/v8.h:1413:43: note: candidate: ‘v8::MaybeLocal<v8::Value> v8::Script::Run(v8::Local<v8::Context>)’
   V8_WARN_UNUSED_RESULT MaybeLocal<Value> Run(Local<Context> context);
                                           ^~~
/root/.cache/node-gyp/12.13.1/include/node/v8.h:1413:43: note:   candidate expects 1 argument, 0 provided
In file included from ../ext/bson.h:17,
                 from ../ext/bson.cc:35:
../../../../nan/nan.h: In function ‘v8::Local<v8::Value> NanRunScript(v8::Local<v8::Script>)’:
../../../../nan/nan.h:833:24: error: no matching function for call to ‘v8::Script::Run()’
     return script->Run();
                        ^
In file included from ../ext/bson.cc:14:
/root/.cache/node-gyp/12.13.1/include/node/v8.h:1413:43: note: candidate: ‘v8::MaybeLocal<v8::Value> v8::Script::Run(v8::Local<v8::Context>)’
   V8_WARN_UNUSED_RESULT MaybeLocal<Value> Run(Local<Context> context);
                                           ^~~
/root/.cache/node-gyp/12.13.1/include/node/v8.h:1413:43: note:   candidate expects 1 argument, 0 provided
In file included from ../ext/bson.h:17,
                 from ../ext/bson.cc:35:
../../../../nan/nan.h: At global scope:
../../../../nan/nan.h:1443:34: error: ‘Handle’ in namespace ‘v8’ does not name a template type
   explicit NanCallback(const v8::Handle<v8::Function> &fn) {
                                  ^~~~~~
../../../../nan/nan.h:1443:40: error: expected ‘,’ or ‘...’ before ‘<’ token
   explicit NanCallback(const v8::Handle<v8::Function> &fn) {
                                        ^
../../../../nan/nan.h:1455:41: error: ‘Handle’ in namespace ‘v8’ does not name a template type
   NAN_INLINE void SetFunction(const v8::Handle<v8::Function> &fn) {
                                         ^~~~~~
../../../../nan/nan.h:1455:47: error: expected ‘,’ or ‘...’ before ‘<’ token
   NAN_INLINE void SetFunction(const v8::Handle<v8::Function> &fn) {
                                               ^
../../../../nan/nan.h:1465:27: error: ‘v8::Handle’ has not been declared
   void Call(int argc, v8::Handle<v8::Value> argv[]) {
                           ^~~~~~
../../../../nan/nan.h:1465:33: error: expected ‘,’ or ‘...’ before ‘<’ token
   void Call(int argc, v8::Handle<v8::Value> argv[]) {
                                 ^
../../../../nan/nan.h: In constructor ‘NanCallback::NanCallback()’:
../../../../nan/nan.h:1440:36: error: no matching function for call to ‘NanAssignPersistent(v8::Persistent<v8::Object>&, v8::Local<v8::Object>&)’
     NanAssignPersistent(handle, obj);
                                    ^
../../../../nan/nan.h:615:19: note: candidate: ‘template<class T> void NanAssignPersistent(v8::Persistent<T, v8::NonCopyablePersistentTraits<T> >&, int)’
   NAN_INLINE void NanAssignPersistent(
                   ^~~~~~~~~~~~~~~~~~~
../../../../nan/nan.h:615:19: note:   template argument deduction/substitution failed:
../../../../nan/nan.h:1440:33: note:   cannot convert ‘obj’ (type ‘v8::Local<v8::Object>’) to type ‘int’
     NanAssignPersistent(handle, obj);
                                 ^~~
../../../../nan/nan.h:622:19: note: candidate: ‘template<class T> void NanAssignPersistent(v8::Persistent<T, v8::NonCopyablePersistentTraits<T> >&, const v8::Persistent<T, v8::NonCopyablePersistentTraits<T> >&)’
   NAN_INLINE void NanAssignPersistent(
                   ^~~~~~~~~~~~~~~~~~~
../../../../nan/nan.h:622:19: note:   template argument deduction/substitution failed:
../../../../nan/nan.h:1440:36: note:   ‘v8::Local<v8::Object>’ is not derived from ‘const v8::Persistent<T, v8::NonCopyablePersistentTraits<T> >’
     NanAssignPersistent(handle, obj);
                                    ^
../../../../nan/nan.h: In constructor ‘NanCallback::NanCallback(int)’:
../../../../nan/nan.h:1446:36: error: no matching function for call to ‘NanAssignPersistent(v8::Persistent<v8::Object>&, v8::Local<v8::Object>&)’
     NanAssignPersistent(handle, obj);
                                    ^
../../../../nan/nan.h:615:19: note: candidate: ‘template<class T> void NanAssignPersistent(v8::Persistent<T, v8::NonCopyablePersistentTraits<T> >&, int)’
   NAN_INLINE void NanAssignPersistent(
                   ^~~~~~~~~~~~~~~~~~~
../../../../nan/nan.h:615:19: note:   template argument deduction/substitution failed:
../../../../nan/nan.h:1446:33: note:   cannot convert ‘obj’ (type ‘v8::Local<v8::Object>’) to type ‘int’
     NanAssignPersistent(handle, obj);
                                 ^~~
../../../../nan/nan.h:622:19: note: candidate: ‘template<class T> void NanAssignPersistent(v8::Persistent<T, v8::NonCopyablePersistentTraits<T> >&, const v8::Persistent<T, v8::NonCopyablePersistentTraits<T> >&)’
   NAN_INLINE void NanAssignPersistent(
                   ^~~~~~~~~~~~~~~~~~~
../../../../nan/nan.h:622:19: note:   template argument deduction/substitution failed:
../../../../nan/nan.h:1446:36: note:   ‘v8::Local<v8::Object>’ is not derived from ‘const v8::Persistent<T, v8::NonCopyablePersistentTraits<T> >’
     NanAssignPersistent(handle, obj);
                                    ^
../../../../nan/nan.h:1447:17: error: ‘fn’ was not declared in this scope
     SetFunction(fn);
                 ^~
../../../../nan/nan.h:1447:17: note: suggested alternative: ‘yn’
     SetFunction(fn);
                 ^~
                 yn
../../../../nan/nan.h: In member function ‘void NanCallback::SetFunction(int)’:
../../../../nan/nan.h:1457:48: error: ‘fn’ was not declared in this scope
     NanNew(handle)->Set(NanSymbol("callback"), fn);
                                                ^~
../../../../nan/nan.h:1457:48: note: suggested alternative: ‘yn’
     NanNew(handle)->Set(NanSymbol("callback"), fn);
                                                ^~
                                                yn
../../../../nan/nan.h: In member function ‘v8::Local<v8::Function> NanCallback::GetFunction()’:
../../../../nan/nan.h:1461:53: warning: ‘v8::Local<v8::Value> v8::Object::Get(v8::Local<v8::Value>)’ is deprecated: Use maybe version [-Wdeprecated-declarations]
     return NanNew(handle)->Get(NanSymbol("callback"))
                                                     ^
In file included from /root/.cache/node-gyp/12.13.1/include/node/v8-internal.h:14,
                 from /root/.cache/node-gyp/12.13.1/include/node/v8.h:25,
                 from ../ext/bson.cc:14:
/root/.cache/node-gyp/12.13.1/include/node/v8.h:3457:51: note: declared here
   V8_DEPRECATED("Use maybe version", Local<Value> Get(Local<Value> key));
                                                   ^~~
/root/.cache/node-gyp/12.13.1/include/node/v8config.h:311:3: note: in definition of macro ‘V8_DEPRECATED’
   declarator __attribute__((deprecated(message)))
   ^~~~~~~~~~
In file included from ../ext/bson.h:17,
                 from ../ext/bson.cc:35:
../../../../nan/nan.h: In member function ‘void NanCallback::Call(int, int)’:
../../../../nan/nan.h:1469:34: warning: ‘v8::Local<v8::Value> v8::Object::Get(v8::Local<v8::Value>)’ is deprecated: Use maybe version [-Wdeprecated-declarations]
         Get(NanSymbol("callback")).As<v8::Function>();
                                  ^
In file included from /root/.cache/node-gyp/12.13.1/include/node/v8-internal.h:14,
                 from /root/.cache/node-gyp/12.13.1/include/node/v8.h:25,
                 from ../ext/bson.cc:14:
/root/.cache/node-gyp/12.13.1/include/node/v8.h:3457:51: note: declared here
   V8_DEPRECATED("Use maybe version", Local<Value> Get(Local<Value> key));
                                                   ^~~
/root/.cache/node-gyp/12.13.1/include/node/v8config.h:311:3: note: in definition of macro ‘V8_DEPRECATED’
   declarator __attribute__((deprecated(message)))
   ^~~~~~~~~~
In file included from ../ext/bson.h:17,
                 from ../ext/bson.cc:35:
../../../../nan/nan.h:1475:9: error: ‘argv’ was not declared in this scope
       , argv
         ^~~~
../../../../nan/nan.h:1475:9: note: suggested alternative: ‘argc’
       , argv
         ^~~~
         argc
../../../../nan/nan.h: In constructor ‘NanAsyncWorker::NanAsyncWorker(NanCallback*)’:
../../../../nan/nan.h:1505:46: error: no matching function for call to ‘NanAssignPersistent(v8::Persistent<v8::Object>&, v8::Local<v8::Object>&)’
     NanAssignPersistent(persistentHandle, obj);
                                              ^
../../../../nan/nan.h:615:19: note: candidate: ‘template<class T> void NanAssignPersistent(v8::Persistent<T, v8::NonCopyablePersistentTraits<T> >&, int)’
   NAN_INLINE void NanAssignPersistent(
                   ^~~~~~~~~~~~~~~~~~~
../../../../nan/nan.h:615:19: note:   template argument deduction/substitution failed:
../../../../nan/nan.h:1505:43: note:   cannot convert ‘obj’ (type ‘v8::Local<v8::Object>’) to type ‘int’
     NanAssignPersistent(persistentHandle, obj);
                                           ^~~
../../../../nan/nan.h:622:19: note: candidate: ‘template<class T> void NanAssignPersistent(v8::Persistent<T, v8::NonCopyablePersistentTraits<T> >&, const v8::Persistent<T, v8::NonCopyablePersistentTraits<T> >&)’
   NAN_INLINE void NanAssignPersistent(
                   ^~~~~~~~~~~~~~~~~~~
../../../../nan/nan.h:622:19: note:   template argument deduction/substitution failed:
../../../../nan/nan.h:1505:46: note:   ‘v8::Local<v8::Object>’ is not derived from ‘const v8::Persistent<T, v8::NonCopyablePersistentTraits<T> >’
     NanAssignPersistent(persistentHandle, obj);
                                              ^
../../../../nan/nan.h: In member function ‘void NanAsyncWorker::SaveToPersistent(const char*, v8::Local<v8::Object>&)’:
../../../../nan/nan.h:1532:36: warning: ‘bool v8::Object::Set(v8::Local<v8::Value>, v8::Local<v8::Value>)’ is deprecated: Use maybe version [-Wdeprecated-declarations]
     handle->Set(NanSymbol(key), obj);
                                    ^
In file included from /root/.cache/node-gyp/12.13.1/include/node/v8-internal.h:14,
                 from /root/.cache/node-gyp/12.13.1/include/node/v8.h:25,
                 from ../ext/bson.cc:14:
/root/.cache/node-gyp/12.13.1/include/node/v8.h:3403:22: note: declared here
                 bool Set(Local<Value> key, Local<Value> value));
                      ^~~
/root/.cache/node-gyp/12.13.1/include/node/v8config.h:311:3: note: in definition of macro ‘V8_DEPRECATED’
   declarator __attribute__((deprecated(message)))
   ^~~~~~~~~~
In file included from ../ext/bson.h:17,
                 from ../ext/bson.cc:35:
../../../../nan/nan.h: In member function ‘v8::Local<v8::Object> NanAsyncWorker::GetFromPersistent(const char*)’:
../../../../nan/nan.h:1538:53: warning: ‘v8::Local<v8::Value> v8::Object::Get(v8::Local<v8::Value>)’ is deprecated: Use maybe version [-Wdeprecated-declarations]
     return NanEscapeScope(handle->Get(NanSymbol(key)).As<v8::Object>());
                                                     ^
../../../../nan/nan.h:684:43: note: in definition of macro ‘NanEscapeScope’
 # define NanEscapeScope(val) scope.Escape(val)
                                           ^~~
In file included from /root/.cache/node-gyp/12.13.1/include/node/v8-internal.h:14,
                 from /root/.cache/node-gyp/12.13.1/include/node/v8.h:25,
                 from ../ext/bson.cc:14:
/root/.cache/node-gyp/12.13.1/include/node/v8.h:3457:51: note: declared here
   V8_DEPRECATED("Use maybe version", Local<Value> Get(Local<Value> key));
                                                   ^~~
/root/.cache/node-gyp/12.13.1/include/node/v8config.h:311:3: note: in definition of macro ‘V8_DEPRECATED’
   declarator __attribute__((deprecated(message)))
   ^~~~~~~~~~
In file included from ../ext/bson.h:17,
                 from ../ext/bson.cc:35:
../../../../nan/nan.h: In member function ‘virtual void NanAsyncWorker::HandleOKCallback()’:
../../../../nan/nan.h:1553:27: warning: passing NULL to non-pointer argument 2 of ‘void NanCallback::Call(int, int)’ [-Wconversion-null]
     callback->Call(0, NULL);
                           ^
../../../../nan/nan.h: In member function ‘virtual void NanAsyncWorker::HandleErrorCallback()’:
../../../../nan/nan.h:1562:23: error: invalid conversion from ‘v8::Local<v8::Value>*’ to ‘int’ [-fpermissive]
     callback->Call(1, argv);
                       ^~~~
../../../../nan/nan.h:1465:23: note:   initializing argument 2 of ‘void NanCallback::Call(int, int)’
   void Call(int argc, v8::Handle<v8::Value> argv[]) {
                       ^~~~~~~~~~
../../../../nan/nan.h: In function ‘void NanAsyncQueueWorker(NanAsyncWorker*)’:
../../../../nan/nan.h:1582:25: warning: cast between incompatible function types from ‘void (*)(uv_work_t*)’ {aka ‘void (*)(uv_work_s*)’} to ‘uv_after_work_cb’ {aka ‘void (*)(uv_work_s*, int)’} [-Wcast-function-type]
     , (uv_after_work_cb)NanAsyncExecuteComplete
                         ^~~~~~~~~~~~~~~~~~~~~~~
../../../../nan/nan.h: At global scope:
../../../../nan/nan.h:1715:9: error: ‘Handle’ is not a member of ‘v8’
     v8::Handle<v8::Value> val
         ^~~~~~
../../../../nan/nan.h:1715:25: error: expected primary-expression before ‘>’ token
     v8::Handle<v8::Value> val
                         ^
../../../../nan/nan.h:1715:27: error: ‘val’ was not declared in this scope
     v8::Handle<v8::Value> val
                           ^~~
../../../../nan/nan.h:1716:5: error: expected primary-expression before ‘const’
   , const char** data
     ^~~~~
../../../../nan/nan.h:1717:11: error: expected primary-expression before ‘*’ token
   , size_t* len
           ^
../../../../nan/nan.h:1717:13: error: ‘len’ was not declared in this scope
   , size_t* len
             ^~~
../../../../nan/nan.h:1717:13: note: suggested alternative: ‘send’
   , size_t* len
             ^~~
             send
../../../../nan/nan.h:1718:1: error: expression list treated as compound expression in initializer [-fpermissive]
 ) {
 ^
../../../../nan/nan.h:1751:9: warning: inline variables are only available with -std=c++17 or -std=gnu++17
     v8::Handle<v8::Value> from
         ^~~~~~
../../../../nan/nan.h:1751:9: warning: ‘always_inline’ attribute ignored [-Wattributes]
../../../../nan/nan.h:1751:9: error: ‘Handle’ is not a member of ‘v8’
../../../../nan/nan.h:1751:25: error: expected primary-expression before ‘>’ token
     v8::Handle<v8::Value> from
                         ^
../../../../nan/nan.h:1751:27: error: ‘from’ was not declared in this scope
     v8::Handle<v8::Value> from
                           ^~~~
../../../../nan/nan.h:1751:27: note: suggested alternative: ‘fromfp’
     v8::Handle<v8::Value> from
                           ^~~~
                           fromfp
../../../../nan/nan.h:1752:5: error: expected primary-expression before ‘enum’
   , enum Nan::Encoding encoding
     ^~~~
../../../../nan/nan.h:1753:12: error: expected primary-expression before ‘*’ token
   , size_t *datalen
            ^
../../../../nan/nan.h:1753:13: error: ‘datalen’ was not declared in this scope
   , size_t *datalen
             ^~~~~~~
../../../../nan/nan.h:1753:13: note: suggested alternative: ‘strlen’
   , size_t *datalen
             ^~~~~~~
             strlen
../../../../nan/nan.h:1754:5: error: expected primary-expression before ‘void’
   , void *buf
     ^~~~
../../../../nan/nan.h:1755:12: error: expected primary-expression before ‘buflen’
   , size_t buflen
            ^~~~~~
../../../../nan/nan.h:1756:5: error: expected primary-expression before ‘int’
   , int flags
     ^~~
../../../../nan/nan.h:1757:1: error: expression list treated as compound expression in initializer [-fpermissive]
 ) {
 ^
../../../../nan/nan.h:1899:9: warning: inline variables are only available with -std=c++17 or -std=gnu++17
     v8::Handle<v8::Value> from
         ^~~~~~
../../../../nan/nan.h:1899:9: warning: ‘always_inline’ attribute ignored [-Wattributes]
../../../../nan/nan.h:1899:9: error: ‘Handle’ is not a member of ‘v8’
../../../../nan/nan.h:1899:25: error: expected primary-expression before ‘>’ token
     v8::Handle<v8::Value> from
                         ^
../../../../nan/nan.h:1899:27: error: ‘from’ was not declared in this scope
     v8::Handle<v8::Value> from
                           ^~~~
../../../../nan/nan.h:1899:27: note: suggested alternative: ‘fromfp’
     v8::Handle<v8::Value> from
                           ^~~~
                           fromfp
../../../../nan/nan.h:1900:12: error: expected primary-expression before ‘*’ token
   , size_t *datalen
            ^
../../../../nan/nan.h:1900:13: error: ‘datalen’ was not declared in this scope
   , size_t *datalen
             ^~~~~~~
../../../../nan/nan.h:1900:13: note: suggested alternative: ‘strlen’
   , size_t *datalen
             ^~~~~~~
             strlen
../../../../nan/nan.h:1901:5: error: expected primary-expression before ‘char’
   , char *buf = NULL
     ^~~~
../../../../nan/nan.h:1902:12: error: expected primary-expression before ‘buflen’
   , size_t buflen = 0
            ^~~~~~
../../../../nan/nan.h:1903:5: error: expected primary-expression before ‘int’
   , int flags = v8::String::NO_OPTIONS
     ^~~
../../../../nan/nan.h:1904:1: error: expression list treated as compound expression in initializer [-fpermissive]
 ) {
 ^
In file included from ../ext/bson.cc:35:
../ext/bson.h:56:25: error: ‘Handle’ has not been declared
  static void Initialize(Handle<Object> target);
                         ^~~~~~
../ext/bson.h:56:31: error: expected ‘,’ or ‘...’ before ‘<’ token
  static void Initialize(Handle<Object> target);
                               ^
../ext/bson.h:72:9: error: ‘Handle’ does not name a type; did you mean ‘daddl’?
  static Handle<Value> deserialize(BSON *bson, char *data, uint32_t dataLength, uint32_t startIndex, bool is_array_item);
         ^~~~~~
         daddl
../ext/bson.h:120:41: error: ‘Handle’ does not name a type; did you mean ‘daddl’?
  Local<Object> GetSerializeObject(const Handle<Value>& object);
                                         ^~~~~~
                                         daddl
../ext/bson.h:120:47: error: expected ‘,’ or ‘...’ before ‘<’ token
  Local<Object> GetSerializeObject(const Handle<Value>& object);
                                               ^
../ext/bson.h:134:23: error: ‘Handle’ does not name a type; did you mean ‘daddl’?
  void WriteByte(const Handle<Object>&, const Handle<String>&) { ++count; }
                       ^~~~~~
                       daddl
../ext/bson.h:134:29: error: expected ‘,’ or ‘...’ before ‘<’ token
  void WriteByte(const Handle<Object>&, const Handle<String>&) { ++count; }
                             ^
../ext/bson.h:134:7: error: ‘void CountStream::WriteByte(int)’ cannot be overloaded with ‘void CountStream::WriteByte(int)’
  void WriteByte(const Handle<Object>&, const Handle<String>&) { ++count; }
       ^~~~~~~~~
../ext/bson.h:133:7: note: previous declaration ‘void CountStream::WriteByte(int)’
  void WriteByte(int value)         { ++count; }
       ^~~~~~~~~
../ext/bson.h:135:23: error: ‘Handle’ does not name a type; did you mean ‘daddl’?
  void WriteBool(const Handle<Value>& value)     { ++count; }
                       ^~~~~~
                       daddl
../ext/bson.h:135:29: error: expected ‘,’ or ‘...’ before ‘<’ token
  void WriteBool(const Handle<Value>& value)     { ++count; }
                             ^
../ext/bson.h:137:24: error: ‘Handle’ does not name a type; did you mean ‘daddl’?
  void WriteInt32(const Handle<Value>& value)     { count += 4; }
                        ^~~~~~
                        daddl
../ext/bson.h:137:30: error: expected ‘,’ or ‘...’ before ‘<’ token
  void WriteInt32(const Handle<Value>& value)     { count += 4; }
                              ^
../ext/bson.h:137:7: error: ‘void CountStream::WriteInt32(int)’ cannot be overloaded with ‘void CountStream::WriteInt32(int32_t)’
  void WriteInt32(const Handle<Value>& value)     { count += 4; }
       ^~~~~~~~~~
../ext/bson.h:136:7: note: previous declaration ‘void CountStream::WriteInt32(int32_t)’
  void WriteInt32(int32_t value)        { count += 4; }
       ^~~~~~~~~~
../ext/bson.h:138:24: error: ‘Handle’ does not name a type; did you mean ‘daddl’?
  void WriteInt32(const Handle<Object>& object, const Handle<String>& key) { count += 4; }
                        ^~~~~~
                        daddl
../ext/bson.h:138:30: error: expected ‘,’ or ‘...’ before ‘<’ token
  void WriteInt32(const Handle<Object>& object, const Handle<String>& key) { count += 4; }
                              ^
../ext/bson.h:138:7: error: ‘void CountStream::WriteInt32(int)’ cannot be overloaded with ‘void CountStream::WriteInt32(int32_t)’
  void WriteInt32(const Handle<Object>& object, const Handle<String>& key) { count += 4; }
       ^~~~~~~~~~
../ext/bson.h:136:7: note: previous declaration ‘void CountStream::WriteInt32(int32_t)’
  void WriteInt32(int32_t value)        { count += 4; }
       ^~~~~~~~~~
../ext/bson.h:140:24: error: ‘Handle’ does not name a type; did you mean ‘daddl’?
  void WriteInt64(const Handle<Value>& value)     { count += 8; }
                        ^~~~~~
                        daddl
../ext/bson.h:140:30: error: expected ‘,’ or ‘...’ before ‘<’ token
  void WriteInt64(const Handle<Value>& value)     { count += 8; }
                              ^
../ext/bson.h:142:25: error: ‘Handle’ does not name a type; did you mean ‘daddl’?
  void WriteDouble(const Handle<Value>& value)     { count += 8; }
                         ^~~~~~
                         daddl
../ext/bson.h:142:31: error: expected ‘,’ or ‘...’ before ‘<’ token
  void WriteDouble(const Handle<Value>& value)     { count += 8; }
                               ^
../ext/bson.h:143:25: error: ‘Handle’ does not name a type; did you mean ‘daddl’?
  void WriteDouble(const Handle<Object>&, const Handle<String>&) { count += 8; }
                         ^~~~~~
                         daddl
../ext/bson.h:143:31: error: expected ‘,’ or ‘...’ before ‘<’ token
  void WriteDouble(const Handle<Object>&, const Handle<String>&) { count += 8; }
                               ^
../ext/bson.h:143:7: error: ‘void CountStream::WriteDouble(int)’ cannot be overloaded with ‘void CountStream::WriteDouble(int)’
  void WriteDouble(const Handle<Object>&, const Handle<String>&) { count += 8; }
       ^~~~~~~~~~~
../ext/bson.h:142:7: note: previous declaration ‘void CountStream::WriteDouble(int)’
  void WriteDouble(const Handle<Value>& value)     { count += 8; }
       ^~~~~~~~~~~
../ext/bson.h:146:27: error: ‘Handle’ does not name a type; did you mean ‘daddl’?
  void WriteObjectId(const Handle<Object>& object, const Handle<String>& key)    { count += 12; }
                           ^~~~~~
                           daddl
../ext/bson.h:146:33: error: expected ‘,’ or ‘...’ before ‘<’ token
  void WriteObjectId(const Handle<Object>& object, const Handle<String>& key)    { count += 12; }
                                 ^
../ext/bson.h: In member function ‘void CountStream::WriteLengthPrefixedString(const v8::Local<v8::String>&)’:
../ext/bson.h:145:90: error: no matching function for call to ‘v8::String::Utf8Length()’
  void WriteLengthPrefixedString(const Local<String>& value) { count += value->Utf8Length()+5; }
                                                                                          ^
In file included from ../ext/bson.cc:14:
/root/.cache/node-gyp/12.13.1/include/node/v8.h:2722:7: note: candidate: ‘int v8::String::Utf8Length(v8::Isolate*) const’
   int Utf8Length(Isolate* isolate) const;
       ^~~~~~~~~~
/root/.cache/node-gyp/12.13.1/include/node/v8.h:2722:7: note:   candidate expects 1 argument, 0 provided
In file included from ../ext/bson.cc:35:
../ext/bson.h: In member function ‘void CountStream::WriteString(const v8::Local<v8::String>&)’:
../ext/bson.h:147:80: error: no matching function for call to ‘v8::String::Utf8Length()’
  void WriteString(const Local<String>& value)     { count += value->Utf8Length() + 1; } // This returns the number of bytes exclusive of the NULL terminator
                                                                                ^
In file included from ../ext/bson.cc:14:
/root/.cache/node-gyp/12.13.1/include/node/v8.h:2722:7: note: candidate: ‘int v8::String::Utf8Length(v8::Isolate*) const’
   int Utf8Length(Isolate* isolate) const;
       ^~~~~~~~~~
/root/.cache/node-gyp/12.13.1/include/node/v8.h:2722:7: note:   candidate expects 1 argument, 0 provided
In file included from ../ext/bson.cc:35:
../ext/bson.h: At global scope:
../ext/bson.h:170:23: error: ‘Handle’ does not name a type; did you mean ‘daddl’?
  void WriteByte(const Handle<Object>& object, const Handle<String>& key) { *p++ = object->Get(key)->Int32Value(); }
                       ^~~~~~
                       daddl
../ext/bson.h:170:29: error: expected ‘,’ or ‘...’ before ‘<’ token
  void WriteByte(const Handle<Object>& object, const Handle<String>& key) { *p++ = object->Get(key)->Int32Value(); }
                             ^
../ext/bson.h:170:7: error: ‘void DataStream::WriteByte(int)’ cannot be overloaded with ‘void DataStream::WriteByte(int)’
  void WriteByte(const Handle<Object>& object, const Handle<String>& key) { *p++ = object->Get(key)->Int32Value(); }
       ^~~~~~~~~
../ext/bson.h:169:7: note: previous declaration ‘void DataStream::WriteByte(int)’
  void WriteByte(int value)         { *p++ = value; }
       ^~~~~~~~~
../ext/bson.h:180:23: error: ‘Handle’ does not name a type; did you mean ‘daddl’?
  void WriteBool(const Handle<Value>& value)     { WriteByte(value->BooleanValue() ? 1 : 0); }
                       ^~~~~~
                       daddl
../ext/bson.h:180:29: error: expected ‘,’ or ‘...’ before ‘<’ token
  void WriteBool(const Handle<Value>& value)     { WriteByte(value->BooleanValue() ? 1 : 0); }
                             ^
../ext/bson.h:181:24: error: ‘Handle’ does not name a type; did you mean ‘daddl’?
  void WriteInt32(const Handle<Value>& value)     { WriteInt32(value->Int32Value());   }
                        ^~~~~~
                        daddl
../ext/bson.h:181:30: error: expected ‘,’ or ‘...’ before ‘<’ token
  void WriteInt32(const Handle<Value>& value)     { WriteInt32(value->Int32Value());   }
                              ^
../ext/bson.h:181:7: error: ‘void DataStream::WriteInt32(int)’ cannot be overloaded with ‘void DataStream::WriteInt32(int32_t)’
  void WriteInt32(const Handle<Value>& value)     { WriteInt32(value->Int32Value());   }
       ^~~~~~~~~~
../ext/bson.h:172:7: note: previous declaration ‘void DataStream::WriteInt32(int32_t)’
  void WriteInt32(int32_t value)        { *reinterpret_cast<int32_t*>(p) = value; p += 4; }
       ^~~~~~~~~~
../ext/bson.h:182:24: error: ‘Handle’ does not name a type; did you mean ‘daddl’?
  void WriteInt32(const Handle<Object>& object, const Handle<String>& key) { WriteInt32(object->Get(key)); }
                        ^~~~~~
                        daddl
../ext/bson.h:182:30: error: expected ‘,’ or ‘...’ before ‘<’ token
  void WriteInt32(const Handle<Object>& object, const Handle<String>& key) { WriteInt32(object->Get(key)); }
                              ^
../ext/bson.h:182:7: error: ‘void DataStream::WriteInt32(int)’ cannot be overloaded with ‘void DataStream::WriteInt32(int32_t)’
  void WriteInt32(const Handle<Object>& object, const Handle<String>& key) { WriteInt32(object->Get(key)); }
       ^~~~~~~~~~
../ext/bson.h:172:7: note: previous declaration ‘void DataStream::WriteInt32(int32_t)’
  void WriteInt32(int32_t value)        { *reinterpret_cast<int32_t*>(p) = value; p += 4; }
       ^~~~~~~~~~
../ext/bson.h:183:24: error: ‘Handle’ does not name a type; did you mean ‘daddl’?
  void WriteInt64(const Handle<Value>& value)     { WriteInt64(value->IntegerValue());  }
                        ^~~~~~
                        daddl
../ext/bson.h:183:30: error: expected ‘,’ or ‘...’ before ‘<’ token
  void WriteInt64(const Handle<Value>& value)     { WriteInt64(value->IntegerValue());  }
                              ^
../ext/bson.h:184:25: error: ‘Handle’ does not name a type; did you mean ‘daddl’?
  void WriteDouble(const Handle<Value>& value)     { WriteDouble(value->NumberValue());  }
                         ^~~~~~
                         daddl
../ext/bson.h:184:31: error: expected ‘,’ or ‘...’ before ‘<’ token
  void WriteDouble(const Handle<Value>& value)     { WriteDouble(value->NumberValue());  }
                               ^
../ext/bson.h:185:25: error: ‘Handle’ does not name a type; did you mean ‘daddl’?
  void WriteDouble(const Handle<Object>& object, const Handle<String>& key) { WriteDouble(object->Get(key)); }
                         ^~~~~~
                         daddl
../ext/bson.h:185:31: error: expected ‘,’ or ‘...’ before ‘<’ token
  void WriteDouble(const Handle<Object>& object, const Handle<String>& key) { WriteDouble(object->Get(key)); }
                               ^
../ext/bson.h:185:7: error: ‘void DataStream::WriteDouble(int)’ cannot be overloaded with ‘void DataStream::WriteDouble(int)’
  void WriteDouble(const Handle<Object>& object, const Handle<String>& key) { WriteDouble(object->Get(key)); }
       ^~~~~~~~~~~
../ext/bson.h:184:7: note: previous declaration ‘void DataStream::WriteDouble(int)’
  void WriteDouble(const Handle<Value>& value)     { WriteDouble(value->NumberValue());  }
       ^~~~~~~~~~~
../ext/bson.h:188:27: error: ‘Handle’ does not name a type; did you mean ‘daddl’?
  void WriteObjectId(const Handle<Object>& object, const Handle<String>& key);
                           ^~~~~~
                           daddl
../ext/bson.h:188:33: error: expected ‘,’ or ‘...’ before ‘<’ token
  void WriteObjectId(const Handle<Object>& object, const Handle<String>& key);
                                 ^
../ext/bson.h: In member function ‘void DataStream::WriteByte(int)’:
../ext/bson.h:170:83: error: ‘object’ was not declared in this scope
  void WriteByte(const Handle<Object>& object, const Handle<String>& key) { *p++ = object->Get(key)->Int32Value(); }
                                                                                   ^~~~~~
../ext/bson.h:170:83: note: suggested alternative: ‘connect’
  void WriteByte(const Handle<Object>& object, const Handle<String>& key) { *p++ = object->Get(key)->Int32Value(); }
                                                                                   ^~~~~~
                                                                                   connect
../ext/bson.h:170:95: error: ‘key’ was not declared in this scope
  void WriteByte(const Handle<Object>& object, const Handle<String>& key) { *p++ = object->Get(key)->Int32Value(); }
                                                                                               ^~~
../ext/bson.h: In member function ‘void DataStream::WriteBool(int)’:
../ext/bson.h:180:61: error: ‘value’ was not declared in this scope
  void WriteBool(const Handle<Value>& value)     { WriteByte(value->BooleanValue() ? 1 : 0); }
                                                             ^~~~~
../ext/bson.h: In member function ‘void DataStream::WriteInt32(int)’:
../ext/bson.h:181:63: error: ‘value’ was not declared in this scope
  void WriteInt32(const Handle<Value>& value)     { WriteInt32(value->Int32Value());   }
                                                               ^~~~~
../ext/bson.h: In member function ‘void DataStream::WriteInt32(int)’:
../ext/bson.h:182:88: error: ‘object’ was not declared in this scope
  void WriteInt32(const Handle<Object>& object, const Handle<String>& key) { WriteInt32(object->Get(key)); }
                                                                                        ^~~~~~
../ext/bson.h:182:88: note: suggested alternative: ‘connect’
  void WriteInt32(const Handle<Object>& object, const Handle<String>& key) { WriteInt32(object->Get(key)); }
                                                                                        ^~~~~~
                                                                                        connect
../ext/bson.h:182:100: error: ‘key’ was not declared in this scope
  void WriteInt32(const Handle<Object>& object, const Handle<String>& key) { WriteInt32(object->Get(key)); }
                                                                                                    ^~~
../ext/bson.h: In member function ‘void DataStream::WriteInt64(int)’:
../ext/bson.h:183:63: error: ‘value’ was not declared in this scope
  void WriteInt64(const Handle<Value>& value)     { WriteInt64(value->IntegerValue());  }
                                                               ^~~~~
../ext/bson.h: In member function ‘void DataStream::WriteDouble(int)’:
../ext/bson.h:184:65: error: ‘value’ was not declared in this scope
  void WriteDouble(const Handle<Value>& value)     { WriteDouble(value->NumberValue());  }
                                                                 ^~~~~
../ext/bson.h: In member function ‘void DataStream::WriteDouble(int)’:
../ext/bson.h:185:90: error: ‘object’ was not declared in this scope
  void WriteDouble(const Handle<Object>& object, const Handle<String>& key) { WriteDouble(object->Get(key)); }
                                                                                          ^~~~~~
../ext/bson.h:185:90: note: suggested alternative: ‘connect’
  void WriteDouble(const Handle<Object>& object, const Handle<String>& key) { WriteDouble(object->Get(key)); }
                                                                                          ^~~~~~
                                                                                          connect
../ext/bson.h:185:102: error: ‘key’ was not declared in this scope
  void WriteDouble(const Handle<Object>& object, const Handle<String>& key) { WriteDouble(object->Get(key)); }
                                                                                                      ^~~
../ext/bson.h: In member function ‘void DataStream::WriteLengthPrefixedString(const v8::Local<v8::String>&)’:
../ext/bson.h:187:92: error: no matching function for call to ‘v8::String::Utf8Length()’
  void WriteLengthPrefixedString(const Local<String>& value) { WriteInt32(value->Utf8Length()+1); WriteString(value); }
                                                                                            ^
In file included from ../ext/bson.cc:14:
/root/.cache/node-gyp/12.13.1/include/node/v8.h:2722:7: note: candidate: ‘int v8::String::Utf8Length(v8::Isolate*) const’
   int Utf8Length(Isolate* isolate) const;
       ^~~~~~~~~~
/root/.cache/node-gyp/12.13.1/include/node/v8.h:2722:7: note:   candidate expects 1 argument, 0 provided
In file included from ../ext/bson.cc:35:
../ext/bson.h: In member function ‘void DataStream::WriteString(const v8::Local<v8::String>&)’:
../ext/bson.h:189:76: error: no matching function for call to ‘v8::String::WriteUtf8(char*&)’
  void WriteString(const Local<String>& value)     { p += value->WriteUtf8(p); }  // This returns the number of bytes inclusive of the NULL terminator.
                                                                            ^
In file included from ../ext/bson.cc:14:
/root/.cache/node-gyp/12.13.1/include/node/v8.h:2782:7: note: candidate: ‘int v8::String::WriteUtf8(v8::Isolate*, char*, int, int*, int) const’
   int WriteUtf8(Isolate* isolate, char* buffer, int length = -1,
       ^~~~~~~~~
/root/.cache/node-gyp/12.13.1/include/node/v8.h:2782:7: note:   candidate expects 5 arguments, 1 provided
In file included from ../ext/bson.cc:35:
../ext/bson.h: At global scope:
../ext/bson.h:220:31: error: ‘Handle’ does not name a type; did you mean ‘daddl’?
  void SerializeDocument(const Handle<Value>& value);
                               ^~~~~~
                               daddl
../ext/bson.h:220:37: error: expected ‘,’ or ‘...’ before ‘<’ token
  void SerializeDocument(const Handle<Value>& value);
                                     ^
../ext/bson.h:221:28: error: ‘Handle’ does not name a type; did you mean ‘daddl’?
  void SerializeArray(const Handle<Value>& value);
                            ^~~~~~
                            daddl
../ext/bson.h:221:34: error: expected ‘,’ or ‘...’ before ‘<’ token
  void SerializeArray(const Handle<Value>& value);
                                  ^
../ext/bson.h:222:48: error: ‘Handle’ does not name a type; did you mean ‘daddl’?
  void SerializeValue(void* typeLocation, const Handle<Value>& value);
                                                ^~~~~~
                                                daddl
../ext/bson.h:222:54: error: expected ‘,’ or ‘...’ before ‘<’ token
  void SerializeValue(void* typeLocation, const Handle<Value>& value);
                                                      ^
../ext/bson.h:238:2: error: ‘Handle’ does not name a type; did you mean ‘daddl’?
  Handle<Value> DeserializeDocument(bool promoteLongs);
  ^~~~~~
  daddl
../ext/bson.h:241:2: error: ‘Handle’ does not name a type; did you mean ‘daddl’?
  Handle<Value> ReadCString();
  ^~~~~~
  daddl
../ext/bson.h:263:2: error: ‘Handle’ does not name a type; did you mean ‘daddl’?
  Handle<Value> DeserializeArray(bool promoteLongs);
  ^~~~~~
  daddl
../ext/bson.h:264:2: error: ‘Handle’ does not name a type; did you mean ‘daddl’?
  Handle<Value> DeserializeValue(BsonType type, bool promoteLongs);
  ^~~~~~
  daddl
../ext/bson.h:265:2: error: ‘Handle’ does not name a type; did you mean ‘daddl’?
  Handle<Value> DeserializeDocumentInternal(bool promoteLongs);
  ^~~~~~
  daddl
../ext/bson.h:266:2: error: ‘Handle’ does not name a type; did you mean ‘daddl’?
  Handle<Value> DeserializeArrayInternal(bool promoteLongs);
  ^~~~~~
  daddl
../ext/bson.cc:42:38: error: ‘Handle’ does not name a type; did you mean ‘daddl’?
 void DataStream::WriteObjectId(const Handle<Object>& object, const Handle<String>& key)
                                      ^~~~~~
                                      daddl
../ext/bson.cc:42:44: error: expected ‘,’ or ‘...’ before ‘<’ token
 void DataStream::WriteObjectId(const Handle<Object>& object, const Handle<String>& key)
                                            ^
../ext/bson.cc: In member function ‘void DataStream::WriteObjectId(int)’:
../ext/bson.cc:45:2: error: ‘object’ was not declared in this scope
  object->Get(key)->ToString()->Write(buffer, 0, 12);
  ^~~~~~
../ext/bson.cc:45:2: note: suggested alternative: ‘connect’
  object->Get(key)->ToString()->Write(buffer, 0, 12);
  ^~~~~~
  connect
../ext/bson.cc:45:14: error: ‘key’ was not declared in this scope
  object->Get(key)->ToString()->Write(buffer, 0, 12);
              ^~~
../ext/bson.cc: In member function ‘void DataStream::CheckKey(const v8::Local<v8::String>&)’:
../ext/bson.cc:65:41: error: no matching function for call to ‘v8::String::Utf8Length()’
  size_t keyLength = keyName->Utf8Length();
                                         ^
In file included from ../ext/bson.cc:14:
/root/.cache/node-gyp/12.13.1/include/node/v8.h:2722:7: note: candidate: ‘int v8::String::Utf8Length(v8::Isolate*) const’
   int Utf8Length(Isolate* isolate) const;
       ^~~~~~~~~~
/root/.cache/node-gyp/12.13.1/include/node/v8.h:2722:7: note:   candidate expects 1 argument, 0 provided
../ext/bson.cc:71:36: error: no matching function for call to ‘v8::String::WriteUtf8(char*&)’
  keyName->WriteUtf8(keyStringBuffer);
                                    ^
In file included from ../ext/bson.cc:14:
/root/.cache/node-gyp/12.13.1/include/node/v8.h:2782:7: note: candidate: ‘int v8::String::WriteUtf8(v8::Isolate*, char*, int, int*, int) const’
   int WriteUtf8(Isolate* isolate, char* buffer, int length = -1,
       ^~~~~~~~~
/root/.cache/node-gyp/12.13.1/include/node/v8.h:2782:7: note:   candidate expects 5 arguments, 1 provided
../ext/bson.cc: At global scope:
../ext/bson.cc:91:70: error: ‘Handle’ does not name a type; did you mean ‘daddl’?
 template<typename T> void BSONSerializer<T>::SerializeDocument(const Handle<Value>& value)
                                                                      ^~~~~~
                                                                      daddl
../ext/bson.cc:91:76: error: expected ‘,’ or ‘...’ before ‘<’ token
 template<typename T> void BSONSerializer<T>::SerializeDocument(const Handle<Value>& value)
                                                                            ^
../ext/bson.cc: In member function ‘void BSONSerializer<T>::SerializeDocument(int)’:
../ext/bson.cc:94:50: error: ‘value’ was not declared in this scope
  Local<Object> object = bson->GetSerializeObject(value);
                                                  ^~~~~
../ext/bson.cc:97:57: error: no matching function for call to ‘v8::Object::GetPropertyNames()’
   Local<Array> propertyNames = object->GetPropertyNames();
                                                         ^
In file included from ../ext/bson.cc:14:
/root/.cache/node-gyp/12.13.1/include/node/v8.h:3567:43: note: candidate: ‘v8::MaybeLocal<v8::Array> v8::Object::GetPropertyNames(v8::Local<v8::Context>)’
   V8_WARN_UNUSED_RESULT MaybeLocal<Array> GetPropertyNames(
                                           ^~~~~~~~~~~~~~~~
/root/.cache/node-gyp/12.13.1/include/node/v8.h:3567:43: note:   candidate expects 1 argument, 0 provided
/root/.cache/node-gyp/12.13.1/include/node/v8.h:3569:43: note: candidate: ‘v8::MaybeLocal<v8::Array> v8::Object::GetPropertyNames(v8::Local<v8::Context>, v8::KeyCollectionMode, v8::PropertyFilter, v8::IndexFilter, v8::KeyConversionMode)’
   V8_WARN_UNUSED_RESULT MaybeLocal<Array> GetPropertyNames(
                                           ^~~~~~~~~~~~~~~~
/root/.cache/node-gyp/12.13.1/include/node/v8.h:3569:43: note:   candidate expects 5 arguments, 0 provided
../ext/bson.cc:103:71: error: no matching function for call to ‘v8::Value::ToString()’
   const Local<String>& propertyName = propertyNames->Get(i)->ToString();
                                                                       ^
In file included from ../ext/bson.cc:14:
/root/.cache/node-gyp/12.13.1/include/node/v8.h:2572:44: note: candidate: ‘v8::MaybeLocal<v8::String> v8::Value::ToString(v8::Local<v8::Context>) const’
   V8_WARN_UNUSED_RESULT MaybeLocal<String> ToString(
                                            ^~~~~~~~
/root/.cache/node-gyp/12.13.1/include/node/v8.h:2572:44: note:   candidate expects 1 argument, 0 provided
In file included from /root/.cache/node-gyp/12.13.1/include/node/v8-internal.h:14,
                 from /root/.cache/node-gyp/12.13.1/include/node/v8.h:25,
                 from ../ext/bson.cc:14:
/root/.cache/node-gyp/12.13.1/include/node/v8.h:2588:31: note: candidate: ‘v8::Local<v8::String> v8::Value::ToString(v8::Isolate*) const’
                 Local<String> ToString(Isolate* isolate) const);
                               ^~~~~~~~
/root/.cache/node-gyp/12.13.1/include/node/v8config.h:311:3: note: in definition of macro ‘V8_DEPRECATED’
   declarator __attribute__((deprecated(message)))
   ^~~~~~~~~~
/root/.cache/node-gyp/12.13.1/include/node/v8.h:2588:31: note:   candidate expects 1 argument, 0 provided
                 Local<String> ToString(Isolate* isolate) const);
                               ^~~~~~~~
/root/.cache/node-gyp/12.13.1/include/node/v8config.h:311:3: note: in definition of macro ‘V8_DEPRECATED’
   declarator __attribute__((deprecated(message)))
   ^~~~~~~~~~
../ext/bson.cc: At global scope:
../ext/bson.cc:120:67: error: ‘Handle’ does not name a type; did you mean ‘daddl’?
 template<typename T> void BSONSerializer<T>::SerializeArray(const Handle<Value>& value)
                                                                   ^~~~~~
                                                                   daddl
../ext/bson.cc:120:73: error: expected ‘,’ or ‘...’ before ‘<’ token
 template<typename T> void BSONSerializer<T>::SerializeArray(const Handle<Value>& value)
                                                                         ^
../ext/bson.cc: In member function ‘void BSONSerializer<T>::SerializeArray(int)’:
../ext/bson.cc:124:42: error: ‘value’ was not declared in this scope
  Local<Array> array = Local<Array>::Cast(value->ToObject());
                                          ^~~~~
../ext/bson.cc: At global scope:
../ext/bson.cc:141:87: error: ‘Handle’ does not name a type; did you mean ‘daddl’?
 template<typename T> void BSONSerializer<T>::SerializeValue(void* typeLocation, const Handle<Value>& value)
                                                                                       ^~~~~~
                                                                                       daddl
../ext/bson.cc:141:93: error: expected ‘,’ or ‘...’ before ‘<’ token
 template<typename T> void BSONSerializer<T>::SerializeValue(void* typeLocation, const Handle<Value>& value)
                                                                                             ^
../ext/bson.cc: In member function ‘void BSONSerializer<T>::SerializeValue(void*, int)’:
../ext/bson.cc:143:5: error: ‘value’ was not declared in this scope
  if(value->IsNumber())
     ^~~~~
../ext/bson.cc:181:9: error: ‘Handle’ does not name a type; did you mean ‘daddl’?
   const Handle<RegExp>& regExp = Handle<RegExp>::Cast(value);
         ^~~~~~
         daddl
../ext/bson.cc:183:21: error: ‘regExp’ was not declared in this scope
   this->WriteString(regExp->GetSource());
                     ^~~~~~
../ext/bson.cc:183:21: note: suggested alternative: ‘frexp’
   this->WriteString(regExp->GetSource());
                     ^~~~~~
                     frexp
../ext/bson.cc:199:47: error: no matching function for call to ‘v8::Object::Has(v8::Local<v8::String>)’
   if(object->Has(NanNew(bson->_bsontypeString)))
                                               ^
In file included from ../ext/bson.cc:14:
/root/.cache/node-gyp/12.13.1/include/node/v8.h:3494:37: note: candidate: ‘v8::Maybe<bool> v8::Object::Has(v8::Local<v8::Context>, v8::Local<v8::Value>)’
   V8_WARN_UNUSED_RESULT Maybe<bool> Has(Local<Context> context,
                                     ^~~
/root/.cache/node-gyp/12.13.1/include/node/v8.h:3494:37: note:   candidate expects 2 arguments, 1 provided
/root/.cache/node-gyp/12.13.1/include/node/v8.h:3500:37: note: candidate: ‘v8::Maybe<bool> v8::Object::Has(v8::Local<v8::Context>, uint32_t)’
   V8_WARN_UNUSED_RESULT Maybe<bool> Has(Local<Context> context, uint32_t index);
                                     ^~~
/root/.cache/node-gyp/12.13.1/include/node/v8.h:3500:37: note:   candidate expects 2 arguments, 1 provided
../ext/bson.cc:223:85: error: no matching function for call to ‘v8::Value::Uint32Value()’
     uint32_t length = object->Get(NanNew(bson->_binaryPositionString))->Uint32Value();
                                                                                     ^
In file included from ../ext/bson.cc:14:
/root/.cache/node-gyp/12.13.1/include/node/v8.h:2611:41: note: candidate: ‘v8::Maybe<unsigned int> v8::Value::Uint32Value(v8::Local<v8::Context>) const’
   V8_WARN_UNUSED_RESULT Maybe<uint32_t> Uint32Value(
                                         ^~~~~~~~~~~
/root/.cache/node-gyp/12.13.1/include/node/v8.h:2611:41: note:   candidate expects 1 argument, 0 provided
../ext/bson.cc:224:88: error: no matching function for call to ‘v8::Value::ToObject()’
     Local<Object> bufferObj = object->Get(NanNew(bson->_binaryBufferString))->ToObject();
                                                                                        ^
In file included from ../ext/bson.cc:14:
/root/.cache/node-gyp/12.13.1/include/node/v8.h:2576:44: note: candidate: ‘v8::MaybeLocal<v8::Object> v8::Value::ToObject(v8::Local<v8::Context>) const’
   V8_WARN_UNUSED_RESULT MaybeLocal<Object> ToObject(
                                            ^~~~~~~~
/root/.cache/node-gyp/12.13.1/include/node/v8.h:2576:44: note:   candidate expects 1 argument, 0 provided
In file included from /root/.cache/node-gyp/12.13.1/include/node/v8-internal.h:14,
                 from /root/.cache/node-gyp/12.13.1/include/node/v8.h:25,
                 from ../ext/bson.cc:14:
/root/.cache/node-gyp/12.13.1/include/node/v8.h:2590:31: note: candidate: ‘v8::Local<v8::Object> v8::Value::ToObject(v8::Isolate*) const’
                 Local<Object> ToObject(Isolate* isolate) const);
                               ^~~~~~~~
/root/.cache/node-gyp/12.13.1/include/node/v8config.h:311:3: note: in definition of macro ‘V8_DEPRECATED’
   declarator __attribute__((deprecated(message)))
   ^~~~~~~~~~
/root/.cache/node-gyp/12.13.1/include/node/v8.h:2590:31: note:   candidate expects 1 argument, 0 provided
                 Local<Object> ToObject(Isolate* isolate) const);
                               ^~~~~~~~
/root/.cache/node-gyp/12.13.1/include/node/v8config.h:311:3: note: in definition of macro ‘V8_DEPRECATED’
   declarator __attribute__((deprecated(message)))
   ^~~~~~~~~~
../ext/bson.cc:229:68: error: no matching function for call to ‘v8::Value::Int32Value()’
     if(object->Get(NanNew(bson->_binarySubTypeString))->Int32Value() == 0x02) {
                                                                    ^
In file included from ../ext/bson.cc:14:
/root/.cache/node-gyp/12.13.1/include/node/v8.h:2613:40: note: candidate: ‘v8::Maybe<int> v8::Value::Int32Value(v8::Local<v8::Context>) const’
   V8_WARN_UNUSED_RESULT Maybe<int32_t> Int32Value(Local<Context> context) const;
                                        ^~~~~~~~~~
/root/.cache/node-gyp/12.13.1/include/node/v8.h:2613:40: note:   candidate expects 1 argument, 0 provided
../ext/bson.cc:243:93: error: no matching function for call to ‘v8::Value::ToString()’
     this->WriteLengthPrefixedString(object->Get(NanNew(bson->_symbolValueString))->ToString());
                                                                                             ^
In file included from ../ext/bson.cc:14:
/root/.cache/node-gyp/12.13.1/include/node/v8.h:2572:44: note: candidate: ‘v8::MaybeLocal<v8::String> v8::Value::ToString(v8::Local<v8::Context>) const’
   V8_WARN_UNUSED_RESULT MaybeLocal<String> ToString(
                                            ^~~~~~~~
/root/.cache/node-gyp/12.13.1/include/node/v8.h:2572:44: note:   candidate expects 1 argument, 0 provided
In file included from /root/.cache/node-gyp/12.13.1/include/node/v8-internal.h:14,
                 from /root/.cache/node-gyp/12.13.1/include/node/v8.h:25,
                 from ../ext/bson.cc:14:
/root/.cache/node-gyp/12.13.1/include/node/v8.h:2588:31: note: candidate: ‘v8::Local<v8::String> v8::Value::ToString(v8::Isolate*) const’
                 Local<String> ToString(Isolate* isolate) const);
                               ^~~~~~~~
/root/.cache/node-gyp/12.13.1/include/node/v8config.h:311:3: note: in definition of macro ‘V8_DEPRECATED’
   declarator __attribute__((deprecated(message)))
   ^~~~~~~~~~
/root/.cache/node-gyp/12.13.1/include/node/v8.h:2588:31: note:   candidate expects 1 argument, 0 provided
                 Local<String> ToString(Isolate* isolate) const);
                               ^~~~~~~~
/root/.cache/node-gyp/12.13.1/include/node/v8config.h:311:3: note: in definition of macro ‘V8_DEPRECATED’
   declarator __attribute__((deprecated(message)))
   ^~~~~~~~~~
../ext/bson.cc:247:90: error: no matching function for call to ‘v8::Value::ToString()’
     const Local<String>& function = object->Get(NanNew(bson->_codeCodeString))->ToString();
                                                                                          ^
In file included from ../ext/bson.cc:14:
/root/.cache/node-gyp/12.13.1/include/node/v8.h:2572:44: note: candidate: ‘v8::MaybeLocal<v8::String> v8::Value::ToString(v8::Local<v8::Context>) const’
   V8_WARN_UNUSED_RESULT MaybeLocal<String> ToString(
                                            ^~~~~~~~
/root/.cache/node-gyp/12.13.1/include/node/v8.h:2572:44: note:   candidate expects 1 argument, 0 provided
In file included from /root/.cache/node-gyp/12.13.1/include/node/v8-internal.h:14,
                 from /root/.cache/node-gyp/12.13.1/include/node/v8.h:25,
                 from ../ext/bson.cc:14:
/root/.cache/node-gyp/12.13.1/include/node/v8.h:2588:31: note: candidate: ‘v8::Local<v8::String> v8::Value::ToString(v8::Isolate*) const’
                 Local<String> ToString(Isolate* isolate) const);
                               ^~~~~~~~
/root/.cache/node-gyp/12.13.1/include/node/v8config.h:311:3: note: in definition of macro ‘V8_DEPRECATED’
   declarator __attribute__((deprecated(message)))
   ^~~~~~~~~~
/root/.cache/node-gyp/12.13.1/include/node/v8.h:2588:31: note:   candidate expects 1 argument, 0 provided
                 Local<String> ToString(Isolate* isolate) const);
                               ^~~~~~~~
/root/.cache/node-gyp/12.13.1/include/node/v8config.h:311:3: note: in definition of macro ‘V8_DEPRECATED’
   declarator __attribute__((deprecated(message)))
   ^~~~~~~~~~
../ext/bson.cc:248:88: error: no matching function for call to ‘v8::Value::ToObject()’
     const Local<Object>& scope = object->Get(NanNew(bson->_codeScopeString))->ToObject();
                                                                                        ^
In file included from ../ext/bson.cc:14:
/root/.cache/node-gyp/12.13.1/include/node/v8.h:2576:44: note: candidate: ‘v8::MaybeLocal<v8::Object> v8::Value::ToObject(v8::Local<v8::Context>) const’
   V8_WARN_UNUSED_RESULT MaybeLocal<Object> ToObject(
                                            ^~~~~~~~
/root/.cache/node-gyp/12.13.1/include/node/v8.h:2576:44: note:   candidate expects 1 argument, 0 provided
In file included from /root/.cache/node-gyp/12.13.1/include/node/v8-internal.h:14,
                 from /root/.cache/node-gyp/12.13.1/include/node/v8.h:25,
                 from ../ext/bson.cc:14:
/root/.cache/node-gyp/12.13.1/include/node/v8.h:2590:31: note: candidate: ‘v8::Local<v8::Object> v8::Value::ToObject(v8::Isolate*) const’
                 Local<Object> ToObject(Isolate* isolate) const);
                               ^~~~~~~~
/root/.cache/node-gyp/12.13.1/include/node/v8config.h:311:3: note: in definition of macro ‘V8_DEPRECATED’
   declarator __attribute__((deprecated(message)))
   ^~~~~~~~~~
/root/.cache/node-gyp/12.13.1/include/node/v8.h:2590:31: note:   candidate expects 1 argument, 0 provided
                 Local<Object> ToObject(Isolate* isolate) const);
                               ^~~~~~~~
/root/.cache/node-gyp/12.13.1/include/node/v8config.h:311:3: note: in definition of macro ‘V8_DEPRECATED’
   declarator __attribute__((deprecated(message)))
   ^~~~~~~~~~
../ext/bson.cc:254:67: error: no matching function for call to ‘v8::Object::GetOwnPropertyNames()’
          uint32_t propertyNameLength = scope->GetOwnPropertyNames()->Length();
                                                                   ^
In file included from ../ext/bson.cc:14:
/root/.cache/node-gyp/12.13.1/include/node/v8.h:3579:43: note: candidate: ‘v8::MaybeLocal<v8::Array> v8::Object::GetOwnPropertyNames(v8::Local<v8::Context>)’
   V8_WARN_UNUSED_RESULT MaybeLocal<Array> GetOwnPropertyNames(
                                           ^~~~~~~~~~~~~~~~~~~
/root/.cache/node-gyp/12.13.1/include/node/v8.h:3579:43: note:   candidate expects 1 argument, 0 provided
/root/.cache/node-gyp/12.13.1/include/node/v8.h:3588:43: note: candidate: ‘v8::MaybeLocal<v8::Array> v8::Object::GetOwnPropertyNames(v8::Local<v8::Context>, v8::PropertyFilter, v8::KeyConversionMode)’
   V8_WARN_UNUSED_RESULT MaybeLocal<Array> GetOwnPropertyNames(
                                           ^~~~~~~~~~~~~~~~~~~
/root/.cache/node-gyp/12.13.1/include/node/v8.h:3588:43: note:   candidate expects 3 arguments, 0 provided
../ext/bson.cc:261:57: error: no matching function for call to ‘v8::String::ToString()’
      this->WriteLengthPrefixedString(function->ToString());
                                                         ^
In file included from ../ext/bson.cc:14:
/root/.cache/node-gyp/12.13.1/include/node/v8.h:2572:44: note: candidate: ‘v8::MaybeLocal<v8::String> v8::Value::ToString(v8::Local<v8::Context>) const’
   V8_WARN_UNUSED_RESULT MaybeLocal<String> ToString(
                                            ^~~~~~~~
/root/.cache/node-gyp/12.13.1/include/node/v8.h:2572:44: note:   candidate expects 1 argument, 0 provided
In file included from /root/.cache/node-gyp/12.13.1/include/node/v8-internal.h:14,
                 from /root/.cache/node-gyp/12.13.1/include/node/v8.h:25,
                 from ../ext/bson.cc:14:
/root/.cache/node-gyp/12.13.1/include/node/v8.h:2588:31: note: candidate: ‘v8::Local<v8::String> v8::Value::ToString(v8::Isolate*) const’
                 Local<String> ToString(Isolate* isolate) const);
                               ^~~~~~~~
/root/.cache/node-gyp/12.13.1/include/node/v8config.h:311:3: note: in definition of macro ‘V8_DEPRECATED’
   declarator __attribute__((deprecated(message)))
   ^~~~~~~~~~
/root/.cache/node-gyp/12.13.1/include/node/v8.h:2588:31: note:   candidate expects 1 argument, 0 provided
                 Local<String> ToString(Isolate* isolate) const);
                               ^~~~~~~~
/root/.cache/node-gyp/12.13.1/include/node/v8config.h:311:3: note: in definition of macro ‘V8_DEPRECATED’
   declarator __attribute__((deprecated(message)))
   ^~~~~~~~~~
../ext/bson.cc:268:57: error: no matching function for call to ‘v8::String::ToString()’
      this->WriteLengthPrefixedString(function->ToString());
                                                         ^
In file included from ../ext/bson.cc:14:
/root/.cache/node-gyp/12.13.1/include/node/v8.h:2572:44: note: candidate: ‘v8::MaybeLocal<v8::String> v8::Value::ToString(v8::Local<v8::Context>) const’
   V8_WARN_UNUSED_RESULT MaybeLocal<String> ToString(
                                            ^~~~~~~~
/root/.cache/node-gyp/12.13.1/include/node/v8.h:2572:44: note:   candidate expects 1 argument, 0 provided
In file included from /root/.cache/node-gyp/12.13.1/include/node/v8-internal.h:14,
                 from /root/.cache/node-gyp/12.13.1/include/node/v8.h:25,
                 from ../ext/bson.cc:14:
/root/.cache/node-gyp/12.13.1/include/node/v8.h:2588:31: note: candidate: ‘v8::Local<v8::String> v8::Value::ToString(v8::Isolate*) const’
                 Local<String> ToString(Isolate* isolate) const);
                               ^~~~~~~~
/root/.cache/node-gyp/12.13.1/include/node/v8config.h:311:3: note: in definition of macro ‘V8_DEPRECATED’
   declarator __attribute__((deprecated(message)))
   ^~~~~~~~~~
/root/.cache/node-gyp/12.13.1/include/node/v8.h:2588:31: note:   candidate expects 1 argument, 0 provided
                 Local<String> ToString(Isolate* isolate) const);
                               ^~~~~~~~
/root/.cache/node-gyp/12.13.1/include/node/v8config.h:311:3: note: in definition of macro ‘V8_DEPRECATED’
   declarator __attribute__((deprecated(message)))
   ^~~~~~~~~~
../ext/bson.cc: At global scope:
../ext/bson.cc:353:1: error: ‘Handle’ does not name a type; did you mean ‘daddl’?
 Handle<Value> BSONDeserializer::ReadCString()
 ^~~~~~
 daddl
../ext/bson.cc:408:1: error: ‘Handle’ does not name a type; did you mean ‘daddl’?
 Handle<Value> BSONDeserializer::DeserializeDocument(bool promoteLongs)
 ^~~~~~
 daddl
../ext/bson.cc:417:1: error: ‘Handle’ does not name a type; did you mean ‘daddl’?
 Handle<Value> BSONDeserializer::DeserializeDocumentInternal(bool promoteLongs)
 ^~~~~~
 daddl
../ext/bson.cc:445:1: error: ‘Handle’ does not name a type; did you mean ‘daddl’?
 Handle<Value> BSONDeserializer::DeserializeArray(bool promoteLongs)
 ^~~~~~
 daddl
../ext/bson.cc:454:1: error: ‘Handle’ does not name a type; did you mean ‘daddl’?
 Handle<Value> BSONDeserializer::DeserializeArrayInternal(bool promoteLongs)
 ^~~~~~
 daddl
../ext/bson.cc:470:1: error: ‘Handle’ does not name a type; did you mean ‘daddl’?
 Handle<Value> BSONDeserializer::DeserializeValue(BsonType type, bool promoteLongs)
 ^~~~~~
 daddl
../ext/bson.cc: In constructor ‘BSON::BSON()’:
../ext/bson.cc:603:73: error: no matching function for call to ‘NanAssignPersistent(v8::Persistent<v8::String, v8::NonCopyablePersistentTraits<v8::String> >&, v8::Local<v8::String>)’
         NanAssignPersistent(_bsontypeString, NanNew<String>("_bsontype"));
                                                                         ^
In file included from ../ext/bson.h:17,
                 from ../ext/bson.cc:35:
../../../../nan/nan.h:615:19: note: candidate: ‘template<class T> void NanAssignPersistent(v8::Persistent<T, v8::NonCopyablePersistentTraits<T> >&, int)’
   NAN_INLINE void NanAssignPersistent(
                   ^~~~~~~~~~~~~~~~~~~
../../../../nan/nan.h:615:19: note:   template argument deduction/substitution failed:
../ext/bson.cc:603:60: note:   cannot convert ‘NanNew<v8::String, const char*>(((const char*)"_bsontype"))’ (type ‘v8::Local<v8::String>’) to type ‘int’
         NanAssignPersistent(_bsontypeString, NanNew<String>("_bsontype"));
                                              ~~~~~~~~~~~~~~^~~~~~~~~~~~~
In file included from ../ext/bson.h:17,
                 from ../ext/bson.cc:35:
../../../../nan/nan.h:622:19: note: candidate: ‘template<class T> void NanAssignPersistent(v8::Persistent<T, v8::NonCopyablePersistentTraits<T> >&, const v8::Persistent<T, v8::NonCopyablePersistentTraits<T> >&)’
   NAN_INLINE void NanAssignPersistent(
                   ^~~~~~~~~~~~~~~~~~~
../../../../nan/nan.h:622:19: note:   template argument deduction/substitution failed:
../ext/bson.cc:603:73: note:   ‘v8::Local<v8::String>’ is not derived from ‘const v8::Persistent<T, v8::NonCopyablePersistentTraits<T> >’
         NanAssignPersistent(_bsontypeString, NanNew<String>("_bsontype"));
                                                                         ^
../ext/bson.cc:604:67: error: no matching function for call to ‘NanAssignPersistent(v8::Persistent<v8::String, v8::NonCopyablePersistentTraits<v8::String> >&, v8::Local<v8::String>)’
         NanAssignPersistent(_longLowString, NanNew<String>("low_"));
                                                                   ^
In file included from ../ext/bson.h:17,
                 from ../ext/bson.cc:35:
../../../../nan/nan.h:615:19: note: candidate: ‘template<class T> void NanAssignPersistent(v8::Persistent<T, v8::NonCopyablePersistentTraits<T> >&, int)’
   NAN_INLINE void NanAssignPersistent(
                   ^~~~~~~~~~~~~~~~~~~
../../../../nan/nan.h:615:19: note:   template argument deduction/substitution failed:
../ext/bson.cc:604:59: note:   cannot convert ‘NanNew<v8::String, const char*>(((const char*)"low_"))’ (type ‘v8::Local<v8::String>’) to type ‘int’
         NanAssignPersistent(_longLowString, NanNew<String>("low_"));
                                             ~~~~~~~~~~~~~~^~~~~~~~
In file included from ../ext/bson.h:17,
                 from ../ext/bson.cc:35:
../../../../nan/nan.h:622:19: note: candidate: ‘template<class T> void NanAssignPersistent(v8::Persistent<T, v8::NonCopyablePersistentTraits<T> >&, const v8::Persistent<T, v8::NonCopyablePersistentTraits<T> >&)’
   NAN_INLINE void NanAssignPersistent(
                   ^~~~~~~~~~~~~~~~~~~
../../../../nan/nan.h:622:19: note:   template argument deduction/substitution failed:
../ext/bson.cc:604:67: note:   ‘v8::Local<v8::String>’ is not derived from ‘const v8::Persistent<T, v8::NonCopyablePersistentTraits<T> >’
         NanAssignPersistent(_longLowString, NanNew<String>("low_"));
                                                                   ^
../ext/bson.cc:605:69: error: no matching function for call to ‘NanAssignPersistent(v8::Persistent<v8::String, v8::NonCopyablePersistentTraits<v8::String> >&, v8::Local<v8::String>)’
         NanAssignPersistent(_longHighString, NanNew<String>("high_"));
                                                                     ^
In file included from ../ext/bson.h:17,
                 from ../ext/bson.cc:35:
../../../../nan/nan.h:615:19: note: candidate: ‘template<class T> void NanAssignPersistent(v8::Persistent<T, v8::NonCopyablePersistentTraits<T> >&, int)’
   NAN_INLINE void NanAssignPersistent(
                   ^~~~~~~~~~~~~~~~~~~
../../../../nan/nan.h:615:19: note:   template argument deduction/substitution failed:
../ext/bson.cc:605:60: note:   cannot convert ‘NanNew<v8::String, const char*>(((const char*)"high_"))’ (type ‘v8::Local<v8::String>’) to type ‘int’
         NanAssignPersistent(_longHighString, NanNew<String>("high_"));
                                              ~~~~~~~~~~~~~~^~~~~~~~~
In file included from ../ext/bson.h:17,
                 from ../ext/bson.cc:35:
../../../../nan/nan.h:622:19: note: candidate: ‘template<class T> void NanAssignPersistent(v8::Persistent<T, v8::NonCopyablePersistentTraits<T> >&, const v8::Persistent<T, v8::NonCopyablePersistentTraits<T> >&)’
   NAN_INLINE void NanAssignPersistent(
                   ^~~~~~~~~~~~~~~~~~~
../../../../nan/nan.h:622:19: note:   template argument deduction/substitution failed:
../ext/bson.cc:605:69: note:   ‘v8::Local<v8::String>’ is not derived from ‘const v8::Persistent<T, v8::NonCopyablePersistentTraits<T> >’
         NanAssignPersistent(_longHighString, NanNew<String>("high_"));
                                                                     ^
../ext/bson.cc:606:68: error: no matching function for call to ‘NanAssignPersistent(v8::Persistent<v8::String, v8::NonCopyablePersistentTraits<v8::String> >&, v8::Local<v8::String>)’
         NanAssignPersistent(_objectIDidString, NanNew<String>("id"));
                                                                    ^
In file included from ../ext/bson.h:17,
                 from ../ext/bson.cc:35:
../../../../nan/nan.h:615:19: note: candidate: ‘template<class T> void NanAssignPersistent(v8::Persistent<T, v8::NonCopyablePersistentTraits<T> >&, int)’
   NAN_INLINE void NanAssignPersistent(
                   ^~~~~~~~~~~~~~~~~~~
../../../../nan/nan.h:615:19: note:   template argument deduction/substitution failed:
../ext/bson.cc:606:62: note:   cannot convert ‘NanNew<v8::String, const char*>(((const char*)"id"))’ (type ‘v8::Local<v8::String>’) to type ‘int’
         NanAssignPersistent(_objectIDidString, NanNew<String>("id"));
                                                ~~~~~~~~~~~~~~^~~~~~
In file included from ../ext/bson.h:17,
                 from ../ext/bson.cc:35:
../../../../nan/nan.h:622:19: note: candidate: ‘template<class T> void NanAssignPersistent(v8::Persistent<T, v8::NonCopyablePersistentTraits<T> >&, const v8::Persistent<T, v8::NonCopyablePersistentTraits<T> >&)’
   NAN_INLINE void NanAssignPersistent(
                   ^~~~~~~~~~~~~~~~~~~
../../../../nan/nan.h:622:19: note:   template argument deduction/substitution failed:
../ext/bson.cc:606:68: note:   ‘v8::Local<v8::String>’ is not derived from ‘const v8::Persistent<T, v8::NonCopyablePersistentTraits<T> >’
         NanAssignPersistent(_objectIDidString, NanNew<String>("id"));
                                                                    ^
../ext/bson.cc:607:78: error: no matching function for call to ‘NanAssignPersistent(v8::Persistent<v8::String, v8::NonCopyablePersistentTraits<v8::String> >&, v8::Local<v8::String>)’
         NanAssignPersistent(_binaryPositionString, NanNew<String>("position"));
                                                                              ^
In file included from ../ext/bson.h:17,
                 from ../ext/bson.cc:35:
../../../../nan/nan.h:615:19: note: candidate: ‘template<class T> void NanAssignPersistent(v8::Persistent<T, v8::NonCopyablePersistentTraits<T> >&, int)’
   NAN_INLINE void NanAssignPersistent(
                   ^~~~~~~~~~~~~~~~~~~
../../../../nan/nan.h:615:19: note:   template argument deduction/substitution failed:
../ext/bson.cc:607:66: note:   cannot convert ‘NanNew<v8::String, const char*>(((const char*)"position"))’ (type ‘v8::Local<v8::String>’) to type ‘int’
         NanAssignPersistent(_binaryPositionString, NanNew<String>("position"));
                                                    ~~~~~~~~~~~~~~^~~~~~~~~~~~
In file included from ../ext/bson.h:17,
                 from ../ext/bson.cc:35:
../../../../nan/nan.h:622:19: note: candidate: ‘template<class T> void NanAssignPersistent(v8::Persistent<T, v8::NonCopyablePersistentTraits<T> >&, const v8::Persistent<T, v8::NonCopyablePersistentTraits<T> >&)’
   NAN_INLINE void NanAssignPersistent(
                   ^~~~~~~~~~~~~~~~~~~
../../../../nan/nan.h:622:19: note:   template argument deduction/substitution failed:
../ext/bson.cc:607:78: note:   ‘v8::Local<v8::String>’ is not derived from ‘const v8::Persistent<T, v8::NonCopyablePersistentTraits<T> >’
         NanAssignPersistent(_binaryPositionString, NanNew<String>("position"));
                                                                              ^
../ext/bson.cc:608:77: error: no matching function for call to ‘NanAssignPersistent(v8::Persistent<v8::String, v8::NonCopyablePersistentTraits<v8::String> >&, v8::Local<v8::String>)’
         NanAssignPersistent(_binarySubTypeString, NanNew<String>("sub_type"));
                                                                             ^
In file included from ../ext/bson.h:17,
                 from ../ext/bson.cc:35:
../../../../nan/nan.h:615:19: note: candidate: ‘template<class T> void NanAssignPersistent(v8::Persistent<T, v8::NonCopyablePersistentTraits<T> >&, int)’
   NAN_INLINE void NanAssignPersistent(
                   ^~~~~~~~~~~~~~~~~~~
../../../../nan/nan.h:615:19: note:   template argument deduction/substitution failed:
../ext/bson.cc:608:65: note:   cannot convert ‘NanNew<v8::String, const char*>(((const char*)"sub_type"))’ (type ‘v8::Local<v8::String>’) to type ‘int’
         NanAssignPersistent(_binarySubTypeString, NanNew<String>("sub_type"));
                                                   ~~~~~~~~~~~~~~^~~~~~~~~~~~
In file included from ../ext/bson.h:17,
                 from ../ext/bson.cc:35:
../../../../nan/nan.h:622:19: note: candidate: ‘template<class T> void NanAssignPersistent(v8::Persistent<T, v8::NonCopyablePersistentTraits<T> >&, const v8::Persistent<T, v8::NonCopyablePersistentTraits<T> >&)’
   NAN_INLINE void NanAssignPersistent(
                   ^~~~~~~~~~~~~~~~~~~
../../../../nan/nan.h:622:19: note:   template argument deduction/substitution failed:
../ext/bson.cc:608:77: note:   ‘v8::Local<v8::String>’ is not derived from ‘const v8::Persistent<T, v8::NonCopyablePersistentTraits<T> >’
         NanAssignPersistent(_binarySubTypeString, NanNew<String>("sub_type"));
                                                                             ^
../ext/bson.cc:609:74: error: no matching function for call to ‘NanAssignPersistent(v8::Persistent<v8::String, v8::NonCopyablePersistentTraits<v8::String> >&, v8::Local<v8::String>)’
         NanAssignPersistent(_binaryBufferString, NanNew<String>("buffer"));
                                                                          ^
In file included from ../ext/bson.h:17,
                 from ../ext/bson.cc:35:
../../../../nan/nan.h:615:19: note: candidate: ‘template<class T> void NanAssignPersistent(v8::Persistent<T, v8::NonCopyablePersistentTraits<T> >&, int)’
   NAN_INLINE void NanAssignPersistent(
                   ^~~~~~~~~~~~~~~~~~~
../../../../nan/nan.h:615:19: note:   template argument deduction/substitution failed:
../ext/bson.cc:609:64: note:   cannot convert ‘NanNew<v8::String, const char*>(((const char*)"buffer"))’ (type ‘v8::Local<v8::String>’) to type ‘int’
         NanAssignPersistent(_binaryBufferString, NanNew<String>("buffer"));
                                                  ~~~~~~~~~~~~~~^~~~~~~~~~
In file included from ../ext/bson.h:17,
                 from ../ext/bson.cc:35:
../../../../nan/nan.h:622:19: note: candidate: ‘template<class T> void NanAssignPersistent(v8::Persistent<T, v8::NonCopyablePersistentTraits<T> >&, const v8::Persistent<T, v8::NonCopyablePersistentTraits<T> >&)’
   NAN_INLINE void NanAssignPersistent(
                   ^~~~~~~~~~~~~~~~~~~
../../../../nan/nan.h:622:19: note:   template argument deduction/substitution failed:
../ext/bson.cc:609:74: note:   ‘v8::Local<v8::String>’ is not derived from ‘const v8::Persistent<T, v8::NonCopyablePersistentTraits<T> >’
         NanAssignPersistent(_binaryBufferString, NanNew<String>("buffer"));
                                                                          ^
../ext/bson.cc:610:72: error: no matching function for call to ‘NanAssignPersistent(v8::Persistent<v8::String, v8::NonCopyablePersistentTraits<v8::String> >&, v8::Local<v8::String>)’
         NanAssignPersistent(_doubleValueString, NanNew<String>("value"));
                                                                        ^
In file included from ../ext/bson.h:17,
                 from ../ext/bson.cc:35:
../../../../nan/nan.h:615:19: note: candidate: ‘template<class T> void NanAssignPersistent(v8::Persistent<T, v8::NonCopyablePersistentTraits<T> >&, int)’
   NAN_INLINE void NanAssignPersistent(
                   ^~~~~~~~~~~~~~~~~~~
../../../../nan/nan.h:615:19: note:   template argument deduction/substitution failed:
../ext/bson.cc:610:63: note:   cannot convert ‘NanNew<v8::String, const char*>(((const char*)"value"))’ (type ‘v8::Local<v8::String>’) to type ‘int’
         NanAssignPersistent(_doubleValueString, NanNew<String>("value"));
                                                 ~~~~~~~~~~~~~~^~~~~~~~~
In file included from ../ext/bson.h:17,
                 from ../ext/bson.cc:35:
../../../../nan/nan.h:622:19: note: candidate: ‘template<class T> void NanAssignPersistent(v8::Persistent<T, v8::NonCopyablePersistentTraits<T> >&, const v8::Persistent<T, v8::NonCopyablePersistentTraits<T> >&)’
   NAN_INLINE void NanAssignPersistent(
                   ^~~~~~~~~~~~~~~~~~~
../../../../nan/nan.h:622:19: note:   template argument deduction/substitution failed:
../ext/bson.cc:610:72: note:   ‘v8::Local<v8::String>’ is not derived from ‘const v8::Persistent<T, v8::NonCopyablePersistentTraits<T> >’
         NanAssignPersistent(_doubleValueString, NanNew<String>("value"));
                                                                        ^
../ext/bson.cc:611:72: error: no matching function for call to ‘NanAssignPersistent(v8::Persistent<v8::String, v8::NonCopyablePersistentTraits<v8::String> >&, v8::Local<v8::String>)’
         NanAssignPersistent(_symbolValueString, NanNew<String>("value"));
                                                                        ^
In file included from ../ext/bson.h:17,
                 from ../ext/bson.cc:35:
../../../../nan/nan.h:615:19: note: candidate: ‘template<class T> void NanAssignPersistent(v8::Persistent<T, v8::NonCopyablePersistentTraits<T> >&, int)’
   NAN_INLINE void NanAssignPersistent(
                   ^~~~~~~~~~~~~~~~~~~
../../../../nan/nan.h:615:19: note:   template argument deduction/substitution failed:
../ext/bson.cc:611:63: note:   cannot convert ‘NanNew<v8::String, const char*>(((const char*)"value"))’ (type ‘v8::Local<v8::String>’) to type ‘int’
         NanAssignPersistent(_symbolValueString, NanNew<String>("value"));
                                                 ~~~~~~~~~~~~~~^~~~~~~~~
In file included from ../ext/bson.h:17,
                 from ../ext/bson.cc:35:
../../../../nan/nan.h:622:19: note: candidate: ‘template<class T> void NanAssignPersistent(v8::Persistent<T, v8::NonCopyablePersistentTraits<T> >&, const v8::Persistent<T, v8::NonCopyablePersistentTraits<T> >&)’
   NAN_INLINE void NanAssignPersistent(
                   ^~~~~~~~~~~~~~~~~~~
../../../../nan/nan.h:622:19: note:   template argument deduction/substitution failed:
../ext/bson.cc:611:72: note:   ‘v8::Local<v8::String>’ is not derived from ‘const v8::Persistent<T, v8::NonCopyablePersistentTraits<T> >’
         NanAssignPersistent(_symbolValueString, NanNew<String>("value"));
                                                                        ^
../ext/bson.cc:612:68: error: no matching function for call to ‘NanAssignPersistent(v8::Persistent<v8::String, v8::NonCopyablePersistentTraits<v8::String> >&, v8::Local<v8::String>)’
         NanAssignPersistent(_dbRefRefString, NanNew<String>("$ref"));
                                                                    ^
In file included from ../ext/bson.h:17,
                 from ../ext/bson.cc:35:
../../../../nan/nan.h:615:19: note: candidate: ‘template<class T> void NanAssignPersistent(v8::Persistent<T, v8::NonCopyablePersistentTraits<T> >&, int)’
   NAN_INLINE void NanAssignPersistent(
                   ^~~~~~~~~~~~~~~~~~~
../../../../nan/nan.h:615:19: note:   template argument deduction/substitution failed:
../ext/bson.cc:612:60: note:   cannot convert ‘NanNew<v8::String, const char*>(((const char*)"$ref"))’ (type ‘v8::Local<v8::String>’) to type ‘int’
         NanAssignPersistent(_dbRefRefString, NanNew<String>("$ref"));
                                              ~~~~~~~~~~~~~~^~~~~~~~
In file included from ../ext/bson.h:17,
                 from ../ext/bson.cc:35:
../../../../nan/nan.h:622:19: note: candidate: ‘template<class T> void NanAssignPersistent(v8::Persistent<T, v8::NonCopyablePersistentTraits<T> >&, const v8::Persistent<T, v8::NonCopyablePersistentTraits<T> >&)’
   NAN_INLINE void NanAssignPersistent(
                   ^~~~~~~~~~~~~~~~~~~
../../../../nan/nan.h:622:19: note:   template argument deduction/substitution failed:
../ext/bson.cc:612:68: note:   ‘v8::Local<v8::String>’ is not derived from ‘const v8::Persistent<T, v8::NonCopyablePersistentTraits<T> >’
         NanAssignPersistent(_dbRefRefString, NanNew<String>("$ref"));
                                                                    ^
../ext/bson.cc:613:69: error: no matching function for call to ‘NanAssignPersistent(v8::Persistent<v8::String, v8::NonCopyablePersistentTraits<v8::String> >&, v8::Local<v8::String>)’
         NanAssignPersistent(_dbRefIdRefString, NanNew<String>("$id"));
                                                                     ^
In file included from ../ext/bson.h:17,
                 from ../ext/bson.cc:35:
../../../../nan/nan.h:615:19: note: candidate: ‘template<class T> void NanAssignPersistent(v8::Persistent<T, v8::NonCopyablePersistentTraits<T> >&, int)’
   NAN_INLINE void NanAssignPersistent(
                   ^~~~~~~~~~~~~~~~~~~
../../../../nan/nan.h:615:19: note:   template argument deduction/substitution failed:
../ext/bson.cc:613:62: note:   cannot convert ‘NanNew<v8::String, const char*>(((const char*)"$id"))’ (type ‘v8::Local<v8::String>’) to type ‘int’
         NanAssignPersistent(_dbRefIdRefString, NanNew<String>("$id"));
                                                ~~~~~~~~~~~~~~^~~~~~~
In file included from ../ext/bson.h:17,
                 from ../ext/bson.cc:35:
../../../../nan/nan.h:622:19: note: candidate: ‘template<class T> void NanAssignPersistent(v8::Persistent<T, v8::NonCopyablePersistentTraits<T> >&, const v8::Persistent<T, v8::NonCopyablePersistentTraits<T> >&)’
   NAN_INLINE void NanAssignPersistent(
                   ^~~~~~~~~~~~~~~~~~~
../../../../nan/nan.h:622:19: note:   template argument deduction/substitution failed:
../ext/bson.cc:613:69: note:   ‘v8::Local<v8::String>’ is not derived from ‘const v8::Persistent<T, v8::NonCopyablePersistentTraits<T> >’
         NanAssignPersistent(_dbRefIdRefString, NanNew<String>("$id"));
                                                                     ^
../ext/bson.cc:614:69: error: no matching function for call to ‘NanAssignPersistent(v8::Persistent<v8::String, v8::NonCopyablePersistentTraits<v8::String> >&, v8::Local<v8::String>)’
         NanAssignPersistent(_dbRefDbRefString, NanNew<String>("$db"));
                                                                     ^
In file included from ../ext/bson.h:17,
                 from ../ext/bson.cc:35:
../../../../nan/nan.h:615:19: note: candidate: ‘template<class T> void NanAssignPersistent(v8::Persistent<T, v8::NonCopyablePersistentTraits<T> >&, int)’
   NAN_INLINE void NanAssignPersistent(
                   ^~~~~~~~~~~~~~~~~~~
../../../../nan/nan.h:615:19: note:   template argument deduction/substitution failed:
../ext/bson.cc:614:62: note:   cannot convert ‘NanNew<v8::String, const char*>(((const char*)"$db"))’ (type ‘v8::Local<v8::String>’) to type ‘int’
         NanAssignPersistent(_dbRefDbRefString, NanNew<String>("$db"));
                                                ~~~~~~~~~~~~~~^~~~~~~
In file included from ../ext/bson.h:17,
                 from ../ext/bson.cc:35:
../../../../nan/nan.h:622:19: note: candidate: ‘template<class T> void NanAssignPersistent(v8::Persistent<T, v8::NonCopyablePersistentTraits<T> >&, const v8::Persistent<T, v8::NonCopyablePersistentTraits<T> >&)’
   NAN_INLINE void NanAssignPersistent(
                   ^~~~~~~~~~~~~~~~~~~
../../../../nan/nan.h:622:19: note:   template argument deduction/substitution failed:
../ext/bson.cc:614:69: note:   ‘v8::Local<v8::String>’ is not derived from ‘const v8::Persistent<T, v8::NonCopyablePersistentTraits<T> >’
         NanAssignPersistent(_dbRefDbRefString, NanNew<String>("$db"));
                                                                     ^
../ext/bson.cc:615:79: error: no matching function for call to ‘NanAssignPersistent(v8::Persistent<v8::String, v8::NonCopyablePersistentTraits<v8::String> >&, v8::Local<v8::String>)’
         NanAssignPersistent(_dbRefNamespaceString, NanNew<String>("namespace"));
                                                                               ^
In file included from ../ext/bson.h:17,
                 from ../ext/bson.cc:35:
../../../../nan/nan.h:615:19: note: candidate: ‘template<class T> void NanAssignPersistent(v8::Persistent<T, v8::NonCopyablePersistentTraits<T> >&, int)’
   NAN_INLINE void NanAssignPersistent(
                   ^~~~~~~~~~~~~~~~~~~
../../../../nan/nan.h:615:19: note:   template argument deduction/substitution failed:
../ext/bson.cc:615:66: note:   cannot convert ‘NanNew<v8::String, const char*>(((const char*)"namespace"))’ (type ‘v8::Local<v8::String>’) to type ‘int’
         NanAssignPersistent(_dbRefNamespaceString, NanNew<String>("namespace"));
                                                    ~~~~~~~~~~~~~~^~~~~~~~~~~~~
In file included from ../ext/bson.h:17,
                 from ../ext/bson.cc:35:
../../../../nan/nan.h:622:19: note: candidate: ‘template<class T> void NanAssignPersistent(v8::Persistent<T, v8::NonCopyablePersistentTraits<T> >&, const v8::Persistent<T, v8::NonCopyablePersistentTraits<T> >&)’
   NAN_INLINE void NanAssignPersistent(
                   ^~~~~~~~~~~~~~~~~~~
../../../../nan/nan.h:622:19: note:   template argument deduction/substitution failed:
../ext/bson.cc:615:79: note:   ‘v8::Local<v8::String>’ is not derived from ‘const v8::Persistent<T, v8::NonCopyablePersistentTraits<T> >’
         NanAssignPersistent(_dbRefNamespaceString, NanNew<String>("namespace"));
                                                                               ^
../ext/bson.cc:616:65: error: no matching function for call to ‘NanAssignPersistent(v8::Persistent<v8::String, v8::NonCopyablePersistentTraits<v8::String> >&, v8::Local<v8::String>)’
         NanAssignPersistent(_dbRefDbString, NanNew<String>("db"));
                                                                 ^
In file included from ../ext/bson.h:17,
                 from ../ext/bson.cc:35:
../../../../nan/nan.h:615:19: note: candidate: ‘template<class T> void NanAssignPersistent(v8::Persistent<T, v8::NonCopyablePersistentTraits<T> >&, int)’
   NAN_INLINE void NanAssignPersistent(
                   ^~~~~~~~~~~~~~~~~~~
../../../../nan/nan.h:615:19: note:   template argument deduction/substitution failed:
../ext/bson.cc:616:59: note:   cannot convert ‘NanNew<v8::String, const char*>(((const char*)"db"))’ (type ‘v8::Local<v8::String>’) to type ‘int’
         NanAssignPersistent(_dbRefDbString, NanNew<String>("db"));
                                             ~~~~~~~~~~~~~~^~~~~~
In file included from ../ext/bson.h:17,
                 from ../ext/bson.cc:35:
../../../../nan/nan.h:622:19: note: candidate: ‘template<class T> void NanAssignPersistent(v8::Persistent<T, v8::NonCopyablePersistentTraits<T> >&, const v8::Persistent<T, v8::NonCopyablePersistentTraits<T> >&)’
   NAN_INLINE void NanAssignPersistent(
                   ^~~~~~~~~~~~~~~~~~~
../../../../nan/nan.h:622:19: note:   template argument deduction/substitution failed:
../ext/bson.cc:616:65: note:   ‘v8::Local<v8::String>’ is not derived from ‘const v8::Persistent<T, v8::NonCopyablePersistentTraits<T> >’
         NanAssignPersistent(_dbRefDbString, NanNew<String>("db"));
                                                                 ^
../ext/bson.cc:617:67: error: no matching function for call to ‘NanAssignPersistent(v8::Persistent<v8::String, v8::NonCopyablePersistentTraits<v8::String> >&, v8::Local<v8::String>)’
         NanAssignPersistent(_dbRefOidString, NanNew<String>("oid"));
                                                                   ^
In file included from ../ext/bson.h:17,
                 from ../ext/bson.cc:35:
../../../../nan/nan.h:615:19: note: candidate: ‘template<class T> void NanAssignPersistent(v8::Persistent<T, v8::NonCopyablePersistentTraits<T> >&, int)’
   NAN_INLINE void NanAssignPersistent(
                   ^~~~~~~~~~~~~~~~~~~
../../../../nan/nan.h:615:19: note:   template argument deduction/substitution failed:
../ext/bson.cc:617:60: note:   cannot convert ‘NanNew<v8::String, const char*>(((const char*)"oid"))’ (type ‘v8::Local<v8::String>’) to type ‘int’
         NanAssignPersistent(_dbRefOidString, NanNew<String>("oid"));
                                              ~~~~~~~~~~~~~~^~~~~~~
In file included from ../ext/bson.h:17,
                 from ../ext/bson.cc:35:
../../../../nan/nan.h:622:19: note: candidate: ‘template<class T> void NanAssignPersistent(v8::Persistent<T, v8::NonCopyablePersistentTraits<T> >&, const v8::Persistent<T, v8::NonCopyablePersistentTraits<T> >&)’
   NAN_INLINE void NanAssignPersistent(
                   ^~~~~~~~~~~~~~~~~~~
../../../../nan/nan.h:622:19: note:   template argument deduction/substitution failed:
../ext/bson.cc:617:67: note:   ‘v8::Local<v8::String>’ is not derived from ‘const v8::Persistent<T, v8::NonCopyablePersistentTraits<T> >’
         NanAssignPersistent(_dbRefOidString, NanNew<String>("oid"));
                                                                   ^
../ext/bson.cc:618:68: error: no matching function for call to ‘NanAssignPersistent(v8::Persistent<v8::String, v8::NonCopyablePersistentTraits<v8::String> >&, v8::Local<v8::String>)’
         NanAssignPersistent(_codeCodeString, NanNew<String>("code"));
                                                                    ^
In file included from ../ext/bson.h:17,
                 from ../ext/bson.cc:35:
../../../../nan/nan.h:615:19: note: candidate: ‘template<class T> void NanAssignPersistent(v8::Persistent<T, v8::NonCopyablePersistentTraits<T> >&, int)’
   NAN_INLINE void NanAssignPersistent(
                   ^~~~~~~~~~~~~~~~~~~
../../../../nan/nan.h:615:19: note:   template argument deduction/substitution failed:
../ext/bson.cc:618:60: note:   cannot convert ‘NanNew<v8::String, const char*>(((const char*)"code"))’ (type ‘v8::Local<v8::String>’) to type ‘int’
         NanAssignPersistent(_codeCodeString, NanNew<String>("code"));
                                              ~~~~~~~~~~~~~~^~~~~~~~
In file included from ../ext/bson.h:17,
                 from ../ext/bson.cc:35:
../../../../nan/nan.h:622:19: note: candidate: ‘template<class T> void NanAssignPersistent(v8::Persistent<T, v8::NonCopyablePersistentTraits<T> >&, const v8::Persistent<T, v8::NonCopyablePersistentTraits<T> >&)’
   NAN_INLINE void NanAssignPersistent(
                   ^~~~~~~~~~~~~~~~~~~
../../../../nan/nan.h:622:19: note:   template argument deduction/substitution failed:
../ext/bson.cc:618:68: note:   ‘v8::Local<v8::String>’ is not derived from ‘const v8::Persistent<T, v8::NonCopyablePersistentTraits<T> >’
         NanAssignPersistent(_codeCodeString, NanNew<String>("code"));
                                                                    ^
../ext/bson.cc:619:70: error: no matching function for call to ‘NanAssignPersistent(v8::Persistent<v8::String, v8::NonCopyablePersistentTraits<v8::String> >&, v8::Local<v8::String>)’
         NanAssignPersistent(_codeScopeString, NanNew<String>("scope"));
                                                                      ^
In file included from ../ext/bson.h:17,
                 from ../ext/bson.cc:35:
../../../../nan/nan.h:615:19: note: candidate: ‘template<class T> void NanAssignPersistent(v8::Persistent<T, v8::NonCopyablePersistentTraits<T> >&, int)’
   NAN_INLINE void NanAssignPersistent(
                   ^~~~~~~~~~~~~~~~~~~
../../../../nan/nan.h:615:19: note:   template argument deduction/substitution failed:
../ext/bson.cc:619:61: note:   cannot convert ‘NanNew<v8::String, const char*>(((const char*)"scope"))’ (type ‘v8::Local<v8::String>’) to type ‘int’
         NanAssignPersistent(_codeScopeString, NanNew<String>("scope"));
                                               ~~~~~~~~~~~~~~^~~~~~~~~
In file included from ../ext/bson.h:17,
                 from ../ext/bson.cc:35:
../../../../nan/nan.h:622:19: note: candidate: ‘template<class T> void NanAssignPersistent(v8::Persistent<T, v8::NonCopyablePersistentTraits<T> >&, const v8::Persistent<T, v8::NonCopyablePersistentTraits<T> >&)’
   NAN_INLINE void NanAssignPersistent(
                   ^~~~~~~~~~~~~~~~~~~
../../../../nan/nan.h:622:19: note:   template argument deduction/substitution failed:
../ext/bson.cc:619:70: note:   ‘v8::Local<v8::String>’ is not derived from ‘const v8::Persistent<T, v8::NonCopyablePersistentTraits<T> >’
         NanAssignPersistent(_codeScopeString, NanNew<String>("scope"));
                                                                      ^
../ext/bson.cc:620:68: error: no matching function for call to ‘NanAssignPersistent(v8::Persistent<v8::String, v8::NonCopyablePersistentTraits<v8::String> >&, v8::Local<v8::String>)’
         NanAssignPersistent(_toBSONString, NanNew<String>("toBSON"));
                                                                    ^
In file included from ../ext/bson.h:17,
                 from ../ext/bson.cc:35:
../../../../nan/nan.h:615:19: note: candidate: ‘template<class T> void NanAssignPersistent(v8::Persistent<T, v8::NonCopyablePersistentTraits<T> >&, int)’
   NAN_INLINE void NanAssignPersistent(
                   ^~~~~~~~~~~~~~~~~~~
../../../../nan/nan.h:615:19: note:   template argument deduction/substitution failed:
../ext/bson.cc:620:58: note:   cannot convert ‘NanNew<v8::String, const char*>(((const char*)"toBSON"))’ (type ‘v8::Local<v8::String>’) to type ‘int’
         NanAssignPersistent(_toBSONString, NanNew<String>("toBSON"));
                                            ~~~~~~~~~~~~~~^~~~~~~~~~
In file included from ../ext/bson.h:17,
                 from ../ext/bson.cc:35:
../../../../nan/nan.h:622:19: note: candidate: ‘template<class T> void NanAssignPersistent(v8::Persistent<T, v8::NonCopyablePersistentTraits<T> >&, const v8::Persistent<T, v8::NonCopyablePersistentTraits<T> >&)’
   NAN_INLINE void NanAssignPersistent(
                   ^~~~~~~~~~~~~~~~~~~
../../../../nan/nan.h:622:19: note:   template argument deduction/substitution failed:
../ext/bson.cc:620:68: note:   ‘v8::Local<v8::String>’ is not derived from ‘const v8::Persistent<T, v8::NonCopyablePersistentTraits<T> >’
         NanAssignPersistent(_toBSONString, NanNew<String>("toBSON"));
                                                                    ^
../ext/bson.cc:622:63: error: no matching function for call to ‘NanAssignPersistent(v8::Persistent<v8::String, v8::NonCopyablePersistentTraits<v8::String> >&, v8::Local<v8::String>)’
         NanAssignPersistent(longString, NanNew<String>("Long"));
                                                               ^
In file included from ../ext/bson.h:17,
                 from ../ext/bson.cc:35:
../../../../nan/nan.h:615:19: note: candidate: ‘template<class T> void NanAssignPersistent(v8::Persistent<T, v8::NonCopyablePersistentTraits<T> >&, int)’
   NAN_INLINE void NanAssignPersistent(
                   ^~~~~~~~~~~~~~~~~~~
../../../../nan/nan.h:615:19: note:   template argument deduction/substitution failed:
../ext/bson.cc:622:55: note:   cannot convert ‘NanNew<v8::String, const char*>(((const char*)"Long"))’ (type ‘v8::Local<v8::String>’) to type ‘int’
         NanAssignPersistent(longString, NanNew<String>("Long"));
                                         ~~~~~~~~~~~~~~^~~~~~~~
In file included from ../ext/bson.h:17,
                 from ../ext/bson.cc:35:
../../../../nan/nan.h:622:19: note: candidate: ‘template<class T> void NanAssignPersistent(v8::Persistent<T, v8::NonCopyablePersistentTraits<T> >&, const v8::Persistent<T, v8::NonCopyablePersistentTraits<T> >&)’
   NAN_INLINE void NanAssignPersistent(
                   ^~~~~~~~~~~~~~~~~~~
../../../../nan/nan.h:622:19: note:   template argument deduction/substitution failed:
../ext/bson.cc:622:63: note:   ‘v8::Local<v8::String>’ is not derived from ‘const v8::Persistent<T, v8::NonCopyablePersistentTraits<T> >’
         NanAssignPersistent(longString, NanNew<String>("Long"));
                                                               ^
../ext/bson.cc:623:71: error: no matching function for call to ‘NanAssignPersistent(v8::Persistent<v8::String, v8::NonCopyablePersistentTraits<v8::String> >&, v8::Local<v8::String>)’
         NanAssignPersistent(objectIDString, NanNew<String>("ObjectID"));
                                                                       ^
In file included from ../ext/bson.h:17,
                 from ../ext/bson.cc:35:
../../../../nan/nan.h:615:19: note: candidate: ‘template<class T> void NanAssignPersistent(v8::Persistent<T, v8::NonCopyablePersistentTraits<T> >&, int)’
   NAN_INLINE void NanAssignPersistent(
                   ^~~~~~~~~~~~~~~~~~~
../../../../nan/nan.h:615:19: note:   template argument deduction/substitution failed:
../ext/bson.cc:623:59: note:   cannot convert ‘NanNew<v8::String, const char*>(((const char*)"ObjectID"))’ (type ‘v8::Local<v8::String>’) to type ‘int’
         NanAssignPersistent(objectIDString, NanNew<String>("ObjectID"));
                                             ~~~~~~~~~~~~~~^~~~~~~~~~~~
In file included from ../ext/bson.h:17,
                 from ../ext/bson.cc:35:
../../../../nan/nan.h:622:19: note: candidate: ‘template<class T> void NanAssignPersistent(v8::Persistent<T, v8::NonCopyablePersistentTraits<T> >&, const v8::Persistent<T, v8::NonCopyablePersistentTraits<T> >&)’
   NAN_INLINE void NanAssignPersistent(
                   ^~~~~~~~~~~~~~~~~~~
../../../../nan/nan.h:622:19: note:   template argument deduction/substitution failed:
../ext/bson.cc:623:71: note:   ‘v8::Local<v8::String>’ is not derived from ‘const v8::Persistent<T, v8::NonCopyablePersistentTraits<T> >’
         NanAssignPersistent(objectIDString, NanNew<String>("ObjectID"));
                                                                       ^
../ext/bson.cc:624:67: error: no matching function for call to ‘NanAssignPersistent(v8::Persistent<v8::String, v8::NonCopyablePersistentTraits<v8::String> >&, v8::Local<v8::String>)’
         NanAssignPersistent(binaryString, NanNew<String>("Binary"));
                                                                   ^
In file included from ../ext/bson.h:17,
                 from ../ext/bson.cc:35:
../../../../nan/nan.h:615:19: note: candidate: ‘template<class T> void NanAssignPersistent(v8::Persistent<T, v8::NonCopyablePersistentTraits<T> >&, int)’
   NAN_INLINE void NanAssignPersistent(
                   ^~~~~~~~~~~~~~~~~~~
../../../../nan/nan.h:615:19: note:   template argument deduction/substitution failed:
../ext/bson.cc:624:57: note:   cannot convert ‘NanNew<v8::String, const char*>(((const char*)"Binary"))’ (type ‘v8::Local<v8::String>’) to type ‘int’
         NanAssignPersistent(binaryString, NanNew<String>("Binary"));
                                           ~~~~~~~~~~~~~~^~~~~~~~~~
In file included from ../ext/bson.h:17,
                 from ../ext/bson.cc:35:
../../../../nan/nan.h:622:19: note: candidate: ‘template<class T> void NanAssignPersistent(v8::Persistent<T, v8::NonCopyablePersistentTraits<T> >&, const v8::Persistent<T, v8::NonCopyablePersistentTraits<T> >&)’
   NAN_INLINE void NanAssignPersistent(
                   ^~~~~~~~~~~~~~~~~~~
../../../../nan/nan.h:622:19: note:   template argument deduction/substitution failed:
../ext/bson.cc:624:67: note:   ‘v8::Local<v8::String>’ is not derived from ‘const v8::Persistent<T, v8::NonCopyablePersistentTraits<T> >’
         NanAssignPersistent(binaryString, NanNew<String>("Binary"));
                                                                   ^
../ext/bson.cc:625:63: error: no matching function for call to ‘NanAssignPersistent(v8::Persistent<v8::String, v8::NonCopyablePersistentTraits<v8::String> >&, v8::Local<v8::String>)’
         NanAssignPersistent(codeString, NanNew<String>("Code"));
                                                               ^
In file included from ../ext/bson.h:17,
                 from ../ext/bson.cc:35:
../../../../nan/nan.h:615:19: note: candidate: ‘template<class T> void NanAssignPersistent(v8::Persistent<T, v8::NonCopyablePersistentTraits<T> >&, int)’
   NAN_INLINE void NanAssignPersistent(
                   ^~~~~~~~~~~~~~~~~~~
../../../../nan/nan.h:615:19: note:   template argument deduction/substitution failed:
../ext/bson.cc:625:55: note:   cannot convert ‘NanNew<v8::String, const char*>(((const char*)"Code"))’ (type ‘v8::Local<v8::String>’) to type ‘int’
         NanAssignPersistent(codeString, NanNew<String>("Code"));
                                         ~~~~~~~~~~~~~~^~~~~~~~
In file included from ../ext/bson.h:17,
                 from ../ext/bson.cc:35:
../../../../nan/nan.h:622:19: note: candidate: ‘template<class T> void NanAssignPersistent(v8::Persistent<T, v8::NonCopyablePersistentTraits<T> >&, const v8::Persistent<T, v8::NonCopyablePersistentTraits<T> >&)’
   NAN_INLINE void NanAssignPersistent(
                   ^~~~~~~~~~~~~~~~~~~
../../../../nan/nan.h:622:19: note:   template argument deduction/substitution failed:
../ext/bson.cc:625:63: note:   ‘v8::Local<v8::String>’ is not derived from ‘const v8::Persistent<T, v8::NonCopyablePersistentTraits<T> >’
         NanAssignPersistent(codeString, NanNew<String>("Code"));
                                                               ^
../ext/bson.cc:626:65: error: no matching function for call to ‘NanAssignPersistent(v8::Persistent<v8::String, v8::NonCopyablePersistentTraits<v8::String> >&, v8::Local<v8::String>)’
         NanAssignPersistent(dbrefString, NanNew<String>("DBRef"));
                                                                 ^
In file included from ../ext/bson.h:17,
                 from ../ext/bson.cc:35:
../../../../nan/nan.h:615:19: note: candidate: ‘template<class T> void NanAssignPersistent(v8::Persistent<T, v8::NonCopyablePersistentTraits<T> >&, int)’
   NAN_INLINE void NanAssignPersistent(
                   ^~~~~~~~~~~~~~~~~~~
../../../../nan/nan.h:615:19: note:   template argument deduction/substitution failed:
../ext/bson.cc:626:56: note:   cannot convert ‘NanNew<v8::String, const char*>(((const char*)"DBRef"))’ (type ‘v8::Local<v8::String>’) to type ‘int’
         NanAssignPersistent(dbrefString, NanNew<String>("DBRef"));
                                          ~~~~~~~~~~~~~~^~~~~~~~~
In file included from ../ext/bson.h:17,
                 from ../ext/bson.cc:35:
../../../../nan/nan.h:622:19: note: candidate: ‘template<class T> void NanAssignPersistent(v8::Persistent<T, v8::NonCopyablePersistentTraits<T> >&, const v8::Persistent<T, v8::NonCopyablePersistentTraits<T> >&)’
   NAN_INLINE void NanAssignPersistent(
                   ^~~~~~~~~~~~~~~~~~~
../../../../nan/nan.h:622:19: note:   template argument deduction/substitution failed:
../ext/bson.cc:626:65: note:   ‘v8::Local<v8::String>’ is not derived from ‘const v8::Persistent<T, v8::NonCopyablePersistentTraits<T> >’
         NanAssignPersistent(dbrefString, NanNew<String>("DBRef"));
                                                                 ^
../ext/bson.cc:627:67: error: no matching function for call to ‘NanAssignPersistent(v8::Persistent<v8::String, v8::NonCopyablePersistentTraits<v8::String> >&, v8::Local<v8::String>)’
         NanAssignPersistent(symbolString, NanNew<String>("Symbol"));
                                                                   ^
In file included from ../ext/bson.h:17,
                 from ../ext/bson.cc:35:
../../../../nan/nan.h:615:19: note: candidate: ‘template<class T> void NanAssignPersistent(v8::Persistent<T, v8::NonCopyablePersistentTraits<T> >&, int)’
   NAN_INLINE void NanAssignPersistent(
                   ^~~~~~~~~~~~~~~~~~~
../../../../nan/nan.h:615:19: note:   template argument deduction/substitution failed:
../ext/bson.cc:627:57: note:   cannot convert ‘NanNew<v8::String, const char*>(((const char*)"Symbol"))’ (type ‘v8::Local<v8::String>’) to type ‘int’
         NanAssignPersistent(symbolString, NanNew<String>("Symbol"));
                                           ~~~~~~~~~~~~~~^~~~~~~~~~
In file included from ../ext/bson.h:17,
                 from ../ext/bson.cc:35:
../../../../nan/nan.h:622:19: note: candidate: ‘template<class T> void NanAssignPersistent(v8::Persistent<T, v8::NonCopyablePersistentTraits<T> >&, const v8::Persistent<T, v8::NonCopyablePersistentTraits<T> >&)’
   NAN_INLINE void NanAssignPersistent(
                   ^~~~~~~~~~~~~~~~~~~
../../../../nan/nan.h:622:19: note:   template argument deduction/substitution failed:
../ext/bson.cc:627:67: note:   ‘v8::Local<v8::String>’ is not derived from ‘const v8::Persistent<T, v8::NonCopyablePersistentTraits<T> >’
         NanAssignPersistent(symbolString, NanNew<String>("Symbol"));
                                                                   ^
../ext/bson.cc:628:67: error: no matching function for call to ‘NanAssignPersistent(v8::Persistent<v8::String, v8::NonCopyablePersistentTraits<v8::String> >&, v8::Local<v8::String>)’
         NanAssignPersistent(doubleString, NanNew<String>("Double"));
                                                                   ^
In file included from ../ext/bson.h:17,
                 from ../ext/bson.cc:35:
../../../../nan/nan.h:615:19: note: candidate: ‘template<class T> void NanAssignPersistent(v8::Persistent<T, v8::NonCopyablePersistentTraits<T> >&, int)’
   NAN_INLINE void NanAssignPersistent(
                   ^~~~~~~~~~~~~~~~~~~
../../../../nan/nan.h:615:19: note:   template argument deduction/substitution failed:
../ext/bson.cc:628:57: note:   cannot convert ‘NanNew<v8::String, const char*>(((const char*)"Double"))’ (type ‘v8::Local<v8::String>’) to type ‘int’
         NanAssignPersistent(doubleString, NanNew<String>("Double"));
                                           ~~~~~~~~~~~~~~^~~~~~~~~~
In file included from ../ext/bson.h:17,
                 from ../ext/bson.cc:35:
../../../../nan/nan.h:622:19: note: candidate: ‘template<class T> void NanAssignPersistent(v8::Persistent<T, v8::NonCopyablePersistentTraits<T> >&, const v8::Persistent<T, v8::NonCopyablePersistentTraits<T> >&)’
   NAN_INLINE void NanAssignPersistent(
                   ^~~~~~~~~~~~~~~~~~~
../../../../nan/nan.h:622:19: note:   template argument deduction/substitution failed:
../ext/bson.cc:628:67: note:   ‘v8::Local<v8::String>’ is not derived from ‘const v8::Persistent<T, v8::NonCopyablePersistentTraits<T> >’
         NanAssignPersistent(doubleString, NanNew<String>("Double"));
                                                                   ^
../ext/bson.cc:629:73: error: no matching function for call to ‘NanAssignPersistent(v8::Persistent<v8::String, v8::NonCopyablePersistentTraits<v8::String> >&, v8::Local<v8::String>)’
         NanAssignPersistent(timestampString, NanNew<String>("Timestamp"));
                                                                         ^
In file included from ../ext/bson.h:17,
                 from ../ext/bson.cc:35:
../../../../nan/nan.h:615:19: note: candidate: ‘template<class T> void NanAssignPersistent(v8::Persistent<T, v8::NonCopyablePersistentTraits<T> >&, int)’
   NAN_INLINE void NanAssignPersistent(
                   ^~~~~~~~~~~~~~~~~~~
../../../../nan/nan.h:615:19: note:   template argument deduction/substitution failed:
../ext/bson.cc:629:60: note:   cannot convert ‘NanNew<v8::String, const char*>(((const char*)"Timestamp"))’ (type ‘v8::Local<v8::String>’) to type ‘int’
         NanAssignPersistent(timestampString, NanNew<String>("Timestamp"));
                                              ~~~~~~~~~~~~~~^~~~~~~~~~~~~
In file included from ../ext/bson.h:17,
                 from ../ext/bson.cc:35:
../../../../nan/nan.h:622:19: note: candidate: ‘template<class T> void NanAssignPersistent(v8::Persistent<T, v8::NonCopyablePersistentTraits<T> >&, const v8::Persistent<T, v8::NonCopyablePersistentTraits<T> >&)’
   NAN_INLINE void NanAssignPersistent(
                   ^~~~~~~~~~~~~~~~~~~
../../../../nan/nan.h:622:19: note:   template argument deduction/substitution failed:
../ext/bson.cc:629:73: note:   ‘v8::Local<v8::String>’ is not derived from ‘const v8::Persistent<T, v8::NonCopyablePersistentTraits<T> >’
         NanAssignPersistent(timestampString, NanNew<String>("Timestamp"));
                                                                         ^
../ext/bson.cc:630:67: error: no matching function for call to ‘NanAssignPersistent(v8::Persistent<v8::String, v8::NonCopyablePersistentTraits<v8::String> >&, v8::Local<v8::String>)’
         NanAssignPersistent(minKeyString, NanNew<String>("MinKey"));
                                                                   ^
In file included from ../ext/bson.h:17,
                 from ../ext/bson.cc:35:
../../../../nan/nan.h:615:19: note: candidate: ‘template<class T> void NanAssignPersistent(v8::Persistent<T, v8::NonCopyablePersistentTraits<T> >&, int)’
   NAN_INLINE void NanAssignPersistent(
                   ^~~~~~~~~~~~~~~~~~~
../../../../nan/nan.h:615:19: note:   template argument deduction/substitution failed:
../ext/bson.cc:630:57: note:   cannot convert ‘NanNew<v8::String, const char*>(((const char*)"MinKey"))’ (type ‘v8::Local<v8::String>’) to type ‘int’
         NanAssignPersistent(minKeyString, NanNew<String>("MinKey"));
                                           ~~~~~~~~~~~~~~^~~~~~~~~~
In file included from ../ext/bson.h:17,
                 from ../ext/bson.cc:35:
../../../../nan/nan.h:622:19: note: candidate: ‘template<class T> void NanAssignPersistent(v8::Persistent<T, v8::NonCopyablePersistentTraits<T> >&, const v8::Persistent<T, v8::NonCopyablePersistentTraits<T> >&)’
   NAN_INLINE void NanAssignPersistent(
                   ^~~~~~~~~~~~~~~~~~~
../../../../nan/nan.h:622:19: note:   template argument deduction/substitution failed:
../ext/bson.cc:630:67: note:   ‘v8::Local<v8::String>’ is not derived from ‘const v8::Persistent<T, v8::NonCopyablePersistentTraits<T> >’
         NanAssignPersistent(minKeyString, NanNew<String>("MinKey"));
                                                                   ^
../ext/bson.cc:631:67: error: no matching function for call to ‘NanAssignPersistent(v8::Persistent<v8::String, v8::NonCopyablePersistentTraits<v8::String> >&, v8::Local<v8::String>)’
         NanAssignPersistent(maxKeyString, NanNew<String>("MaxKey"));
                                                                   ^
In file included from ../ext/bson.h:17,
                 from ../ext/bson.cc:35:
../../../../nan/nan.h:615:19: note: candidate: ‘template<class T> void NanAssignPersistent(v8::Persistent<T, v8::NonCopyablePersistentTraits<T> >&, int)’
   NAN_INLINE void NanAssignPersistent(
                   ^~~~~~~~~~~~~~~~~~~
../../../../nan/nan.h:615:19: note:   template argument deduction/substitution failed:
../ext/bson.cc:631:57: note:   cannot convert ‘NanNew<v8::String, const char*>(((const char*)"MaxKey"))’ (type ‘v8::Local<v8::String>’) to type ‘int’
         NanAssignPersistent(maxKeyString, NanNew<String>("MaxKey"));
                                           ~~~~~~~~~~~~~~^~~~~~~~~~
In file included from ../ext/bson.h:17,
                 from ../ext/bson.cc:35:
../../../../nan/nan.h:622:19: note: candidate: ‘template<class T> void NanAssignPersistent(v8::Persistent<T, v8::NonCopyablePersistentTraits<T> >&, const v8::Persistent<T, v8::NonCopyablePersistentTraits<T> >&)’
   NAN_INLINE void NanAssignPersistent(
                   ^~~~~~~~~~~~~~~~~~~
../../../../nan/nan.h:622:19: note:   template argument deduction/substitution failed:
../ext/bson.cc:631:67: note:   ‘v8::Local<v8::String>’ is not derived from ‘const v8::Persistent<T, v8::NonCopyablePersistentTraits<T> >’
         NanAssignPersistent(maxKeyString, NanNew<String>("MaxKey"));
                                                                   ^
../ext/bson.cc: At global scope:
../ext/bson.cc:634:27: error: variable or field ‘Initialize’ declared void
 void BSON::Initialize(v8::Handle<v8::Object> target)
                           ^~~~~~
../ext/bson.cc:634:27: error: ‘Handle’ is not a member of ‘v8’
../ext/bson.cc:634:44: error: expected primary-expression before ‘>’ token
 void BSON::Initialize(v8::Handle<v8::Object> target)
                                            ^
../ext/bson.cc:634:46: error: ‘target’ was not declared in this scope
 void BSON::Initialize(v8::Handle<v8::Object> target)
                                              ^~~~~~
../ext/bson.cc:634:46: note: suggested alternative: ‘tzset’
 void BSON::Initialize(v8::Handle<v8::Object> target)
                                              ^~~~~~
                                              tzset
../ext/bson.cc: In static member function ‘static void BSON::New(const v8::FunctionCallbackInfo<v8::Value>&)’:
../ext/bson.cc:676:62: warning: ‘v8::Local<v8::Value> v8::Object::Get(uint32_t)’ is deprecated: Use maybe version [-Wdeprecated-declarations]
     Local<Function> func = Local<Function>::Cast(array->Get(i));
                                                              ^
In file included from /root/.cache/node-gyp/12.13.1/include/node/v8-internal.h:14,
                 from /root/.cache/node-gyp/12.13.1/include/node/v8.h:25,
                 from ../ext/bson.cc:14:
/root/.cache/node-gyp/12.13.1/include/node/v8.h:3461:51: note: declared here
   V8_DEPRECATED("Use maybe version", Local<Value> Get(uint32_t index));
                                                   ^~~
/root/.cache/node-gyp/12.13.1/include/node/v8config.h:311:3: note: in definition of macro ‘V8_DEPRECATED’
   declarator __attribute__((deprecated(message)))
   ^~~~~~~~~~
../ext/bson.cc:677:60: error: no matching function for call to ‘v8::Value::ToString()’
     Local<String> functionName = func->GetName()->ToString();
                                                            ^
In file included from ../ext/bson.cc:14:
/root/.cache/node-gyp/12.13.1/include/node/v8.h:2572:44: note: candidate: ‘v8::MaybeLocal<v8::String> v8::Value::ToString(v8::Local<v8::Context>) const’
   V8_WARN_UNUSED_RESULT MaybeLocal<String> ToString(
                                            ^~~~~~~~
/root/.cache/node-gyp/12.13.1/include/node/v8.h:2572:44: note:   candidate expects 1 argument, 0 provided
In file included from /root/.cache/node-gyp/12.13.1/include/node/v8-internal.h:14,
                 from /root/.cache/node-gyp/12.13.1/include/node/v8.h:25,
                 from ../ext/bson.cc:14:
/root/.cache/node-gyp/12.13.1/include/node/v8.h:2588:31: note: candidate: ‘v8::Local<v8::String> v8::Value::ToString(v8::Isolate*) const’
                 Local<String> ToString(Isolate* isolate) const);
                               ^~~~~~~~
/root/.cache/node-gyp/12.13.1/include/node/v8config.h:311:3: note: in definition of macro ‘V8_DEPRECATED’
   declarator __attribute__((deprecated(message)))
   ^~~~~~~~~~
/root/.cache/node-gyp/12.13.1/include/node/v8.h:2588:31: note:   candidate expects 1 argument, 0 provided
                 Local<String> ToString(Isolate* isolate) const);
                               ^~~~~~~~
/root/.cache/node-gyp/12.13.1/include/node/v8config.h:311:3: note: in definition of macro ‘V8_DEPRECATED’
   declarator __attribute__((deprecated(message)))
   ^~~~~~~~~~
../ext/bson.cc:681:53: error: no matching function for call to ‘NanAssignPersistent(v8::Persistent<v8::Function>&, v8::Local<v8::Function>&)’
      NanAssignPersistent(bson->longConstructor, func);
                                                     ^
In file included from ../ext/bson.h:17,
                 from ../ext/bson.cc:35:
../../../../nan/nan.h:615:19: note: candidate: ‘template<class T> void NanAssignPersistent(v8::Persistent<T, v8::NonCopyablePersistentTraits<T> >&, int)’
   NAN_INLINE void NanAssignPersistent(
                   ^~~~~~~~~~~~~~~~~~~
../../../../nan/nan.h:615:19: note:   template argument deduction/substitution failed:
../ext/bson.cc:681:49: note:   cannot convert ‘func’ (type ‘v8::Local<v8::Function>’) to type ‘int’
      NanAssignPersistent(bson->longConstructor, func);
                                                 ^~~~
In file included from ../ext/bson.h:17,
                 from ../ext/bson.cc:35:
../../../../nan/nan.h:622:19: note: candidate: ‘template<class T> void NanAssignPersistent(v8::Persistent<T, v8::NonCopyablePersistentTraits<T> >&, const v8::Persistent<T, v8::NonCopyablePersistentTraits<T> >&)’
   NAN_INLINE void NanAssignPersistent(
                   ^~~~~~~~~~~~~~~~~~~
../../../../nan/nan.h:622:19: note:   template argument deduction/substitution failed:
../ext/bson.cc:681:53: note:   ‘v8::Local<v8::Function>’ is not derived from ‘const v8::Persistent<T, v8::NonCopyablePersistentTraits<T> >’
      NanAssignPersistent(bson->longConstructor, func);
                                                     ^
../ext/bson.cc:684:57: error: no matching function for call to ‘NanAssignPersistent(v8::Persistent<v8::Function>&, v8::Local<v8::Function>&)’
      NanAssignPersistent(bson->objectIDConstructor, func);
                                                         ^
In file included from ../ext/bson.h:17,
                 from ../ext/bson.cc:35:
../../../../nan/nan.h:615:19: note: candidate: ‘template<class T> void NanAssignPersistent(v8::Persistent<T, v8::NonCopyablePersistentTraits<T> >&, int)’
   NAN_INLINE void NanAssignPersistent(
                   ^~~~~~~~~~~~~~~~~~~
../../../../nan/nan.h:615:19: note:   template argument deduction/substitution failed:
../ext/bson.cc:684:53: note:   cannot convert ‘func’ (type ‘v8::Local<v8::Function>’) to type ‘int’
      NanAssignPersistent(bson->objectIDConstructor, func);
                                                     ^~~~
In file included from ../ext/bson.h:17,
                 from ../ext/bson.cc:35:
../../../../nan/nan.h:622:19: note: candidate: ‘template<class T> void NanAssignPersistent(v8::Persistent<T, v8::NonCopyablePersistentTraits<T> >&, const v8::Persistent<T, v8::NonCopyablePersistentTraits<T> >&)’
   NAN_INLINE void NanAssignPersistent(
                   ^~~~~~~~~~~~~~~~~~~
../../../../nan/nan.h:622:19: note:   template argument deduction/substitution failed:
../ext/bson.cc:684:57: note:   ‘v8::Local<v8::Function>’ is not derived from ‘const v8::Persistent<T, v8::NonCopyablePersistentTraits<T> >’
      NanAssignPersistent(bson->objectIDConstructor, func);
                                                         ^
../ext/bson.cc:687:55: error: no matching function for call to ‘NanAssignPersistent(v8::Persistent<v8::Function>&, v8::Local<v8::Function>&)’
      NanAssignPersistent(bson->binaryConstructor, func);
                                                       ^
In file included from ../ext/bson.h:17,
                 from ../ext/bson.cc:35:
../../../../nan/nan.h:615:19: note: candidate: ‘template<class T> void NanAssignPersistent(v8::Persistent<T, v8::NonCopyablePersistentTraits<T> >&, int)’
   NAN_INLINE void NanAssignPersistent(
                   ^~~~~~~~~~~~~~~~~~~
../../../../nan/nan.h:615:19: note:   template argument deduction/substitution failed:
../ext/bson.cc:687:51: note:   cannot convert ‘func’ (type ‘v8::Local<v8::Function>’) to type ‘int’
      NanAssignPersistent(bson->binaryConstructor, func);
                                                   ^~~~
In file included from ../ext/bson.h:17,
                 from ../ext/bson.cc:35:
../../../../nan/nan.h:622:19: note: candidate: ‘template<class T> void NanAssignPersistent(v8::Persistent<T, v8::NonCopyablePersistentTraits<T> >&, const v8::Persistent<T, v8::NonCopyablePersistentTraits<T> >&)’
   NAN_INLINE void NanAssignPersistent(
                   ^~~~~~~~~~~~~~~~~~~
../../../../nan/nan.h:622:19: note:   template argument deduction/substitution failed:
../ext/bson.cc:687:55: note:   ‘v8::Local<v8::Function>’ is not derived from ‘const v8::Persistent<T, v8::NonCopyablePersistentTraits<T> >’
      NanAssignPersistent(bson->binaryConstructor, func);
                                                       ^
../ext/bson.cc:690:53: error: no matching function for call to ‘NanAssignPersistent(v8::Persistent<v8::Function>&, v8::Local<v8::Function>&)’
      NanAssignPersistent(bson->codeConstructor, func);
                                                     ^
In file included from ../ext/bson.h:17,
                 from ../ext/bson.cc:35:
../../../../nan/nan.h:615:19: note: candidate: ‘template<class T> void NanAssignPersistent(v8::Persistent<T, v8::NonCopyablePersistentTraits<T> >&, int)’
   NAN_INLINE void NanAssignPersistent(
                   ^~~~~~~~~~~~~~~~~~~
../../../../nan/nan.h:615:19: note:   template argument deduction/substitution failed:
../ext/bson.cc:690:49: note:   cannot convert ‘func’ (type ‘v8::Local<v8::Function>’) to type ‘int’
      NanAssignPersistent(bson->codeConstructor, func);
                                                 ^~~~
In file included from ../ext/bson.h:17,
                 from ../ext/bson.cc:35:
../../../../nan/nan.h:622:19: note: candidate: ‘template<class T> void NanAssignPersistent(v8::Persistent<T, v8::NonCopyablePersistentTraits<T> >&, const v8::Persistent<T, v8::NonCopyablePersistentTraits<T> >&)’
   NAN_INLINE void NanAssignPersistent(
                   ^~~~~~~~~~~~~~~~~~~
../../../../nan/nan.h:622:19: note:   template argument deduction/substitution failed:
../ext/bson.cc:690:53: note:   ‘v8::Local<v8::Function>’ is not derived from ‘const v8::Persistent<T, v8::NonCopyablePersistentTraits<T> >’
      NanAssignPersistent(bson->codeConstructor, func);
                                                     ^
../ext/bson.cc:693:54: error: no matching function for call to ‘NanAssignPersistent(v8::Persistent<v8::Function>&, v8::Local<v8::Function>&)’
      NanAssignPersistent(bson->dbrefConstructor, func);
                                                      ^
In file included from ../ext/bson.h:17,
                 from ../ext/bson.cc:35:
../../../../nan/nan.h:615:19: note: candidate: ‘template<class T> void NanAssignPersistent(v8::Persistent<T, v8::NonCopyablePersistentTraits<T> >&, int)’
   NAN_INLINE void NanAssignPersistent(
                   ^~~~~~~~~~~~~~~~~~~
../../../../nan/nan.h:615:19: note:   template argument deduction/substitution failed:
../ext/bson.cc:693:50: note:   cannot convert ‘func’ (type ‘v8::Local<v8::Function>’) to type ‘int’
      NanAssignPersistent(bson->dbrefConstructor, func);
                                                  ^~~~
In file included from ../ext/bson.h:17,
                 from ../ext/bson.cc:35:
../../../../nan/nan.h:622:19: note: candidate: ‘template<class T> void NanAssignPersistent(v8::Persistent<T, v8::NonCopyablePersistentTraits<T> >&, const v8::Persistent<T, v8::NonCopyablePersistentTraits<T> >&)’
   NAN_INLINE void NanAssignPersistent(
                   ^~~~~~~~~~~~~~~~~~~
../../../../nan/nan.h:622:19: note:   template argument deduction/substitution failed:
../ext/bson.cc:693:54: note:   ‘v8::Local<v8::Function>’ is not derived from ‘const v8::Persistent<T, v8::NonCopyablePersistentTraits<T> >’
      NanAssignPersistent(bson->dbrefConstructor, func);
                                                      ^
../ext/bson.cc:696:55: error: no matching function for call to ‘NanAssignPersistent(v8::Persistent<v8::Function>&, v8::Local<v8::Function>&)’
      NanAssignPersistent(bson->symbolConstructor, func);
                                                       ^
In file included from ../ext/bson.h:17,
                 from ../ext/bson.cc:35:
../../../../nan/nan.h:615:19: note: candidate: ‘template<class T> void NanAssignPersistent(v8::Persistent<T, v8::NonCopyablePersistentTraits<T> >&, int)’
   NAN_INLINE void NanAssignPersistent(
                   ^~~~~~~~~~~~~~~~~~~
../../../../nan/nan.h:615:19: note:   template argument deduction/substitution failed:
../ext/bson.cc:696:51: note:   cannot convert ‘func’ (type ‘v8::Local<v8::Function>’) to type ‘int’
      NanAssignPersistent(bson->symbolConstructor, func);
                                                   ^~~~
In file included from ../ext/bson.h:17,
                 from ../ext/bson.cc:35:
../../../../nan/nan.h:622:19: note: candidate: ‘template<class T> void NanAssignPersistent(v8::Persistent<T, v8::NonCopyablePersistentTraits<T> >&, const v8::Persistent<T, v8::NonCopyablePersistentTraits<T> >&)’
   NAN_INLINE void NanAssignPersistent(
                   ^~~~~~~~~~~~~~~~~~~
../../../../nan/nan.h:622:19: note:   template argument deduction/substitution failed:
../ext/bson.cc:696:55: note:   ‘v8::Local<v8::Function>’ is not derived from ‘const v8::Persistent<T, v8::NonCopyablePersistentTraits<T> >’
      NanAssignPersistent(bson->symbolConstructor, func);
                                                       ^
../ext/bson.cc:699:55: error: no matching function for call to ‘NanAssignPersistent(v8::Persistent<v8::Function>&, v8::Local<v8::Function>&)’
      NanAssignPersistent(bson->doubleConstructor, func);
                                                       ^
In file included from ../ext/bson.h:17,
                 from ../ext/bson.cc:35:
../../../../nan/nan.h:615:19: note: candidate: ‘template<class T> void NanAssignPersistent(v8::Persistent<T, v8::NonCopyablePersistentTraits<T> >&, int)’
   NAN_INLINE void NanAssignPersistent(
                   ^~~~~~~~~~~~~~~~~~~
../../../../nan/nan.h:615:19: note:   template argument deduction/substitution failed:
../ext/bson.cc:699:51: note:   cannot convert ‘func’ (type ‘v8::Local<v8::Function>’) to type ‘int’
      NanAssignPersistent(bson->doubleConstructor, func);
                                                   ^~~~
In file included from ../ext/bson.h:17,
                 from ../ext/bson.cc:35:
../../../../nan/nan.h:622:19: note: candidate: ‘template<class T> void NanAssignPersistent(v8::Persistent<T, v8::NonCopyablePersistentTraits<T> >&, const v8::Persistent<T, v8::NonCopyablePersistentTraits<T> >&)’
   NAN_INLINE void NanAssignPersistent(
                   ^~~~~~~~~~~~~~~~~~~
../../../../nan/nan.h:622:19: note:   template argument deduction/substitution failed:
../ext/bson.cc:699:55: note:   ‘v8::Local<v8::Function>’ is not derived from ‘const v8::Persistent<T, v8::NonCopyablePersistentTraits<T> >’
      NanAssignPersistent(bson->doubleConstructor, func);
                                                       ^
../ext/bson.cc:702:58: error: no matching function for call to ‘NanAssignPersistent(v8::Persistent<v8::Function>&, v8::Local<v8::Function>&)’
      NanAssignPersistent(bson->timestampConstructor, func);
                                                          ^
In file included from ../ext/bson.h:17,
                 from ../ext/bson.cc:35:
../../../../nan/nan.h:615:19: note: candidate: ‘template<class T> void NanAssignPersistent(v8::Persistent<T, v8::NonCopyablePersistentTraits<T> >&, int)’
   NAN_INLINE void NanAssignPersistent(
                   ^~~~~~~~~~~~~~~~~~~
../../../../nan/nan.h:615:19: note:   template argument deduction/substitution failed:
../ext/bson.cc:702:54: note:   cannot convert ‘func’ (type ‘v8::Local<v8::Function>’) to type ‘int’
      NanAssignPersistent(bson->timestampConstructor, func);
                                                      ^~~~
In file included from ../ext/bson.h:17,
                 from ../ext/bson.cc:35:
../../../../nan/nan.h:622:19: note: candidate: ‘template<class T> void NanAssignPersistent(v8::Persistent<T, v8::NonCopyablePersistentTraits<T> >&, const v8::Persistent<T, v8::NonCopyablePersistentTraits<T> >&)’
   NAN_INLINE void NanAssignPersistent(
                   ^~~~~~~~~~~~~~~~~~~
../../../../nan/nan.h:622:19: note:   template argument deduction/substitution failed:
../ext/bson.cc:702:58: note:   ‘v8::Local<v8::Function>’ is not derived from ‘const v8::Persistent<T, v8::NonCopyablePersistentTraits<T> >’
      NanAssignPersistent(bson->timestampConstructor, func);
                                                          ^
../ext/bson.cc:705:55: error: no matching function for call to ‘NanAssignPersistent(v8::Persistent<v8::Function>&, v8::Local<v8::Function>&)’
      NanAssignPersistent(bson->minKeyConstructor, func);
                                                       ^
In file included from ../ext/bson.h:17,
                 from ../ext/bson.cc:35:
../../../../nan/nan.h:615:19: note: candidate: ‘template<class T> void NanAssignPersistent(v8::Persistent<T, v8::NonCopyablePersistentTraits<T> >&, int)’
   NAN_INLINE void NanAssignPersistent(
                   ^~~~~~~~~~~~~~~~~~~
../../../../nan/nan.h:615:19: note:   template argument deduction/substitution failed:
../ext/bson.cc:705:51: note:   cannot convert ‘func’ (type ‘v8::Local<v8::Function>’) to type ‘int’
      NanAssignPersistent(bson->minKeyConstructor, func);
                                                   ^~~~
In file included from ../ext/bson.h:17,
                 from ../ext/bson.cc:35:
../../../../nan/nan.h:622:19: note: candidate: ‘template<class T> void NanAssignPersistent(v8::Persistent<T, v8::NonCopyablePersistentTraits<T> >&, const v8::Persistent<T, v8::NonCopyablePersistentTraits<T> >&)’
   NAN_INLINE void NanAssignPersistent(
                   ^~~~~~~~~~~~~~~~~~~
../../../../nan/nan.h:622:19: note:   template argument deduction/substitution failed:
../ext/bson.cc:705:55: note:   ‘v8::Local<v8::Function>’ is not derived from ‘const v8::Persistent<T, v8::NonCopyablePersistentTraits<T> >’
      NanAssignPersistent(bson->minKeyConstructor, func);
                                                       ^
../ext/bson.cc:708:55: error: no matching function for call to ‘NanAssignPersistent(v8::Persistent<v8::Function>&, v8::Local<v8::Function>&)’
      NanAssignPersistent(bson->maxKeyConstructor, func);
                                                       ^
In file included from ../ext/bson.h:17,
                 from ../ext/bson.cc:35:
../../../../nan/nan.h:615:19: note: candidate: ‘template<class T> void NanAssignPersistent(v8::Persistent<T, v8::NonCopyablePersistentTraits<T> >&, int)’
   NAN_INLINE void NanAssignPersistent(
                   ^~~~~~~~~~~~~~~~~~~
../../../../nan/nan.h:615:19: note:   template argument deduction/substitution failed:
../ext/bson.cc:708:51: note:   cannot convert ‘func’ (type ‘v8::Local<v8::Function>’) to type ‘int’
      NanAssignPersistent(bson->maxKeyConstructor, func);
                                                   ^~~~
In file included from ../ext/bson.h:17,
                 from ../ext/bson.cc:35:
../../../../nan/nan.h:622:19: note: candidate: ‘template<class T> void NanAssignPersistent(v8::Persistent<T, v8::NonCopyablePersistentTraits<T> >&, const v8::Persistent<T, v8::NonCopyablePersistentTraits<T> >&)’
   NAN_INLINE void NanAssignPersistent(
                   ^~~~~~~~~~~~~~~~~~~
../../../../nan/nan.h:622:19: note:   template argument deduction/substitution failed:
../ext/bson.cc:708:55: note:   ‘v8::Local<v8::Function>’ is not derived from ‘const v8::Persistent<T, v8::NonCopyablePersistentTraits<T> >’
      NanAssignPersistent(bson->maxKeyConstructor, func);
                                                       ^
../ext/bson.cc: In static member function ‘static void BSON::BSONDeserialize(const v8::FunctionCallbackInfo<v8::Value>&)’:
../ext/bson.cc:751:45: error: no matching function for call to ‘v8::Value::ToObject()’
   Local<Object> options = args[1]->ToObject();
                                             ^
In file included from ../ext/bson.cc:14:
/root/.cache/node-gyp/12.13.1/include/node/v8.h:2576:44: note: candidate: ‘v8::MaybeLocal<v8::Object> v8::Value::ToObject(v8::Local<v8::Context>) const’
   V8_WARN_UNUSED_RESULT MaybeLocal<Object> ToObject(
                                            ^~~~~~~~
/root/.cache/node-gyp/12.13.1/include/node/v8.h:2576:44: note:   candidate expects 1 argument, 0 provided
In file included from /root/.cache/node-gyp/12.13.1/include/node/v8-internal.h:14,
                 from /root/.cache/node-gyp/12.13.1/include/node/v8.h:25,
                 from ../ext/bson.cc:14:
/root/.cache/node-gyp/12.13.1/include/node/v8.h:2590:31: note: candidate: ‘v8::Local<v8::Object> v8::Value::ToObject(v8::Isolate*) const’
                 Local<Object> ToObject(Isolate* isolate) const);
                               ^~~~~~~~
/root/.cache/node-gyp/12.13.1/include/node/v8config.h:311:3: note: in definition of macro ‘V8_DEPRECATED’
   declarator __attribute__((deprecated(message)))
   ^~~~~~~~~~
/root/.cache/node-gyp/12.13.1/include/node/v8.h:2590:31: note:   candidate expects 1 argument, 0 provided
                 Local<Object> ToObject(Isolate* isolate) const);
                               ^~~~~~~~
/root/.cache/node-gyp/12.13.1/include/node/v8config.h:311:3: note: in definition of macro ‘V8_DEPRECATED’
   declarator __attribute__((deprecated(message)))
   ^~~~~~~~~~
../ext/bson.cc:753:49: error: no matching function for call to ‘v8::Object::Has(v8::Local<v8::String>)’
   if(options->Has(NanNew<String>("promoteLongs"))) {
                                                 ^
In file included from ../ext/bson.cc:14:
/root/.cache/node-gyp/12.13.1/include/node/v8.h:3494:37: note: candidate: ‘v8::Maybe<bool> v8::Object::Has(v8::Local<v8::Context>, v8::Local<v8::Value>)’
   V8_WARN_UNUSED_RESULT Maybe<bool> Has(Local<Context> context,
                                     ^~~
/root/.cache/node-gyp/12.13.1/include/node/v8.h:3494:37: note:   candidate expects 2 arguments, 1 provided
/root/.cache/node-gyp/12.13.1/include/node/v8.h:3500:37: note: candidate: ‘v8::Maybe<bool> v8::Object::Has(v8::Local<v8::Context>, uint32_t)’
   V8_WARN_UNUSED_RESULT Maybe<bool> Has(Local<Context> context, uint32_t index);
                                     ^~~
/root/.cache/node-gyp/12.13.1/include/node/v8.h:3500:37: note:   candidate expects 2 arguments, 1 provided
../ext/bson.cc:754:62: warning: ‘v8::Local<v8::Value> v8::Object::Get(v8::Local<v8::Value>)’ is deprecated: Use maybe version [-Wdeprecated-declarations]
    promoteLongs = options->Get(NanNew<String>("promoteLongs"))->ToBoolean()->Value();
                                                              ^
In file included from /root/.cache/node-gyp/12.13.1/include/node/v8-internal.h:14,
                 from /root/.cache/node-gyp/12.13.1/include/node/v8.h:25,
                 from ../ext/bson.cc:14:
/root/.cache/node-gyp/12.13.1/include/node/v8.h:3457:51: note: declared here
   V8_DEPRECATED("Use maybe version", Local<Value> Get(Local<Value> key));
                                                   ^~~
/root/.cache/node-gyp/12.13.1/include/node/v8config.h:311:3: note: in definition of macro ‘V8_DEPRECATED’
   declarator __attribute__((deprecated(message)))
   ^~~~~~~~~~
../ext/bson.cc:754:75: error: no matching function for call to ‘v8::Value::ToBoolean()’
    promoteLongs = options->Get(NanNew<String>("promoteLongs"))->ToBoolean()->Value();
                                                                           ^
In file included from /root/.cache/node-gyp/12.13.1/include/node/v8-internal.h:14,
                 from /root/.cache/node-gyp/12.13.1/include/node/v8.h:25,
                 from ../ext/bson.cc:14:
/root/.cache/node-gyp/12.13.1/include/node/v8.h:2568:59: note: candidate: ‘v8::MaybeLocal<v8::Boolean> v8::Value::ToBoolean(v8::Local<v8::Context>) const’
                 V8_WARN_UNUSED_RESULT MaybeLocal<Boolean> ToBoolean(
                                                           ^~~~~~~~~
/root/.cache/node-gyp/12.13.1/include/node/v8config.h:311:3: note: in definition of macro ‘V8_DEPRECATED’
   declarator __attribute__((deprecated(message)))
   ^~~~~~~~~~
/root/.cache/node-gyp/12.13.1/include/node/v8.h:2568:59: note:   candidate expects 1 argument, 0 provided
                 V8_WARN_UNUSED_RESULT MaybeLocal<Boolean> ToBoolean(
                                                           ^~~~~~~~~
/root/.cache/node-gyp/12.13.1/include/node/v8config.h:311:3: note: in definition of macro ‘V8_DEPRECATED’
   declarator __attribute__((deprecated(message)))
   ^~~~~~~~~~
In file included from ../ext/bson.cc:14:
/root/.cache/node-gyp/12.13.1/include/node/v8.h:2584:18: note: candidate: ‘v8::Local<v8::Boolean> v8::Value::ToBoolean(v8::Isolate*) const’
   Local<Boolean> ToBoolean(Isolate* isolate) const;
                  ^~~~~~~~~
/root/.cache/node-gyp/12.13.1/include/node/v8.h:2584:18: note:   candidate expects 1 argument, 0 provided
../ext/bson.cc:759:40: error: no matching function for call to ‘v8::Value::ToObject()’
  Local<Object> obj = args[0]->ToObject();
                                        ^
In file included from ../ext/bson.cc:14:
/root/.cache/node-gyp/12.13.1/include/node/v8.h:2576:44: note: candidate: ‘v8::MaybeLocal<v8::Object> v8::Value::ToObject(v8::Local<v8::Context>) const’
   V8_WARN_UNUSED_RESULT MaybeLocal<Object> ToObject(
                                            ^~~~~~~~
/root/.cache/node-gyp/12.13.1/include/node/v8.h:2576:44: note:   candidate expects 1 argument, 0 provided
In file included from /root/.cache/node-gyp/12.13.1/include/node/v8-internal.h:14,
                 from /root/.cache/node-gyp/12.13.1/include/node/v8.h:25,
                 from ../ext/bson.cc:14:
/root/.cache/node-gyp/12.13.1/include/node/v8.h:2590:31: note: candidate: ‘v8::Local<v8::Object> v8::Value::ToObject(v8::Isolate*) const’
                 Local<Object> ToObject(Isolate* isolate) const);
                               ^~~~~~~~
/root/.cache/node-gyp/12.13.1/include/node/v8config.h:311:3: note: in definition of macro ‘V8_DEPRECATED’
   declarator __attribute__((deprecated(message)))
   ^~~~~~~~~~
/root/.cache/node-gyp/12.13.1/include/node/v8.h:2590:31: note:   candidate expects 1 argument, 0 provided
                 Local<Object> ToObject(Isolate* isolate) const);
                               ^~~~~~~~
/root/.cache/node-gyp/12.13.1/include/node/v8config.h:311:3: note: in definition of macro ‘V8_DEPRECATED’
   declarator __attribute__((deprecated(message)))
   ^~~~~~~~~~
In file included from ../ext/bson.h:17,
                 from ../ext/bson.cc:35:
../ext/bson.cc:783:32: error: ‘class BSONDeserializer’ has no member named ‘DeserializeDocument’
    NanReturnValue(deserializer.DeserializeDocument(promoteLongs));
                                ^~~~~~~~~~~~~~~~~~~
../../../../nan/nan.h:687:65: note: in definition of macro ‘NanReturnValue’
 # define NanReturnValue(value) return args.GetReturnValue().Set(value)
                                                                 ^~~~~
../../../../nan/nan.h:687:70: error: return-statement with a value, in function returning ‘void’ [-fpermissive]
 # define NanReturnValue(value) return args.GetReturnValue().Set(value)
                                                                      ^
../ext/bson.cc:783:4: note: in expansion of macro ‘NanReturnValue’
    NanReturnValue(deserializer.DeserializeDocument(promoteLongs));
    ^~~~~~~~~~~~~~
../ext/bson.cc:789:30: error: no matching function for call to ‘NanThrowError(v8::Local<v8::String>&)’
    return NanThrowError(error);
                              ^
In file included from ../ext/bson.h:17,
                 from ../ext/bson.cc:35:
../../../../nan/nan.h:716:19: note: candidate: ‘void NanThrowError(const char*)’
   NAN_INLINE void NanThrowError(const char* errmsg) {
                   ^~~~~~~~~~~~~
../../../../nan/nan.h:716:19: note:   no known conversion for argument 1 from ‘v8::Local<v8::String>’ to ‘const char*’
../../../../nan/nan.h:735:19: note: candidate: ‘void NanThrowError(const char*, int)’
   NAN_INLINE void NanThrowError(
                   ^~~~~~~~~~~~~
../../../../nan/nan.h:735:19: note:   candidate expects 2 arguments, 1 provided
../ext/bson.cc:789:30: error: return-statement with a value, in function returning ‘void’ [-fpermissive]
    return NanThrowError(error);
                              ^
../ext/bson.cc:796:35: error: cannot convert ‘v8::Local<v8::Value>’ to ‘v8::Isolate*’
   ssize_t len = DecodeBytes(args[0], BINARY);
                             ~~~~~~^
In file included from ../ext/bson.cc:22:
/root/.cache/node-gyp/12.13.1/include/node/node.h:483:46: note:   initializing argument 1 of ‘ssize_t node::DecodeBytes(v8::Isolate*, v8::Local<v8::Value>, node::encoding)’
 NODE_EXTERN ssize_t DecodeBytes(v8::Isolate* isolate,
                                 ~~~~~~~~~~~~~^~~~~~~
../ext/bson.cc:803:15: error: cannot convert ‘char*’ to ‘v8::Isolate*’
   DecodeWrite(data, len, args[0], BINARY);
               ^~~~
In file included from ../ext/bson.cc:22:
/root/.cache/node-gyp/12.13.1/include/node/node.h:487:46: note:   initializing argument 1 of ‘ssize_t node::DecodeWrite(v8::Isolate*, char*, size_t, v8::Local<v8::Value>, node::encoding)’
 NODE_EXTERN ssize_t DecodeWrite(v8::Isolate* isolate,
                                 ~~~~~~~~~~~~~^~~~~~~
../ext/bson.cc:809:4: error: ‘Handle’ was not declared in this scope
    Handle<Value> result = deserializer.DeserializeDocument(promoteLongs);
    ^~~~~~
../ext/bson.cc:809:4: note: suggested alternative: ‘handle’
    Handle<Value> result = deserializer.DeserializeDocument(promoteLongs);
    ^~~~~~
    handle
../ext/bson.cc:809:16: error: expected primary-expression before ‘>’ token
    Handle<Value> result = deserializer.DeserializeDocument(promoteLongs);
                ^
../ext/bson.cc:809:18: error: ‘result’ was not declared in this scope
    Handle<Value> result = deserializer.DeserializeDocument(promoteLongs);
                  ^~~~~~
../ext/bson.cc:809:40: error: ‘class BSONDeserializer’ has no member named ‘DeserializeDocument’
    Handle<Value> result = deserializer.DeserializeDocument(promoteLongs);
                                        ^~~~~~~~~~~~~~~~~~~
In file included from ../ext/bson.h:17,
                 from ../ext/bson.cc:35:
../../../../nan/nan.h:687:70: error: return-statement with a value, in function returning ‘void’ [-fpermissive]
 # define NanReturnValue(value) return args.GetReturnValue().Set(value)
                                                                      ^
../ext/bson.cc:811:4: note: in expansion of macro ‘NanReturnValue’
    NanReturnValue(result);
    ^~~~~~~~~~~~~~
../ext/bson.cc:819:30: error: no matching function for call to ‘NanThrowError(v8::Local<v8::String>&)’
    return NanThrowError(error);
                              ^
In file included from ../ext/bson.h:17,
                 from ../ext/bson.cc:35:
../../../../nan/nan.h:716:19: note: candidate: ‘void NanThrowError(const char*)’
   NAN_INLINE void NanThrowError(const char* errmsg) {
                   ^~~~~~~~~~~~~
../../../../nan/nan.h:716:19: note:   no known conversion for argument 1 from ‘v8::Local<v8::String>’ to ‘const char*’
../../../../nan/nan.h:735:19: note: candidate: ‘void NanThrowError(const char*, int)’
   NAN_INLINE void NanThrowError(
                   ^~~~~~~~~~~~~
../../../../nan/nan.h:735:19: note:   candidate expects 2 arguments, 1 provided
../ext/bson.cc:819:30: error: return-statement with a value, in function returning ‘void’ [-fpermissive]
    return NanThrowError(error);
                              ^
../ext/bson.cc: At global scope:
../ext/bson.cc:824:46: error: ‘Handle’ does not name a type; did you mean ‘daddl’?
 Local<Object> BSON::GetSerializeObject(const Handle<Value>& argValue)
                                              ^~~~~~
                                              daddl
../ext/bson.cc:824:52: error: expected ‘,’ or ‘...’ before ‘<’ token
 Local<Object> BSON::GetSerializeObject(const Handle<Value>& argValue)
                                                    ^
../ext/bson.cc: In member function ‘v8::Local<v8::Object> BSON::GetSerializeObject(int)’:
../ext/bson.cc:826:25: error: ‘argValue’ was not declared in this scope
  Local<Object> object = argValue->ToObject();
                         ^~~~~~~~
../ext/bson.cc:826:25: note: suggested alternative: ‘si_value’
  Local<Object> object = argValue->ToObject();
                         ^~~~~~~~
                         si_value
../ext/bson.cc:827:38: error: no matching function for call to ‘v8::Object::Has(v8::Local<v8::String>)’
  if(object->Has(NanNew(_toBSONString)))
                                      ^
In file included from ../ext/bson.cc:14:
/root/.cache/node-gyp/12.13.1/include/node/v8.h:3494:37: note: candidate: ‘v8::Maybe<bool> v8::Object::Has(v8::Local<v8::Context>, v8::Local<v8::Value>)’
   V8_WARN_UNUSED_RESULT Maybe<bool> Has(Local<Context> context,
                                     ^~~
/root/.cache/node-gyp/12.13.1/include/node/v8.h:3494:37: note:   candidate expects 2 arguments, 1 provided
/root/.cache/node-gyp/12.13.1/include/node/v8.h:3500:37: note: candidate: ‘v8::Maybe<bool> v8::Object::Has(v8::Local<v8::Context>, uint32_t)’
   V8_WARN_UNUSED_RESULT Maybe<bool> Has(Local<Context> context, uint32_t index);
                                     ^~~
/root/.cache/node-gyp/12.13.1/include/node/v8.h:3500:37: note:   candidate expects 2 arguments, 1 provided
../ext/bson.cc:829:65: warning: ‘v8::Local<v8::Value> v8::Object::Get(v8::Local<v8::Value>)’ is deprecated: Use maybe version [-Wdeprecated-declarations]
   const Local<Value>& toBSON = object->Get(NanNew(_toBSONString));
                                                                 ^
In file included from /root/.cache/node-gyp/12.13.1/include/node/v8-internal.h:14,
                 from /root/.cache/node-gyp/12.13.1/include/node/v8.h:25,
                 from ../ext/bson.cc:14:
/root/.cache/node-gyp/12.13.1/include/node/v8.h:3457:51: note: declared here
   V8_DEPRECATED("Use maybe version", Local<Value> Get(Local<Value> key));
                                                   ^~~
/root/.cache/node-gyp/12.13.1/include/node/v8config.h:311:3: note: in definition of macro ‘V8_DEPRECATED’
   declarator __attribute__((deprecated(message)))
   ^~~~~~~~~~
../ext/bson.cc:832:76: error: no matching function for call to ‘v8::Function::Call(v8::Local<v8::Object>&, int, NULL)’
   Local<Value> result = Local<Function>::Cast(toBSON)->Call(object, 0, NULL);
                                                                            ^
In file included from ../ext/bson.cc:14:
/root/.cache/node-gyp/12.13.1/include/node/v8.h:4193:43: note: candidate: ‘v8::MaybeLocal<v8::Value> v8::Function::Call(v8::Local<v8::Context>, v8::Local<v8::Value>, int, v8::Local<v8::Value>*)’
   V8_WARN_UNUSED_RESULT MaybeLocal<Value> Call(Local<Context> context,
                                           ^~~~
/root/.cache/node-gyp/12.13.1/include/node/v8.h:4193:43: note:   candidate expects 4 arguments, 3 provided
../ext/bson.cc:834:27: error: no matching function for call to ‘v8::Value::ToObject()’
   return result->ToObject();
                           ^
In file included from ../ext/bson.cc:14:
/root/.cache/node-gyp/12.13.1/include/node/v8.h:2576:44: note: candidate: ‘v8::MaybeLocal<v8::Object> v8::Value::ToObject(v8::Local<v8::Context>) const’
   V8_WARN_UNUSED_RESULT MaybeLocal<Object> ToObject(
                                            ^~~~~~~~
/root/.cache/node-gyp/12.13.1/include/node/v8.h:2576:44: note:   candidate expects 1 argument, 0 provided
In file included from /root/.cache/node-gyp/12.13.1/include/node/v8-internal.h:14,
                 from /root/.cache/node-gyp/12.13.1/include/node/v8.h:25,
                 from ../ext/bson.cc:14:
/root/.cache/node-gyp/12.13.1/include/node/v8.h:2590:31: note: candidate: ‘v8::Local<v8::Object> v8::Value::ToObject(v8::Isolate*) const’
                 Local<Object> ToObject(Isolate* isolate) const);
                               ^~~~~~~~
/root/.cache/node-gyp/12.13.1/include/node/v8config.h:311:3: note: in definition of macro ‘V8_DEPRECATED’
   declarator __attribute__((deprecated(message)))
   ^~~~~~~~~~
/root/.cache/node-gyp/12.13.1/include/node/v8.h:2590:31: note:   candidate expects 1 argument, 0 provided
                 Local<Object> ToObject(Isolate* isolate) const);
                               ^~~~~~~~
/root/.cache/node-gyp/12.13.1/include/node/v8config.h:311:3: note: in definition of macro ‘V8_DEPRECATED’
   declarator __attribute__((deprecated(message)))
   ^~~~~~~~~~
../ext/bson.cc: In static member function ‘static void BSON::BSONSerialize(const v8::FunctionCallbackInfo<v8::Value>&)’:
../ext/bson.cc:860:74: error: no matching function for call to ‘v8::Value::BooleanValue()’
  bool serializeFunctions = (args.Length() >= 4) && args[3]->BooleanValue();
                                                                          ^
In file included from ../ext/bson.cc:14:
/root/.cache/node-gyp/12.13.1/include/node/v8.h:2603:8: note: candidate: ‘bool v8::Value::BooleanValue(v8::Isolate*) const’
   bool BooleanValue(Isolate* isolate) const;
        ^~~~~~~~~~~~
/root/.cache/node-gyp/12.13.1/include/node/v8.h:2603:8: note:   candidate expects 1 argument, 0 provided
In file included from /root/.cache/node-gyp/12.13.1/include/node/v8-internal.h:14,
                 from /root/.cache/node-gyp/12.13.1/include/node/v8.h:25,
                 from ../ext/bson.cc:14:
/root/.cache/node-gyp/12.13.1/include/node/v8.h:2606:51: note: candidate: ‘v8::Maybe<bool> v8::Value::BooleanValue(v8::Local<v8::Context>) const’
                 V8_WARN_UNUSED_RESULT Maybe<bool> BooleanValue(
                                                   ^~~~~~~~~~~~
/root/.cache/node-gyp/12.13.1/include/node/v8config.h:311:3: note: in definition of macro ‘V8_DEPRECATED’
   declarator __attribute__((deprecated(message)))
   ^~~~~~~~~~
/root/.cache/node-gyp/12.13.1/include/node/v8.h:2606:51: note:   candidate expects 1 argument, 0 provided
                 V8_WARN_UNUSED_RESULT Maybe<bool> BooleanValue(
                                                   ^~~~~~~~~~~~
/root/.cache/node-gyp/12.13.1/include/node/v8config.h:311:3: note: in definition of macro ‘V8_DEPRECATED’
   declarator __attribute__((deprecated(message)))
   ^~~~~~~~~~
../ext/bson.cc:866:58: error: no matching function for call to ‘BSON::GetSerializeObject(v8::Local<v8::Value>)’
   Local<Object> object = bson->GetSerializeObject(args[0]);
                                                          ^
../ext/bson.cc:824:15: note: candidate: ‘v8::Local<v8::Object> BSON::GetSerializeObject(int)’
 Local<Object> BSON::GetSerializeObject(const Handle<Value>& argValue)
               ^~~~
../ext/bson.cc:824:15: note:   no known conversion for argument 1 from ‘v8::Local<v8::Value>’ to ‘int’
../ext/bson.cc:869:35: error: no matching function for call to ‘BSONSerializer<CountStream>::SerializeDocument(v8::Local<v8::Object>&)’
   counter.SerializeDocument(object);
                                   ^
../ext/bson.cc:91:27: note: candidate: ‘void BSONSerializer<T>::SerializeDocument(int) [with T = CountStream]’
 template<typename T> void BSONSerializer<T>::SerializeDocument(const Handle<Value>& value)
                           ^~~~~~~~~~~~~~~~~
../ext/bson.cc:91:27: note:   no known conversion for argument 1 from ‘v8::Local<v8::Object>’ to ‘int’
../ext/bson.cc:876:88: error: no matching function for call to ‘v8::Value::BooleanValue()’
   bool checkKeys = args.Length() >= 3 && args[1]->IsBoolean() && args[1]->BooleanValue();
                                                                                        ^
In file included from ../ext/bson.cc:14:
/root/.cache/node-gyp/12.13.1/include/node/v8.h:2603:8: note: candidate: ‘bool v8::Value::BooleanValue(v8::Isolate*) const’
   bool BooleanValue(Isolate* isolate) const;
        ^~~~~~~~~~~~
/root/.cache/node-gyp/12.13.1/include/node/v8.h:2603:8: note:   candidate expects 1 argument, 0 provided
In file included from /root/.cache/node-gyp/12.13.1/include/node/v8-internal.h:14,
                 from /root/.cache/node-gyp/12.13.1/include/node/v8.h:25,
                 from ../ext/bson.cc:14:
/root/.cache/node-gyp/12.13.1/include/node/v8.h:2606:51: note: candidate: ‘v8::Maybe<bool> v8::Value::BooleanValue(v8::Local<v8::Context>) const’
                 V8_WARN_UNUSED_RESULT Maybe<bool> BooleanValue(
                                                   ^~~~~~~~~~~~
/root/.cache/node-gyp/12.13.1/include/node/v8config.h:311:3: note: in definition of macro ‘V8_DEPRECATED’
   declarator __attribute__((deprecated(message)))
   ^~~~~~~~~~
/root/.cache/node-gyp/12.13.1/include/node/v8.h:2606:51: note:   candidate expects 1 argument, 0 provided
                 V8_WARN_UNUSED_RESULT Maybe<bool> BooleanValue(
                                                   ^~~~~~~~~~~~
/root/.cache/node-gyp/12.13.1/include/node/v8config.h:311:3: note: in definition of macro ‘V8_DEPRECATED’
   declarator __attribute__((deprecated(message)))
   ^~~~~~~~~~
../ext/bson.cc:878:32: error: no matching function for call to ‘BSONSerializer<DataStream>::SerializeDocument(v8::Local<v8::Object>&)’
   data.SerializeDocument(object);
                                ^
../ext/bson.cc:91:27: note: candidate: ‘void BSONSerializer<T>::SerializeDocument(int) [with T = DataStream]’
 template<typename T> void BSONSerializer<T>::SerializeDocument(const Handle<Value>& value)
                           ^~~~~~~~~~~~~~~~~
../ext/bson.cc:91:27: note:   no known conversion for argument 1 from ‘v8::Local<v8::Object>’ to ‘int’
../ext/bson.cc:885:29: error: no matching function for call to ‘NanThrowError(v8::Local<v8::String>&)’
   return NanThrowError(error);
                             ^
In file included from ../ext/bson.h:17,
                 from ../ext/bson.cc:35:
../../../../nan/nan.h:716:19: note: candidate: ‘void NanThrowError(const char*)’
   NAN_INLINE void NanThrowError(const char* errmsg) {
                   ^~~~~~~~~~~~~
../../../../nan/nan.h:716:19: note:   no known conversion for argument 1 from ‘v8::Local<v8::String>’ to ‘const char*’
../../../../nan/nan.h:735:19: note: candidate: ‘void NanThrowError(const char*, int)’
   NAN_INLINE void NanThrowError(
                   ^~~~~~~~~~~~~
../../../../nan/nan.h:735:19: note:   candidate expects 2 arguments, 1 provided
../ext/bson.cc:885:29: error: return-statement with a value, in function returning ‘void’ [-fpermissive]
   return NanThrowError(error);
                             ^
../ext/bson.cc:897:73: error: no matching function for call to ‘Encode(char*&, size_t&, node::encoding)’
   Local<Value> bin_value = Encode(serialized_object, object_size, BINARY)->ToString();
                                                                         ^
In file included from ../ext/bson.cc:22:
/root/.cache/node-gyp/12.13.1/include/node/node.h:471:34: note: candidate: ‘v8::Local<v8::Value> node::Encode(v8::Isolate*, const char*, size_t, node::encoding)’
 NODE_EXTERN v8::Local<v8::Value> Encode(v8::Isolate* isolate,
                                  ^~~~~~
/root/.cache/node-gyp/12.13.1/include/node/node.h:471:34: note:   no known conversion for argument 1 from ‘char*’ to ‘v8::Isolate*’
/root/.cache/node-gyp/12.13.1/include/node/node.h:478:34: note: candidate: ‘v8::Local<v8::Value> node::Encode(v8::Isolate*, const uint16_t*, size_t)’
 NODE_EXTERN v8::Local<v8::Value> Encode(v8::Isolate* isolate,
                                  ^~~~~~
/root/.cache/node-gyp/12.13.1/include/node/node.h:478:34: note:   no known conversion for argument 1 from ‘char*’ to ‘v8::Isolate*’
../ext/bson.cc: In static member function ‘static void BSON::CalculateObjectSize(const v8::FunctionCallbackInfo<v8::Value>&)’:
../ext/bson.cc:913:74: error: no matching function for call to ‘v8::Value::BooleanValue()’
  bool serializeFunctions = (args.Length() >= 2) && args[1]->BooleanValue();
                                                                          ^
In file included from ../ext/bson.cc:14:
/root/.cache/node-gyp/12.13.1/include/node/v8.h:2603:8: note: candidate: ‘bool v8::Value::BooleanValue(v8::Isolate*) const’
   bool BooleanValue(Isolate* isolate) const;
        ^~~~~~~~~~~~
/root/.cache/node-gyp/12.13.1/include/node/v8.h:2603:8: note:   candidate expects 1 argument, 0 provided
In file included from /root/.cache/node-gyp/12.13.1/include/node/v8-internal.h:14,
                 from /root/.cache/node-gyp/12.13.1/include/node/v8.h:25,
                 from ../ext/bson.cc:14:
/root/.cache/node-gyp/12.13.1/include/node/v8.h:2606:51: note: candidate: ‘v8::Maybe<bool> v8::Value::BooleanValue(v8::Local<v8::Context>) const’
                 V8_WARN_UNUSED_RESULT Maybe<bool> BooleanValue(
                                                   ^~~~~~~~~~~~
/root/.cache/node-gyp/12.13.1/include/node/v8config.h:311:3: note: in definition of macro ‘V8_DEPRECATED’
   declarator __attribute__((deprecated(message)))
   ^~~~~~~~~~
/root/.cache/node-gyp/12.13.1/include/node/v8.h:2606:51: note:   candidate expects 1 argument, 0 provided
                 V8_WARN_UNUSED_RESULT Maybe<bool> BooleanValue(
                                                   ^~~~~~~~~~~~
/root/.cache/node-gyp/12.13.1/include/node/v8config.h:311:3: note: in definition of macro ‘V8_DEPRECATED’
   declarator __attribute__((deprecated(message)))
   ^~~~~~~~~~
../ext/bson.cc:915:43: error: no matching function for call to ‘BSONSerializer<CountStream>::SerializeDocument(v8::Local<v8::Value>)’
  countSerializer.SerializeDocument(args[0]);
                                           ^
../ext/bson.cc:91:27: note: candidate: ‘void BSONSerializer<T>::SerializeDocument(int) [with T = CountStream]’
 template<typename T> void BSONSerializer<T>::SerializeDocument(const Handle<Value>& value)
                           ^~~~~~~~~~~~~~~~~
../ext/bson.cc:91:27: note:   no known conversion for argument 1 from ‘v8::Local<v8::Value>’ to ‘int’
../ext/bson.cc: In static member function ‘static void BSON::SerializeWithBufferAndIndex(const v8::FunctionCallbackInfo<v8::Value>&)’:
../ext/bson.cc:938:41: error: no matching function for call to ‘v8::Value::ToObject()’
   Local<Object> obj = args[2]->ToObject();
                                         ^
In file included from ../ext/bson.cc:14:
/root/.cache/node-gyp/12.13.1/include/node/v8.h:2576:44: note: candidate: ‘v8::MaybeLocal<v8::Object> v8::Value::ToObject(v8::Local<v8::Context>) const’
   V8_WARN_UNUSED_RESULT MaybeLocal<Object> ToObject(
                                            ^~~~~~~~
/root/.cache/node-gyp/12.13.1/include/node/v8.h:2576:44: note:   candidate expects 1 argument, 0 provided
In file included from /root/.cache/node-gyp/12.13.1/include/node/v8-internal.h:14,
                 from /root/.cache/node-gyp/12.13.1/include/node/v8.h:25,
                 from ../ext/bson.cc:14:
/root/.cache/node-gyp/12.13.1/include/node/v8.h:2590:31: note: candidate: ‘v8::Local<v8::Object> v8::Value::ToObject(v8::Isolate*) const’
                 Local<Object> ToObject(Isolate* isolate) const);
                               ^~~~~~~~
/root/.cache/node-gyp/12.13.1/include/node/v8config.h:311:3: note: in definition of macro ‘V8_DEPRECATED’
   declarator __attribute__((deprecated(message)))
   ^~~~~~~~~~
/root/.cache/node-gyp/12.13.1/include/node/v8.h:2590:31: note:   candidate expects 1 argument, 0 provided
                 Local<Object> ToObject(Isolate* isolate) const);
                               ^~~~~~~~
/root/.cache/node-gyp/12.13.1/include/node/v8config.h:311:3: note: in definition of macro ‘V8_DEPRECATED’
   declarator __attribute__((deprecated(message)))
   ^~~~~~~~~~
../ext/bson.cc:942:32: error: no matching function for call to ‘v8::Value::Uint32Value()’
   index = args[3]->Uint32Value();
                                ^
In file included from ../ext/bson.cc:14:
/root/.cache/node-gyp/12.13.1/include/node/v8.h:2611:41: note: candidate: ‘v8::Maybe<unsigned int> v8::Value::Uint32Value(v8::Local<v8::Context>) const’
   V8_WARN_UNUSED_RESULT Maybe<uint32_t> Uint32Value(
                                         ^~~~~~~~~~~
/root/.cache/node-gyp/12.13.1/include/node/v8.h:2611:41: note:   candidate expects 1 argument, 0 provided
../ext/bson.cc:943:88: error: no matching function for call to ‘v8::Value::BooleanValue()’
   bool checkKeys = args.Length() >= 4 && args[1]->IsBoolean() && args[1]->BooleanValue();
                                                                                        ^
In file included from ../ext/bson.cc:14:
/root/.cache/node-gyp/12.13.1/include/node/v8.h:2603:8: note: candidate: ‘bool v8::Value::BooleanValue(v8::Isolate*) const’
   bool BooleanValue(Isolate* isolate) const;
        ^~~~~~~~~~~~
/root/.cache/node-gyp/12.13.1/include/node/v8.h:2603:8: note:   candidate expects 1 argument, 0 provided
In file included from /root/.cache/node-gyp/12.13.1/include/node/v8-internal.h:14,
                 from /root/.cache/node-gyp/12.13.1/include/node/v8.h:25,
                 from ../ext/bson.cc:14:
/root/.cache/node-gyp/12.13.1/include/node/v8.h:2606:51: note: candidate: ‘v8::Maybe<bool> v8::Value::BooleanValue(v8::Local<v8::Context>) const’
                 V8_WARN_UNUSED_RESULT Maybe<bool> BooleanValue(
                                                   ^~~~~~~~~~~~
/root/.cache/node-gyp/12.13.1/include/node/v8config.h:311:3: note: in definition of macro ‘V8_DEPRECATED’
   declarator __attribute__((deprecated(message)))
   ^~~~~~~~~~
/root/.cache/node-gyp/12.13.1/include/node/v8.h:2606:51: note:   candidate expects 1 argument, 0 provided
                 V8_WARN_UNUSED_RESULT Maybe<bool> BooleanValue(
                                                   ^~~~~~~~~~~~
/root/.cache/node-gyp/12.13.1/include/node/v8config.h:311:3: note: in definition of macro ‘V8_DEPRECATED’
   declarator __attribute__((deprecated(message)))
   ^~~~~~~~~~
../ext/bson.cc:944:75: error: no matching function for call to ‘v8::Value::BooleanValue()’
   bool serializeFunctions = (args.Length() == 5) && args[4]->BooleanValue();
                                                                           ^
In file included from ../ext/bson.cc:14:
/root/.cache/node-gyp/12.13.1/include/node/v8.h:2603:8: note: candidate: ‘bool v8::Value::BooleanValue(v8::Isolate*) const’
   bool BooleanValue(Isolate* isolate) const;
        ^~~~~~~~~~~~
/root/.cache/node-gyp/12.13.1/include/node/v8.h:2603:8: note:   candidate expects 1 argument, 0 provided
In file included from /root/.cache/node-gyp/12.13.1/include/node/v8-internal.h:14,
                 from /root/.cache/node-gyp/12.13.1/include/node/v8.h:25,
                 from ../ext/bson.cc:14:
/root/.cache/node-gyp/12.13.1/include/node/v8.h:2606:51: note: candidate: ‘v8::Maybe<bool> v8::Value::BooleanValue(v8::Local<v8::Context>) const’
                 V8_WARN_UNUSED_RESULT Maybe<bool> BooleanValue(
                                                   ^~~~~~~~~~~~
/root/.cache/node-gyp/12.13.1/include/node/v8config.h:311:3: note: in definition of macro ‘V8_DEPRECATED’
   declarator __attribute__((deprecated(message)))
   ^~~~~~~~~~
/root/.cache/node-gyp/12.13.1/include/node/v8.h:2606:51: note:   candidate expects 1 argument, 0 provided
                 V8_WARN_UNUSED_RESULT Maybe<bool> BooleanValue(
                                                   ^~~~~~~~~~~~
/root/.cache/node-gyp/12.13.1/include/node/v8config.h:311:3: note: in definition of macro ‘V8_DEPRECATED’
   declarator __attribute__((deprecated(message)))
   ^~~~~~~~~~
../ext/bson.cc:947:68: error: no matching function for call to ‘BSON::GetSerializeObject(v8::Local<v8::Value>)’
   dataSerializer.SerializeDocument(bson->GetSerializeObject(args[0]));
                                                                    ^
../ext/bson.cc:824:15: note: candidate: ‘v8::Local<v8::Object> BSON::GetSerializeObject(int)’
 Local<Object> BSON::GetSerializeObject(const Handle<Value>& argValue)
               ^~~~
../ext/bson.cc:824:15: note:   no known conversion for argument 1 from ‘v8::Local<v8::Value>’ to ‘int’
../ext/bson.cc:956:43: error: no matching function for call to ‘NanThrowError(v8::Local<v8::String>&)’
                 return NanThrowError(error);
                                           ^
In file included from ../ext/bson.h:17,
                 from ../ext/bson.cc:35:
../../../../nan/nan.h:716:19: note: candidate: ‘void NanThrowError(const char*)’
   NAN_INLINE void NanThrowError(const char* errmsg) {
                   ^~~~~~~~~~~~~
../../../../nan/nan.h:716:19: note:   no known conversion for argument 1 from ‘v8::Local<v8::String>’ to ‘const char*’
../../../../nan/nan.h:735:19: note: candidate: ‘void NanThrowError(const char*, int)’
   NAN_INLINE void NanThrowError(
                   ^~~~~~~~~~~~~
../../../../nan/nan.h:735:19: note:   candidate expects 2 arguments, 1 provided
../ext/bson.cc:956:43: error: return-statement with a value, in function returning ‘void’ [-fpermissive]
                 return NanThrowError(error);
                                           ^
../ext/bson.cc: In static member function ‘static void BSON::BSONDeserializeStream(const v8::FunctionCallbackInfo<v8::Value>&)’:
../ext/bson.cc:983:40: error: no matching function for call to ‘v8::Value::ToObject()’
  Local<Object> obj = args[0]->ToObject();
                                        ^
In file included from ../ext/bson.cc:14:
/root/.cache/node-gyp/12.13.1/include/node/v8.h:2576:44: note: candidate: ‘v8::MaybeLocal<v8::Object> v8::Value::ToObject(v8::Local<v8::Context>) const’
   V8_WARN_UNUSED_RESULT MaybeLocal<Object> ToObject(
                                            ^~~~~~~~
/root/.cache/node-gyp/12.13.1/include/node/v8.h:2576:44: note:   candidate expects 1 argument, 0 provided
In file included from /root/.cache/node-gyp/12.13.1/include/node/v8-internal.h:14,
                 from /root/.cache/node-gyp/12.13.1/include/node/v8.h:25,
                 from ../ext/bson.cc:14:
/root/.cache/node-gyp/12.13.1/include/node/v8.h:2590:31: note: candidate: ‘v8::Local<v8::Object> v8::Value::ToObject(v8::Isolate*) const’
                 Local<Object> ToObject(Isolate* isolate) const);
                               ^~~~~~~~
/root/.cache/node-gyp/12.13.1/include/node/v8config.h:311:3: note: in definition of macro ‘V8_DEPRECATED’
   declarator __attribute__((deprecated(message)))
   ^~~~~~~~~~
/root/.cache/node-gyp/12.13.1/include/node/v8.h:2590:31: note:   candidate expects 1 argument, 0 provided
                 Local<Object> ToObject(Isolate* isolate) const);
                               ^~~~~~~~
/root/.cache/node-gyp/12.13.1/include/node/v8config.h:311:3: note: in definition of macro ‘V8_DEPRECATED’
   declarator __attribute__((deprecated(message)))
   ^~~~~~~~~~
../ext/bson.cc:984:52: error: no matching function for call to ‘v8::Value::Uint32Value()’
  uint32_t numberOfDocuments = args[2]->Uint32Value();
                                                    ^
In file included from ../ext/bson.cc:14:
/root/.cache/node-gyp/12.13.1/include/node/v8.h:2611:41: note: candidate: ‘v8::Maybe<unsigned int> v8::Value::Uint32Value(v8::Local<v8::Context>) const’
   V8_WARN_UNUSED_RESULT Maybe<uint32_t> Uint32Value(
                                         ^~~~~~~~~~~
/root/.cache/node-gyp/12.13.1/include/node/v8.h:2611:41: note:   candidate expects 1 argument, 0 provided
../ext/bson.cc:985:40: error: no matching function for call to ‘v8::Value::Uint32Value()’
  uint32_t index = args[1]->Uint32Value();
                                        ^
In file included from ../ext/bson.cc:14:
/root/.cache/node-gyp/12.13.1/include/node/v8.h:2611:41: note: candidate: ‘v8::Maybe<unsigned int> v8::Value::Uint32Value(v8::Local<v8::Context>) const’
   V8_WARN_UNUSED_RESULT Maybe<uint32_t> Uint32Value(
                                         ^~~~~~~~~~~
/root/.cache/node-gyp/12.13.1/include/node/v8.h:2611:41: note:   candidate expects 1 argument, 0 provided
../ext/bson.cc:986:46: error: no matching function for call to ‘v8::Value::Uint32Value()’
  uint32_t resultIndex = args[4]->Uint32Value();
                                              ^
In file included from ../ext/bson.cc:14:
/root/.cache/node-gyp/12.13.1/include/node/v8.h:2611:41: note: candidate: ‘v8::Maybe<unsigned int> v8::Value::Uint32Value(v8::Local<v8::Context>) const’
   V8_WARN_UNUSED_RESULT Maybe<uint32_t> Uint32Value(
                                         ^~~~~~~~~~~
/root/.cache/node-gyp/12.13.1/include/node/v8.h:2611:41: note:   candidate expects 1 argument, 0 provided
../ext/bson.cc:991:45: error: no matching function for call to ‘v8::Value::ToObject()’
   Local<Object> options = args[5]->ToObject();
                                             ^
In file included from ../ext/bson.cc:14:
/root/.cache/node-gyp/12.13.1/include/node/v8.h:2576:44: note: candidate: ‘v8::MaybeLocal<v8::Object> v8::Value::ToObject(v8::Local<v8::Context>) const’
   V8_WARN_UNUSED_RESULT MaybeLocal<Object> ToObject(
                                            ^~~~~~~~
/root/.cache/node-gyp/12.13.1/include/node/v8.h:2576:44: note:   candidate expects 1 argument, 0 provided
In file included from /root/.cache/node-gyp/12.13.1/include/node/v8-internal.h:14,
                 from /root/.cache/node-gyp/12.13.1/include/node/v8.h:25,
                 from ../ext/bson.cc:14:
/root/.cache/node-gyp/12.13.1/include/node/v8.h:2590:31: note: candidate: ‘v8::Local<v8::Object> v8::Value::ToObject(v8::Isolate*) const’
                 Local<Object> ToObject(Isolate* isolate) const);
                               ^~~~~~~~
/root/.cache/node-gyp/12.13.1/include/node/v8config.h:311:3: note: in definition of macro ‘V8_DEPRECATED’
   declarator __attribute__((deprecated(message)))
   ^~~~~~~~~~
/root/.cache/node-gyp/12.13.1/include/node/v8.h:2590:31: note:   candidate expects 1 argument, 0 provided
                 Local<Object> ToObject(Isolate* isolate) const);
                               ^~~~~~~~
/root/.cache/node-gyp/12.13.1/include/node/v8config.h:311:3: note: in definition of macro ‘V8_DEPRECATED’
   declarator __attribute__((deprecated(message)))
   ^~~~~~~~~~
../ext/bson.cc:994:49: error: no matching function for call to ‘v8::Object::Has(v8::Local<v8::String>)’
   if(options->Has(NanNew<String>("promoteLongs"))) {
                                                 ^
In file included from ../ext/bson.cc:14:
/root/.cache/node-gyp/12.13.1/include/node/v8.h:3494:37: note: candidate: ‘v8::Maybe<bool> v8::Object::Has(v8::Local<v8::Context>, v8::Local<v8::Value>)’
   V8_WARN_UNUSED_RESULT Maybe<bool> Has(Local<Context> context,
                                     ^~~
/root/.cache/node-gyp/12.13.1/include/node/v8.h:3494:37: note:   candidate expects 2 arguments, 1 provided
/root/.cache/node-gyp/12.13.1/include/node/v8.h:3500:37: note: candidate: ‘v8::Maybe<bool> v8::Object::Has(v8::Local<v8::Context>, uint32_t)’
   V8_WARN_UNUSED_RESULT Maybe<bool> Has(Local<Context> context, uint32_t index);
                                     ^~~
/root/.cache/node-gyp/12.13.1/include/node/v8.h:3500:37: note:   candidate expects 2 arguments, 1 provided
../ext/bson.cc:995:62: warning: ‘v8::Local<v8::Value> v8::Object::Get(v8::Local<v8::Value>)’ is deprecated: Use maybe version [-Wdeprecated-declarations]
    promoteLongs = options->Get(NanNew<String>("promoteLongs"))->ToBoolean()->Value();
                                                              ^
In file included from /root/.cache/node-gyp/12.13.1/include/node/v8-internal.h:14,
                 from /root/.cache/node-gyp/12.13.1/include/node/v8.h:25,
                 from ../ext/bson.cc:14:
/root/.cache/node-gyp/12.13.1/include/node/v8.h:3457:51: note: declared here
   V8_DEPRECATED("Use maybe version", Local<Value> Get(Local<Value> key));
                                                   ^~~
/root/.cache/node-gyp/12.13.1/include/node/v8config.h:311:3: note: in definition of macro ‘V8_DEPRECATED’
   declarator __attribute__((deprecated(message)))
   ^~~~~~~~~~
../ext/bson.cc:995:75: error: no matching function for call to ‘v8::Value::ToBoolean()’
    promoteLongs = options->Get(NanNew<String>("promoteLongs"))->ToBoolean()->Value();
                                                                           ^
In file included from /root/.cache/node-gyp/12.13.1/include/node/v8-internal.h:14,
                 from /root/.cache/node-gyp/12.13.1/include/node/v8.h:25,
                 from ../ext/bson.cc:14:
/root/.cache/node-gyp/12.13.1/include/node/v8.h:2568:59: note: candidate: ‘v8::MaybeLocal<v8::Boolean> v8::Value::ToBoolean(v8::Local<v8::Context>) const’
                 V8_WARN_UNUSED_RESULT MaybeLocal<Boolean> ToBoolean(
                                                           ^~~~~~~~~
/root/.cache/node-gyp/12.13.1/include/node/v8config.h:311:3: note: in definition of macro ‘V8_DEPRECATED’
   declarator __attribute__((deprecated(message)))
   ^~~~~~~~~~
/root/.cache/node-gyp/12.13.1/include/node/v8.h:2568:59: note:   candidate expects 1 argument, 0 provided
                 V8_WARN_UNUSED_RESULT MaybeLocal<Boolean> ToBoolean(
                                                           ^~~~~~~~~
/root/.cache/node-gyp/12.13.1/include/node/v8config.h:311:3: note: in definition of macro ‘V8_DEPRECATED’
   declarator __attribute__((deprecated(message)))
   ^~~~~~~~~~
In file included from ../ext/bson.cc:14:
/root/.cache/node-gyp/12.13.1/include/node/v8.h:2584:18: note: candidate: ‘v8::Local<v8::Boolean> v8::Value::ToBoolean(v8::Isolate*) const’
   Local<Boolean> ToBoolean(Isolate* isolate) const;
                  ^~~~~~~~~
/root/.cache/node-gyp/12.13.1/include/node/v8.h:2584:18: note:   candidate expects 1 argument, 0 provided
../ext/bson.cc:1013:46: error: no matching function for call to ‘v8::Value::ToObject()’
  Local<Object> documents = args[3]->ToObject();
                                              ^
In file included from ../ext/bson.cc:14:
/root/.cache/node-gyp/12.13.1/include/node/v8.h:2576:44: note: candidate: ‘v8::MaybeLocal<v8::Object> v8::Value::ToObject(v8::Local<v8::Context>) const’
   V8_WARN_UNUSED_RESULT MaybeLocal<Object> ToObject(
                                            ^~~~~~~~
/root/.cache/node-gyp/12.13.1/include/node/v8.h:2576:44: note:   candidate expects 1 argument, 0 provided
In file included from /root/.cache/node-gyp/12.13.1/include/node/v8-internal.h:14,
                 from /root/.cache/node-gyp/12.13.1/include/node/v8.h:25,
                 from ../ext/bson.cc:14:
/root/.cache/node-gyp/12.13.1/include/node/v8.h:2590:31: note: candidate: ‘v8::Local<v8::Object> v8::Value::ToObject(v8::Isolate*) const’
                 Local<Object> ToObject(Isolate* isolate) const);
                               ^~~~~~~~
/root/.cache/node-gyp/12.13.1/include/node/v8config.h:311:3: note: in definition of macro ‘V8_DEPRECATED’
   declarator __attribute__((deprecated(message)))
   ^~~~~~~~~~
/root/.cache/node-gyp/12.13.1/include/node/v8.h:2590:31: note:   candidate expects 1 argument, 0 provided
                 Local<Object> ToObject(Isolate* isolate) const);
                               ^~~~~~~~
/root/.cache/node-gyp/12.13.1/include/node/v8config.h:311:3: note: in definition of macro ‘V8_DEPRECATED’
   declarator __attribute__((deprecated(message)))
   ^~~~~~~~~~
../ext/bson.cc:1020:49: error: ‘class BSONDeserializer’ has no member named ‘DeserializeDocument’
    documents->Set(i + resultIndex, deserializer.DeserializeDocument(promoteLongs));
                                                 ^~~~~~~~~~~~~~~~~~~
../ext/bson.cc:1026:30: error: no matching function for call to ‘NanThrowError(v8::Local<v8::String>&)’
    return NanThrowError(error);
                              ^
In file included from ../ext/bson.h:17,
                 from ../ext/bson.cc:35:
../../../../nan/nan.h:716:19: note: candidate: ‘void NanThrowError(const char*)’
   NAN_INLINE void NanThrowError(const char* errmsg) {
                   ^~~~~~~~~~~~~
../../../../nan/nan.h:716:19: note:   no known conversion for argument 1 from ‘v8::Local<v8::String>’ to ‘const char*’
../../../../nan/nan.h:735:19: note: candidate: ‘void NanThrowError(const char*, int)’
   NAN_INLINE void NanThrowError(
                   ^~~~~~~~~~~~~
../../../../nan/nan.h:735:19: note:   candidate expects 2 arguments, 1 provided
../ext/bson.cc:1026:30: error: return-statement with a value, in function returning ‘void’ [-fpermissive]
    return NanThrowError(error);
                              ^
../ext/bson.cc: At global scope:
../ext/bson.cc:1035:22: error: variable or field ‘init’ declared void
 extern "C" void init(Handle<Object> target)
                      ^~~~~~
../ext/bson.cc:1035:22: error: ‘Handle’ was not declared in this scope
../ext/bson.cc:1035:22: note: suggested alternative: ‘daddl’
 extern "C" void init(Handle<Object> target)
                      ^~~~~~
                      daddl
../ext/bson.cc:1035:35: error: expected primary-expression before ‘>’ token
 extern "C" void init(Handle<Object> target)
                                   ^
../ext/bson.cc:1035:37: error: ‘target’ was not declared in this scope
 extern "C" void init(Handle<Object> target)
                                     ^~~~~~
../ext/bson.cc:1035:37: note: suggested alternative: ‘tzset’
 extern "C" void init(Handle<Object> target)
                                     ^~~~~~
                                     tzset
In file included from ../ext/bson.cc:22:
/root/.cache/node-gyp/12.13.1/include/node/node.h:566:43: warning: cast between incompatible function types from ‘void (*)(int)’ to ‘node::addon_register_func’ {aka ‘void (*)(v8::Local<v8::Object>, v8::Local<v8::Value>, void*)’} [-Wcast-function-type]
       (node::addon_register_func) (regfunc),                          \
                                           ^
/root/.cache/node-gyp/12.13.1/include/node/node.h:600:3: note: in expansion of macro ‘NODE_MODULE_X’
   NODE_MODULE_X(modname, regfunc, NULL, 0)  // NOLINT (readability/null_usage)
   ^~~~~~~~~~~~~
../ext/bson.cc:1041:1: note: in expansion of macro ‘NODE_MODULE’
 NODE_MODULE(bson, BSON::Initialize);
 ^~~~~~~~~~~
In file included from ../ext/bson.cc:14:
/root/.cache/node-gyp/12.13.1/include/node/v8.h: In instantiation of ‘void v8::PersistentBase<T>::SetWeak(P*, typename v8::WeakCallbackInfo<P>::Callback, v8::WeakCallbackType) [with P = node::ObjectWrap; T = v8::Object; typename v8::WeakCallbackInfo<P>::Callback = void (*)(const v8::WeakCallbackInfo<node::ObjectWrap>&)]’:
/root/.cache/node-gyp/12.13.1/include/node/node_object_wrap.h:84:78:   required from here
/root/.cache/node-gyp/12.13.1/include/node/v8.h:10004:16: warning: cast between incompatible function types from ‘v8::WeakCallbackInfo<node::ObjectWrap>::Callback’ {aka ‘void (*)(const v8::WeakCallbackInfo<node::ObjectWrap>&)’} to ‘Callback’ {aka ‘void (*)(const v8::WeakCallbackInfo<void>&)’} [-Wcast-function-type]
                reinterpret_cast<Callback>(callback), type);
                ^~~~~~~~~~~~~~~~~~~~~~~~~~~~~~~~~~~~
In file included from ../ext/bson.h:17,
                 from ../ext/bson.cc:35:
../../../../nan/nan.h:1714:13: warning: ‘_NanGetExternalParts’ defined but not used [-Wunused-variable]
 static bool _NanGetExternalParts(
             ^~~~~~~~~~~~~~~~~~~~
make: *** [bson.target.mk:107: Release/obj.target/bson/ext/bson.o] Error 1
gyp ERR! build error 
gyp ERR! stack Error: `make` failed with exit code: 2
gyp ERR! stack     at ChildProcess.onExit (/root/.nvm/versions/node/v12.13.1/lib/node_modules/npm/node_modules/node-gyp/lib/build.js:194:23)
gyp ERR! stack     at ChildProcess.emit (events.js:210:5)
gyp ERR! stack     at Process.ChildProcess._handle.onexit (internal/child_process.js:272:12)
gyp ERR! System Linux 5.2.0-kali2-amd64
gyp ERR! command "/root/.nvm/versions/node/v12.13.1/bin/node" "/root/.nvm/versions/node/v12.13.1/lib/node_modules/npm/node_modules/node-gyp/bin/node-gyp.js" "rebuild"
gyp ERR! cwd /root/nodepro/node-login-advance/node_modules/mongoo/node_modules/bson
gyp ERR! node -v v12.13.1
gyp ERR! node-gyp -v v5.0.7
gyp ERR! not ok 
